437508 reads; of these:
  437508 (100.00%) were paired; of these:
    107378 (24.54%) aligned concordantly 0 times
    329674 (75.35%) aligned concordantly exactly 1 time
    456 (0.10%) aligned concordantly >1 times
    ----
    107378 pairs aligned concordantly 0 times; of these:
      26188 (24.39%) aligned discordantly 1 time
    ----
    81190 pairs aligned 0 times concordantly or discordantly; of these:
      162380 mates make up the pairs; of these:
        162255 (99.92%) aligned 0 times
        76 (0.05%) aligned exactly 1 time
        49 (0.03%) aligned >1 times
81.46% overall alignment rate
200000 reads; of these:
  200000 (100.00%) were paired; of these:
    179658 (89.83%) aligned concordantly 0 times
    20316 (10.16%) aligned concordantly exactly 1 time
    26 (0.01%) aligned concordantly >1 times
    ----
    179658 pairs aligned concordantly 0 times; of these:
      176380 (98.18%) aligned discordantly 1 time
    ----
    3278 pairs aligned 0 times concordantly or discordantly; of these:
      6556 mates make up the pairs; of these:
        2783 (42.45%) aligned 0 times
        3277 (49.98%) aligned exactly 1 time
        496 (7.57%) aligned >1 times
99.30% overall alignment rate
