438023 reads; of these:
  438023 (100.00%) were paired; of these:
    9416 (2.15%) aligned concordantly 0 times
    428291 (97.78%) aligned concordantly exactly 1 time
    316 (0.07%) aligned concordantly >1 times
    ----
    9416 pairs aligned concordantly 0 times; of these:
      8821 (93.68%) aligned discordantly 1 time
    ----
    595 pairs aligned 0 times concordantly or discordantly; of these:
      1190 mates make up the pairs; of these:
        1158 (97.31%) aligned 0 times
        27 (2.27%) aligned exactly 1 time
        5 (0.42%) aligned >1 times
99.87% overall alignment rate
200000 reads; of these:
  200000 (100.00%) were paired; of these:
    175469 (87.73%) aligned concordantly 0 times
    24525 (12.26%) aligned concordantly exactly 1 time
    6 (0.00%) aligned concordantly >1 times
    ----
    175469 pairs aligned concordantly 0 times; of these:
      172674 (98.41%) aligned discordantly 1 time
    ----
    2795 pairs aligned 0 times concordantly or discordantly; of these:
      5590 mates make up the pairs; of these:
        2544 (45.51%) aligned 0 times
        2794 (49.98%) aligned exactly 1 time
        252 (4.51%) aligned >1 times
99.36% overall alignment rate
