492289 reads; of these:
  492289 (100.00%) were paired; of these:
    99921 (20.30%) aligned concordantly 0 times
    390219 (79.27%) aligned concordantly exactly 1 time
    2149 (0.44%) aligned concordantly >1 times
    ----
    99921 pairs aligned concordantly 0 times; of these:
      48880 (48.92%) aligned discordantly 1 time
    ----
    51041 pairs aligned 0 times concordantly or discordantly; of these:
      102082 mates make up the pairs; of these:
        101554 (99.48%) aligned 0 times
        271 (0.27%) aligned exactly 1 time
        257 (0.25%) aligned >1 times
89.69% overall alignment rate
200000 reads; of these:
  200000 (100.00%) were paired; of these:
    178490 (89.25%) aligned concordantly 0 times
    21210 (10.61%) aligned concordantly exactly 1 time
    300 (0.15%) aligned concordantly >1 times
    ----
    178490 pairs aligned concordantly 0 times; of these:
      174080 (97.53%) aligned discordantly 1 time
    ----
    4410 pairs aligned 0 times concordantly or discordantly; of these:
      8820 mates make up the pairs; of these:
        2718 (30.82%) aligned 0 times
        4313 (48.90%) aligned exactly 1 time
        1789 (20.28%) aligned >1 times
99.32% overall alignment rate
