501504 reads; of these:
  501504 (100.00%) were paired; of these:
    98723 (19.69%) aligned concordantly 0 times
    402602 (80.28%) aligned concordantly exactly 1 time
    179 (0.04%) aligned concordantly >1 times
    ----
    98723 pairs aligned concordantly 0 times; of these:
      11475 (11.62%) aligned discordantly 1 time
    ----
    87248 pairs aligned 0 times concordantly or discordantly; of these:
      174496 mates make up the pairs; of these:
        174471 (99.99%) aligned 0 times
        20 (0.01%) aligned exactly 1 time
        5 (0.00%) aligned >1 times
82.61% overall alignment rate
200000 reads; of these:
  200000 (100.00%) were paired; of these:
    176366 (88.18%) aligned concordantly 0 times
    23634 (11.82%) aligned concordantly exactly 1 time
    0 (0.00%) aligned concordantly >1 times
    ----
    176366 pairs aligned concordantly 0 times; of these:
      174371 (98.87%) aligned discordantly 1 time
    ----
    1995 pairs aligned 0 times concordantly or discordantly; of these:
      3990 mates make up the pairs; of these:
        1808 (45.31%) aligned 0 times
        1995 (50.00%) aligned exactly 1 time
        187 (4.69%) aligned >1 times
99.55% overall alignment rate
