877656 reads; of these:
  877656 (100.00%) were paired; of these:
    30737 (3.50%) aligned concordantly 0 times
    846732 (96.48%) aligned concordantly exactly 1 time
    187 (0.02%) aligned concordantly >1 times
    ----
    30737 pairs aligned concordantly 0 times; of these:
      30292 (98.55%) aligned discordantly 1 time
    ----
    445 pairs aligned 0 times concordantly or discordantly; of these:
      890 mates make up the pairs; of these:
        853 (95.84%) aligned 0 times
        33 (3.71%) aligned exactly 1 time
        4 (0.45%) aligned >1 times
99.95% overall alignment rate
200000 reads; of these:
  200000 (100.00%) were paired; of these:
    179332 (89.67%) aligned concordantly 0 times
    20665 (10.33%) aligned concordantly exactly 1 time
    3 (0.00%) aligned concordantly >1 times
    ----
    179332 pairs aligned concordantly 0 times; of these:
      175071 (97.62%) aligned discordantly 1 time
    ----
    4261 pairs aligned 0 times concordantly or discordantly; of these:
      8522 mates make up the pairs; of these:
        4188 (49.14%) aligned 0 times
        4261 (50.00%) aligned exactly 1 time
        73 (0.86%) aligned >1 times
98.95% overall alignment rate
