327568 reads; of these:
  327568 (100.00%) were paired; of these:
    22510 (6.87%) aligned concordantly 0 times
    304709 (93.02%) aligned concordantly exactly 1 time
    349 (0.11%) aligned concordantly >1 times
    ----
    22510 pairs aligned concordantly 0 times; of these:
      20235 (89.89%) aligned discordantly 1 time
    ----
    2275 pairs aligned 0 times concordantly or discordantly; of these:
      4550 mates make up the pairs; of these:
        4513 (99.19%) aligned 0 times
        25 (0.55%) aligned exactly 1 time
        12 (0.26%) aligned >1 times
99.31% overall alignment rate
200000 reads; of these:
  200000 (100.00%) were paired; of these:
    179041 (89.52%) aligned concordantly 0 times
    20932 (10.47%) aligned concordantly exactly 1 time
    27 (0.01%) aligned concordantly >1 times
    ----
    179041 pairs aligned concordantly 0 times; of these:
      176099 (98.36%) aligned discordantly 1 time
    ----
    2942 pairs aligned 0 times concordantly or discordantly; of these:
      5884 mates make up the pairs; of these:
        2548 (43.30%) aligned 0 times
        2942 (50.00%) aligned exactly 1 time
        394 (6.70%) aligned >1 times
99.36% overall alignment rate
