528520 reads; of these:
  528520 (100.00%) were paired; of these:
    37214 (7.04%) aligned concordantly 0 times
    490782 (92.86%) aligned concordantly exactly 1 time
    524 (0.10%) aligned concordantly >1 times
    ----
    37214 pairs aligned concordantly 0 times; of these:
      32774 (88.07%) aligned discordantly 1 time
    ----
    4440 pairs aligned 0 times concordantly or discordantly; of these:
      8880 mates make up the pairs; of these:
        8813 (99.25%) aligned 0 times
        51 (0.57%) aligned exactly 1 time
        16 (0.18%) aligned >1 times
99.17% overall alignment rate
200000 reads; of these:
  200000 (100.00%) were paired; of these:
    176892 (88.45%) aligned concordantly 0 times
    23104 (11.55%) aligned concordantly exactly 1 time
    4 (0.00%) aligned concordantly >1 times
    ----
    176892 pairs aligned concordantly 0 times; of these:
      173271 (97.95%) aligned discordantly 1 time
    ----
    3621 pairs aligned 0 times concordantly or discordantly; of these:
      7242 mates make up the pairs; of these:
        3207 (44.28%) aligned 0 times
        3621 (50.00%) aligned exactly 1 time
        414 (5.72%) aligned >1 times
99.20% overall alignment rate
