259075 reads; of these:
  259075 (100.00%) were paired; of these:
    9570 (3.69%) aligned concordantly 0 times
    249330 (96.24%) aligned concordantly exactly 1 time
    175 (0.07%) aligned concordantly >1 times
    ----
    9570 pairs aligned concordantly 0 times; of these:
      9387 (98.09%) aligned discordantly 1 time
    ----
    183 pairs aligned 0 times concordantly or discordantly; of these:
      366 mates make up the pairs; of these:
        349 (95.36%) aligned 0 times
        12 (3.28%) aligned exactly 1 time
        5 (1.37%) aligned >1 times
99.93% overall alignment rate
200000 reads; of these:
  200000 (100.00%) were paired; of these:
    171541 (85.77%) aligned concordantly 0 times
    28436 (14.22%) aligned concordantly exactly 1 time
    23 (0.01%) aligned concordantly >1 times
    ----
    171541 pairs aligned concordantly 0 times; of these:
      168993 (98.51%) aligned discordantly 1 time
    ----
    2548 pairs aligned 0 times concordantly or discordantly; of these:
      5096 mates make up the pairs; of these:
        2332 (45.76%) aligned 0 times
        2548 (50.00%) aligned exactly 1 time
        216 (4.24%) aligned >1 times
99.42% overall alignment rate
