507140 reads; of these:
  507140 (100.00%) were paired; of these:
    32656 (6.44%) aligned concordantly 0 times
    473615 (93.39%) aligned concordantly exactly 1 time
    869 (0.17%) aligned concordantly >1 times
    ----
    32656 pairs aligned concordantly 0 times; of these:
      19752 (60.49%) aligned discordantly 1 time
    ----
    12904 pairs aligned 0 times concordantly or discordantly; of these:
      25808 mates make up the pairs; of these:
        25760 (99.81%) aligned 0 times
        33 (0.13%) aligned exactly 1 time
        15 (0.06%) aligned >1 times
97.46% overall alignment rate
200000 reads; of these:
  200000 (100.00%) were paired; of these:
    177900 (88.95%) aligned concordantly 0 times
    22068 (11.03%) aligned concordantly exactly 1 time
    32 (0.02%) aligned concordantly >1 times
    ----
    177900 pairs aligned concordantly 0 times; of these:
      174682 (98.19%) aligned discordantly 1 time
    ----
    3218 pairs aligned 0 times concordantly or discordantly; of these:
      6436 mates make up the pairs; of these:
        2632 (40.89%) aligned 0 times
        3212 (49.91%) aligned exactly 1 time
        592 (9.20%) aligned >1 times
99.34% overall alignment rate
