571557 reads; of these:
  571557 (100.00%) were paired; of these:
    27228 (4.76%) aligned concordantly 0 times
    543420 (95.08%) aligned concordantly exactly 1 time
    909 (0.16%) aligned concordantly >1 times
    ----
    27228 pairs aligned concordantly 0 times; of these:
      12768 (46.89%) aligned discordantly 1 time
    ----
    14460 pairs aligned 0 times concordantly or discordantly; of these:
      28920 mates make up the pairs; of these:
        28899 (99.93%) aligned 0 times
        18 (0.06%) aligned exactly 1 time
        3 (0.01%) aligned >1 times
97.47% overall alignment rate
200000 reads; of these:
  200000 (100.00%) were paired; of these:
    174775 (87.39%) aligned concordantly 0 times
    25200 (12.60%) aligned concordantly exactly 1 time
    25 (0.01%) aligned concordantly >1 times
    ----
    174775 pairs aligned concordantly 0 times; of these:
      171994 (98.41%) aligned discordantly 1 time
    ----
    2781 pairs aligned 0 times concordantly or discordantly; of these:
      5562 mates make up the pairs; of these:
        2281 (41.01%) aligned 0 times
        2779 (49.96%) aligned exactly 1 time
        502 (9.03%) aligned >1 times
99.43% overall alignment rate
