411095 reads; of these:
  411095 (100.00%) were paired; of these:
    11430 (2.78%) aligned concordantly 0 times
    399192 (97.10%) aligned concordantly exactly 1 time
    473 (0.12%) aligned concordantly >1 times
    ----
    11430 pairs aligned concordantly 0 times; of these:
      11342 (99.23%) aligned discordantly 1 time
    ----
    88 pairs aligned 0 times concordantly or discordantly; of these:
      176 mates make up the pairs; of these:
        147 (83.52%) aligned 0 times
        22 (12.50%) aligned exactly 1 time
        7 (3.98%) aligned >1 times
99.98% overall alignment rate
200000 reads; of these:
  200000 (100.00%) were paired; of these:
    175970 (87.98%) aligned concordantly 0 times
    24017 (12.01%) aligned concordantly exactly 1 time
    13 (0.01%) aligned concordantly >1 times
    ----
    175970 pairs aligned concordantly 0 times; of these:
      173455 (98.57%) aligned discordantly 1 time
    ----
    2515 pairs aligned 0 times concordantly or discordantly; of these:
      5030 mates make up the pairs; of these:
        2081 (41.37%) aligned 0 times
        2513 (49.96%) aligned exactly 1 time
        436 (8.67%) aligned >1 times
99.48% overall alignment rate
