491603 reads; of these:
  491603 (100.00%) were paired; of these:
    19209 (3.91%) aligned concordantly 0 times
    471677 (95.95%) aligned concordantly exactly 1 time
    717 (0.15%) aligned concordantly >1 times
    ----
    19209 pairs aligned concordantly 0 times; of these:
      18717 (97.44%) aligned discordantly 1 time
    ----
    492 pairs aligned 0 times concordantly or discordantly; of these:
      984 mates make up the pairs; of these:
        948 (96.34%) aligned 0 times
        24 (2.44%) aligned exactly 1 time
        12 (1.22%) aligned >1 times
99.90% overall alignment rate
200000 reads; of these:
  200000 (100.00%) were paired; of these:
    176624 (88.31%) aligned concordantly 0 times
    23356 (11.68%) aligned concordantly exactly 1 time
    20 (0.01%) aligned concordantly >1 times
    ----
    176624 pairs aligned concordantly 0 times; of these:
      172526 (97.68%) aligned discordantly 1 time
    ----
    4098 pairs aligned 0 times concordantly or discordantly; of these:
      8196 mates make up the pairs; of these:
        3541 (43.20%) aligned 0 times
        4096 (49.98%) aligned exactly 1 time
        559 (6.82%) aligned >1 times
99.11% overall alignment rate
