621436 reads; of these:
  621436 (100.00%) were paired; of these:
    89194 (14.35%) aligned concordantly 0 times
    531829 (85.58%) aligned concordantly exactly 1 time
    413 (0.07%) aligned concordantly >1 times
    ----
    89194 pairs aligned concordantly 0 times; of these:
      19670 (22.05%) aligned discordantly 1 time
    ----
    69524 pairs aligned 0 times concordantly or discordantly; of these:
      139048 mates make up the pairs; of these:
        139031 (99.99%) aligned 0 times
        15 (0.01%) aligned exactly 1 time
        2 (0.00%) aligned >1 times
88.81% overall alignment rate
200000 reads; of these:
  200000 (100.00%) were paired; of these:
    176968 (88.48%) aligned concordantly 0 times
    23023 (11.51%) aligned concordantly exactly 1 time
    9 (0.00%) aligned concordantly >1 times
    ----
    176968 pairs aligned concordantly 0 times; of these:
      173424 (98.00%) aligned discordantly 1 time
    ----
    3544 pairs aligned 0 times concordantly or discordantly; of these:
      7088 mates make up the pairs; of these:
        3253 (45.89%) aligned 0 times
        3544 (50.00%) aligned exactly 1 time
        291 (4.11%) aligned >1 times
99.19% overall alignment rate
