461620 reads; of these:
  461620 (100.00%) were paired; of these:
    9281 (2.01%) aligned concordantly 0 times
    452053 (97.93%) aligned concordantly exactly 1 time
    286 (0.06%) aligned concordantly >1 times
    ----
    9281 pairs aligned concordantly 0 times; of these:
      9237 (99.53%) aligned discordantly 1 time
    ----
    44 pairs aligned 0 times concordantly or discordantly; of these:
      88 mates make up the pairs; of these:
        63 (71.59%) aligned 0 times
        21 (23.86%) aligned exactly 1 time
        4 (4.55%) aligned >1 times
99.99% overall alignment rate
200000 reads; of these:
  200000 (100.00%) were paired; of these:
    177572 (88.79%) aligned concordantly 0 times
    22418 (11.21%) aligned concordantly exactly 1 time
    10 (0.01%) aligned concordantly >1 times
    ----
    177572 pairs aligned concordantly 0 times; of these:
      175311 (98.73%) aligned discordantly 1 time
    ----
    2261 pairs aligned 0 times concordantly or discordantly; of these:
      4522 mates make up the pairs; of these:
        2048 (45.29%) aligned 0 times
        2261 (50.00%) aligned exactly 1 time
        213 (4.71%) aligned >1 times
99.49% overall alignment rate
