885457 reads; of these:
  885457 (100.00%) were paired; of these:
    39477 (4.46%) aligned concordantly 0 times
    845381 (95.47%) aligned concordantly exactly 1 time
    599 (0.07%) aligned concordantly >1 times
    ----
    39477 pairs aligned concordantly 0 times; of these:
      39269 (99.47%) aligned discordantly 1 time
    ----
    208 pairs aligned 0 times concordantly or discordantly; of these:
      416 mates make up the pairs; of these:
        370 (88.94%) aligned 0 times
        35 (8.41%) aligned exactly 1 time
        11 (2.64%) aligned >1 times
99.98% overall alignment rate
200000 reads; of these:
  200000 (100.00%) were paired; of these:
    177373 (88.69%) aligned concordantly 0 times
    22613 (11.31%) aligned concordantly exactly 1 time
    14 (0.01%) aligned concordantly >1 times
    ----
    177373 pairs aligned concordantly 0 times; of these:
      173847 (98.01%) aligned discordantly 1 time
    ----
    3526 pairs aligned 0 times concordantly or discordantly; of these:
      7052 mates make up the pairs; of these:
        3279 (46.50%) aligned 0 times
        3525 (49.99%) aligned exactly 1 time
        248 (3.52%) aligned >1 times
99.18% overall alignment rate
