285370 reads; of these:
  285370 (100.00%) were paired; of these:
    6151 (2.16%) aligned concordantly 0 times
    278843 (97.71%) aligned concordantly exactly 1 time
    376 (0.13%) aligned concordantly >1 times
    ----
    6151 pairs aligned concordantly 0 times; of these:
      6082 (98.88%) aligned discordantly 1 time
    ----
    69 pairs aligned 0 times concordantly or discordantly; of these:
      138 mates make up the pairs; of these:
        120 (86.96%) aligned 0 times
        13 (9.42%) aligned exactly 1 time
        5 (3.62%) aligned >1 times
99.98% overall alignment rate
200000 reads; of these:
  200000 (100.00%) were paired; of these:
    175380 (87.69%) aligned concordantly 0 times
    24604 (12.30%) aligned concordantly exactly 1 time
    16 (0.01%) aligned concordantly >1 times
    ----
    175380 pairs aligned concordantly 0 times; of these:
      173012 (98.65%) aligned discordantly 1 time
    ----
    2368 pairs aligned 0 times concordantly or discordantly; of these:
      4736 mates make up the pairs; of these:
        1914 (40.41%) aligned 0 times
        2365 (49.94%) aligned exactly 1 time
        457 (9.65%) aligned >1 times
99.52% overall alignment rate
