398794 reads; of these:
  398794 (100.00%) were paired; of these:
    10970 (2.75%) aligned concordantly 0 times
    387371 (97.14%) aligned concordantly exactly 1 time
    453 (0.11%) aligned concordantly >1 times
    ----
    10970 pairs aligned concordantly 0 times; of these:
      10815 (98.59%) aligned discordantly 1 time
    ----
    155 pairs aligned 0 times concordantly or discordantly; of these:
      310 mates make up the pairs; of these:
        265 (85.48%) aligned 0 times
        32 (10.32%) aligned exactly 1 time
        13 (4.19%) aligned >1 times
99.97% overall alignment rate
200000 reads; of these:
  200000 (100.00%) were paired; of these:
    177259 (88.63%) aligned concordantly 0 times
    22721 (11.36%) aligned concordantly exactly 1 time
    20 (0.01%) aligned concordantly >1 times
    ----
    177259 pairs aligned concordantly 0 times; of these:
      174517 (98.45%) aligned discordantly 1 time
    ----
    2742 pairs aligned 0 times concordantly or discordantly; of these:
      5484 mates make up the pairs; of these:
        2341 (42.69%) aligned 0 times
        2742 (50.00%) aligned exactly 1 time
        401 (7.31%) aligned >1 times
99.41% overall alignment rate
