452370 reads; of these:
  452370 (100.00%) were paired; of these:
    14101 (3.12%) aligned concordantly 0 times
    438002 (96.82%) aligned concordantly exactly 1 time
    267 (0.06%) aligned concordantly >1 times
    ----
    14101 pairs aligned concordantly 0 times; of these:
      13501 (95.74%) aligned discordantly 1 time
    ----
    600 pairs aligned 0 times concordantly or discordantly; of these:
      1200 mates make up the pairs; of these:
        1181 (98.42%) aligned 0 times
        18 (1.50%) aligned exactly 1 time
        1 (0.08%) aligned >1 times
99.87% overall alignment rate
200000 reads; of these:
  200000 (100.00%) were paired; of these:
    176416 (88.21%) aligned concordantly 0 times
    23578 (11.79%) aligned concordantly exactly 1 time
    6 (0.00%) aligned concordantly >1 times
    ----
    176416 pairs aligned concordantly 0 times; of these:
      173210 (98.18%) aligned discordantly 1 time
    ----
    3206 pairs aligned 0 times concordantly or discordantly; of these:
      6412 mates make up the pairs; of these:
        2988 (46.60%) aligned 0 times
        3206 (50.00%) aligned exactly 1 time
        218 (3.40%) aligned >1 times
99.25% overall alignment rate
