468453 reads; of these:
  468453 (100.00%) were paired; of these:
    13556 (2.89%) aligned concordantly 0 times
    454554 (97.03%) aligned concordantly exactly 1 time
    343 (0.07%) aligned concordantly >1 times
    ----
    13556 pairs aligned concordantly 0 times; of these:
      13310 (98.19%) aligned discordantly 1 time
    ----
    246 pairs aligned 0 times concordantly or discordantly; of these:
      492 mates make up the pairs; of these:
        471 (95.73%) aligned 0 times
        17 (3.46%) aligned exactly 1 time
        4 (0.81%) aligned >1 times
99.95% overall alignment rate
200000 reads; of these:
  200000 (100.00%) were paired; of these:
    175669 (87.83%) aligned concordantly 0 times
    24322 (12.16%) aligned concordantly exactly 1 time
    9 (0.00%) aligned concordantly >1 times
    ----
    175669 pairs aligned concordantly 0 times; of these:
      171936 (97.87%) aligned discordantly 1 time
    ----
    3733 pairs aligned 0 times concordantly or discordantly; of these:
      7466 mates make up the pairs; of these:
        3481 (46.62%) aligned 0 times
        3733 (50.00%) aligned exactly 1 time
        252 (3.38%) aligned >1 times
99.13% overall alignment rate
