167831 reads; of these:
  167831 (100.00%) were paired; of these:
    42544 (25.35%) aligned concordantly 0 times
    125119 (74.55%) aligned concordantly exactly 1 time
    168 (0.10%) aligned concordantly >1 times
    ----
    42544 pairs aligned concordantly 0 times; of these:
      42149 (99.07%) aligned discordantly 1 time
    ----
    395 pairs aligned 0 times concordantly or discordantly; of these:
      790 mates make up the pairs; of these:
        648 (82.03%) aligned 0 times
        82 (10.38%) aligned exactly 1 time
        60 (7.59%) aligned >1 times
99.81% overall alignment rate
167507 reads; of these:
  167507 (100.00%) were paired; of these:
    148417 (88.60%) aligned concordantly 0 times
    19076 (11.39%) aligned concordantly exactly 1 time
    14 (0.01%) aligned concordantly >1 times
    ----
    148417 pairs aligned concordantly 0 times; of these:
      145415 (97.98%) aligned discordantly 1 time
    ----
    3002 pairs aligned 0 times concordantly or discordantly; of these:
      6004 mates make up the pairs; of these:
        2500 (41.64%) aligned 0 times
        3001 (49.98%) aligned exactly 1 time
        503 (8.38%) aligned >1 times
99.25% overall alignment rate
