618864 reads; of these:
  618864 (100.00%) were paired; of these:
    21741 (3.51%) aligned concordantly 0 times
    596150 (96.33%) aligned concordantly exactly 1 time
    973 (0.16%) aligned concordantly >1 times
    ----
    21741 pairs aligned concordantly 0 times; of these:
      20153 (92.70%) aligned discordantly 1 time
    ----
    1588 pairs aligned 0 times concordantly or discordantly; of these:
      3176 mates make up the pairs; of these:
        3128 (98.49%) aligned 0 times
        35 (1.10%) aligned exactly 1 time
        13 (0.41%) aligned >1 times
99.75% overall alignment rate
200000 reads; of these:
  200000 (100.00%) were paired; of these:
    177758 (88.88%) aligned concordantly 0 times
    22227 (11.11%) aligned concordantly exactly 1 time
    15 (0.01%) aligned concordantly >1 times
    ----
    177758 pairs aligned concordantly 0 times; of these:
      173764 (97.75%) aligned discordantly 1 time
    ----
    3994 pairs aligned 0 times concordantly or discordantly; of these:
      7988 mates make up the pairs; of these:
        3372 (42.21%) aligned 0 times
        3991 (49.96%) aligned exactly 1 time
        625 (7.82%) aligned >1 times
99.16% overall alignment rate
