611792 reads; of these:
  611792 (100.00%) were paired; of these:
    38392 (6.28%) aligned concordantly 0 times
    572322 (93.55%) aligned concordantly exactly 1 time
    1078 (0.18%) aligned concordantly >1 times
    ----
    38392 pairs aligned concordantly 0 times; of these:
      38210 (99.53%) aligned discordantly 1 time
    ----
    182 pairs aligned 0 times concordantly or discordantly; of these:
      364 mates make up the pairs; of these:
        256 (70.33%) aligned 0 times
        72 (19.78%) aligned exactly 1 time
        36 (9.89%) aligned >1 times
99.98% overall alignment rate
200000 reads; of these:
  200000 (100.00%) were paired; of these:
    177602 (88.80%) aligned concordantly 0 times
    22378 (11.19%) aligned concordantly exactly 1 time
    20 (0.01%) aligned concordantly >1 times
    ----
    177602 pairs aligned concordantly 0 times; of these:
      173254 (97.55%) aligned discordantly 1 time
    ----
    4348 pairs aligned 0 times concordantly or discordantly; of these:
      8696 mates make up the pairs; of these:
        3588 (41.26%) aligned 0 times
        4344 (49.95%) aligned exactly 1 time
        764 (8.79%) aligned >1 times
99.10% overall alignment rate
