739019 reads; of these:
  739019 (100.00%) were paired; of these:
    36419 (4.93%) aligned concordantly 0 times
    700724 (94.82%) aligned concordantly exactly 1 time
    1876 (0.25%) aligned concordantly >1 times
    ----
    36419 pairs aligned concordantly 0 times; of these:
      36303 (99.68%) aligned discordantly 1 time
    ----
    116 pairs aligned 0 times concordantly or discordantly; of these:
      232 mates make up the pairs; of these:
        136 (58.62%) aligned 0 times
        64 (27.59%) aligned exactly 1 time
        32 (13.79%) aligned >1 times
99.99% overall alignment rate
200000 reads; of these:
  200000 (100.00%) were paired; of these:
    178662 (89.33%) aligned concordantly 0 times
    21316 (10.66%) aligned concordantly exactly 1 time
    22 (0.01%) aligned concordantly >1 times
    ----
    178662 pairs aligned concordantly 0 times; of these:
      175295 (98.12%) aligned discordantly 1 time
    ----
    3367 pairs aligned 0 times concordantly or discordantly; of these:
      6734 mates make up the pairs; of these:
        2275 (33.78%) aligned 0 times
        3363 (49.94%) aligned exactly 1 time
        1096 (16.28%) aligned >1 times
99.43% overall alignment rate
