264123 reads; of these:
  264123 (100.00%) were paired; of these:
    107227 (40.60%) aligned concordantly 0 times
    156687 (59.32%) aligned concordantly exactly 1 time
    209 (0.08%) aligned concordantly >1 times
    ----
    107227 pairs aligned concordantly 0 times; of these:
      48365 (45.11%) aligned discordantly 1 time
    ----
    58862 pairs aligned 0 times concordantly or discordantly; of these:
      117724 mates make up the pairs; of these:
        117626 (99.92%) aligned 0 times
        63 (0.05%) aligned exactly 1 time
        35 (0.03%) aligned >1 times
77.73% overall alignment rate
200000 reads; of these:
  200000 (100.00%) were paired; of these:
    177189 (88.59%) aligned concordantly 0 times
    22799 (11.40%) aligned concordantly exactly 1 time
    12 (0.01%) aligned concordantly >1 times
    ----
    177189 pairs aligned concordantly 0 times; of these:
      173638 (98.00%) aligned discordantly 1 time
    ----
    3551 pairs aligned 0 times concordantly or discordantly; of these:
      7102 mates make up the pairs; of these:
        3092 (43.54%) aligned 0 times
        3549 (49.97%) aligned exactly 1 time
        461 (6.49%) aligned >1 times
99.23% overall alignment rate
