374282 reads; of these:
  374282 (100.00%) were paired; of these:
    15988 (4.27%) aligned concordantly 0 times
    357574 (95.54%) aligned concordantly exactly 1 time
    720 (0.19%) aligned concordantly >1 times
    ----
    15988 pairs aligned concordantly 0 times; of these:
      15898 (99.44%) aligned discordantly 1 time
    ----
    90 pairs aligned 0 times concordantly or discordantly; of these:
      180 mates make up the pairs; of these:
        141 (78.33%) aligned 0 times
        26 (14.44%) aligned exactly 1 time
        13 (7.22%) aligned >1 times
99.98% overall alignment rate
200000 reads; of these:
  200000 (100.00%) were paired; of these:
    177648 (88.82%) aligned concordantly 0 times
    22337 (11.17%) aligned concordantly exactly 1 time
    15 (0.01%) aligned concordantly >1 times
    ----
    177648 pairs aligned concordantly 0 times; of these:
      174621 (98.30%) aligned discordantly 1 time
    ----
    3027 pairs aligned 0 times concordantly or discordantly; of these:
      6054 mates make up the pairs; of these:
        2305 (38.07%) aligned 0 times
        3024 (49.95%) aligned exactly 1 time
        725 (11.98%) aligned >1 times
99.42% overall alignment rate
