***********
Beginning run at Mon, 12 Aug 2019 05:37:42 PM
Beginning run at Mon, 12 Aug 2019 05:37:42 PM
***********
Processing samples for reference sequence GD3_ferret23_day3
***********
Started quality trimming
GD3_ferret23_day3_rep2
-----------
GD3_ferret23_day3_rep1
-----------
***********
Trimmomatic
***********
17:37:44	TrimmomaticPE: Started with arguments:
17:37:44	 GD3_ferret23_day3_rep1_R1.fastq.gz GD3_ferret23_day3_rep1_R2.fastq.gz -baseout /output/GD3_ferret23_day3_rep1_trimmed.fastq.gz SLIDINGWINDOW:5:30 MINLEN:100
17:37:44	Multiple cores found: Using 2 threads
17:37:44	Using templated Output files: /output/GD3_ferret23_day3_rep1_trimmed_1P.fastq.gz /output/GD3_ferret23_day3_rep1_trimmed_1U.fastq.gz /output/GD3_ferret23_day3_rep1_trimmed_2P.fastq.gz /output/GD3_ferret23_day3_rep1_trimmed_2U.fastq.gz
17:37:45	Quality encoding detected as phred33
17:40:18	Input Read Pairs: 1055290 Both Surviving: 502880 (47.65%) Forward Only Surviving: 142135 (13.47%) Reverse Only Surviving: 25057 (2.37%) Dropped: 385218 (36.50%)
17:40:18	TrimmomaticPE: Completed successfully
17:37:44	TrimmomaticPE: Started with arguments:
17:37:44	 GD3_ferret23_day3_rep2_R1.fastq.gz GD3_ferret23_day3_rep2_R2.fastq.gz -baseout /output/GD3_ferret23_day3_rep2_trimmed.fastq.gz SLIDINGWINDOW:5:30 MINLEN:100
17:37:44	Multiple cores found: Using 2 threads
17:37:44	Using templated Output files: /output/GD3_ferret23_day3_rep2_trimmed_1P.fastq.gz /output/GD3_ferret23_day3_rep2_trimmed_1U.fastq.gz /output/GD3_ferret23_day3_rep2_trimmed_2P.fastq.gz /output/GD3_ferret23_day3_rep2_trimmed_2U.fastq.gz
17:37:45	Quality encoding detected as phred33
17:40:50	Input Read Pairs: 1053872 Both Surviving: 576862 (54.74%) Forward Only Surviving: 200160 (18.99%) Reverse Only Surviving: 24319 (2.31%) Dropped: 252531 (23.96%)
17:40:50	TrimmomaticPE: Completed successfully
***********
***********
Indexing reference sequence
***********
Bowtie2 indexing the reference
***********
***********
Beginning initial mapping
GD3_ferret23_day3_rep1
-----------
GD3_ferret23_day3_rep2
-----------
***********
Mapping
-----------
-----------
***********
***********
Determining Average Coverage
***********
GD3_ferret23_day3_rep1
-----------
18:11:12	java -ea -Xmx1011m -cp /tools/bbmap/current/ jgi.CoveragePileup in=GD3_ferret23_day3_rep1.tmp.sam out=GD3_ferret23_day3_rep1_coverage.tsv ref=/reference/GD3_ferret23_day3.fasta 32bit=t
18:11:12	Executing jgi.CoveragePileup [in=GD3_ferret23_day3_rep1.tmp.sam, out=GD3_ferret23_day3_rep1_coverage.tsv, ref=/reference/GD3_ferret23_day3.fasta, 32bit=t]
18:11:12	
18:11:13	Found samtools 1.9
18:11:13	Warning - SAM header did not include A_GUANGDONG_17SF003_2016_PB2
18:11:13	Absent scaffolds will be added; further warnings will be suppressed.
18:11:17	Reads:                               	1003872
18:11:17	Mapped reads:                        	1003872
18:11:17	Mapped bases:                        	191344480
18:11:17	Ref scaffolds:                       	8
18:11:17	Ref bases:                           	13115
18:11:17	
18:11:17	Percent mapped:                      	100.000
18:11:17	Percent proper pairs:                	97.689
18:11:17	Average coverage:                    	14589.743
18:11:17	Standard deviation:                    	7549.136
18:11:17	Percent scaffolds with any coverage: 	100.00
18:11:17	Percent of reference bases covered:  	100.00
18:11:17	
18:11:17	Time: 	4.840 seconds.
***********
***********
Determining Average Coverage
***********
GD3_ferret23_day3_rep2
-----------
18:12:04	java -ea -Xmx1009m -cp /tools/bbmap/current/ jgi.CoveragePileup in=GD3_ferret23_day3_rep2.tmp.sam out=GD3_ferret23_day3_rep2_coverage.tsv ref=/reference/GD3_ferret23_day3.fasta 32bit=t
18:12:04	Executing jgi.CoveragePileup [in=GD3_ferret23_day3_rep2.tmp.sam, out=GD3_ferret23_day3_rep2_coverage.tsv, ref=/reference/GD3_ferret23_day3.fasta, 32bit=t]
18:12:04	
18:12:04	Found samtools 1.9
18:12:04	Warning - SAM header did not include A_GUANGDONG_17SF003_2016_PB2
18:12:04	Absent scaffolds will be added; further warnings will be suppressed.
18:12:10	Reads:                               	1152436
18:12:10	Mapped reads:                        	1152436
18:12:10	Mapped bases:                        	252596375
18:12:10	Ref scaffolds:                       	8
18:12:10	Ref bases:                           	13115
18:12:10	
18:12:10	Percent mapped:                      	100.000
18:12:10	Percent proper pairs:                	95.954
18:12:10	Average coverage:                    	19260.112
18:12:10	Standard deviation:                    	9394.587
18:12:10	Percent scaffolds with any coverage: 	100.00
18:12:10	Percent of reference bases covered:  	100.00
18:12:10	
18:12:10	Time: 	5.790 seconds.
***********
***********
Downsampling with seqtk to normalize coverage
***********
Downsampling with seqtk to normalize coverage
GD3_ferret23_day3_rep1
-----------
18:12:43	[M::bam2fq_mainloop] discarded 0 singletons
18:12:43	[M::bam2fq_mainloop] processed 1003872 reads
GD3_ferret23_day3_rep2
-----------
18:13:50	[M::bam2fq_mainloop] discarded 0 singletons
18:13:50	[M::bam2fq_mainloop] processed 1152436 reads
***********
GD3_ferret23_day3_rep1
-----------
GD3_ferret23_day3_rep2
-----------
***********
Mapping
-----------
-----------
***********
***********
Generating consensus sequence
***********
Generating Consensus
-----------
18:21:08	[mpileup] 1 samples in 1 input files
18:21:59	Warning: No p-value threshold provided, so p-values will not be calculated
18:21:59	Min coverage:	100
18:21:59	Min reads2:	2
18:21:59	Min var freq:	0.5
18:21:59	Min avg qual:	30
18:21:59	P-value thresh:	0.01
18:21:59	Reading input from GD3_ferret23_day3_rep1.pileup
18:22:58	13115 bases in pileup file
18:22:58	5 variant positions (5 SNP, 0 indel)
18:22:58	0 were failed by the strand-filter
18:22:58	5 variant positions reported (5 SNP, 0 indel)
-----------
18:21:08	[mpileup] 1 samples in 1 input files
18:22:09	Warning: No p-value threshold provided, so p-values will not be calculated
18:22:09	Min coverage:	100
18:22:09	Min reads2:	2
18:22:09	Min var freq:	0.5
18:22:09	Min avg qual:	30
18:22:09	P-value thresh:	0.01
18:22:09	Reading input from GD3_ferret23_day3_rep2.pileup
18:23:07	13115 bases in pileup file
18:23:07	5 variant positions (5 SNP, 0 indel)
18:23:07	0 were failed by the strand-filter
18:23:07	5 variant positions reported (5 SNP, 0 indel)
***********
***********
Creating consensus Fasta
-----------
18:23:09	Note: the --sample option not given, applying all records regardless of the genotype
-----------
18:23:09	Note: the --sample option not given, applying all records regardless of the genotype
***********
***********
Calling replicate SNPs with Varscan
/infile/GD3_ferret23_day3_rep1
-----------
/infile/GD3_ferret23_day3_rep2
-----------
***********
Calling SNPs
18:23:12	[mpileup] 1 samples in 1 input files
18:24:09	Got the following sample list: 
18:24:09	GD3_ferret23_day3_rep1
18:24:09	Only SNPs will be reported
18:24:09	Warning: No p-value threshold provided, so p-values will not be calculated
18:24:09	Min coverage:	100
18:24:09	Min reads2:	2
18:24:09	Min var freq:	0.01
18:24:09	Min avg qual:	30
18:24:09	P-value thresh:	0.01
18:24:09	Reading input from GD3_ferret23_day3_rep1.mpileup
18:25:01	13115 bases in pileup file
18:25:01	10 variant positions (9 SNP, 1 indel)
18:25:01	0 were failed by the strand-filter
18:25:01	9 variant positions reported (9 SNP, 0 indel)
18:23:12	[mpileup] 1 samples in 1 input files
18:24:17	Got the following sample list: 
18:24:17	GD3_ferret23_day3_rep2
18:24:17	Only SNPs will be reported
18:24:17	Warning: No p-value threshold provided, so p-values will not be calculated
18:24:17	Min coverage:	100
18:24:17	Min reads2:	2
18:24:17	Min var freq:	0.01
18:24:17	Min avg qual:	30
18:24:17	P-value thresh:	0.01
18:24:17	Reading input from GD3_ferret23_day3_rep2.mpileup
18:25:05	13115 bases in pileup file
18:25:05	14 variant positions (14 SNP, 0 indel)
18:25:05	0 were failed by the strand-filter
18:25:05	14 variant positions reported (14 SNP, 0 indel)
['GD3_ferret23_day3_averaged.vcf']-----------

Combined all vcf files into master vcf file all_snps.vcf
-----------
***********
***********
Annotating SNPs
***********
Performing population analysis with SNPGenie
A_GUANGDONG_17SF003_2016_PB1
-----------
A_GUANGDONG_17SF003_2016_PA
-----------
A_GUANGDONG_17SF003_2016_PB2
-----------
A_GUANGDONG_17SF003_2016_H7
-----------
A_GUANGDONG_17SF003_2016_NP
-----------
A_GUANGDONG_17SF003_2016_N9
-----------
A_GUANGDONG_17SF003_2016_MP
-----------
A_GUANGDONG_17SF003_2016_NS
-----------
***********
Getting Population Statistics
-----------
18:25:08	
18:25:08	output_folder is /segmentdir
18:25:09	...A_GUANGDONG_17SF003_2016_PB2.fastaA_GUANGDONG_17SF003_2016_PB2.gtfA_GUANGDONG_17SF003_2016_PB2.vcfcodon_results.txtpopulation_summary.txtproduct_results.txtsite_results.txtsnpgenie.plSNPGenie_LOG.txtSNPGenie_parameters.txt
18:25:09	vcf does not exist at /segmentdir
18:25:09	
18:25:09	################################################################################
18:25:09	##                                                                            ##
18:25:09	##                             SNPGenie Initiated!                            ##
18:25:09	##                                                                            ##
18:25:09	################################################################################
18:25:09	
18:25:09	  ###############################  LICENSE:  #################################
18:25:09	  ##            SNPGenie Copyright (C) 2015-18 Chase W. Nelson              ##
18:25:09	  ##            This program comes with ABSOLUTELY NO WARRANTY;             ##
18:25:09	  ##     This is free software, and you are welcome to redistribute it      ##
18:25:09	  ##               under certain conditions; see LICENSE.txt.               ##
18:25:09	  ############################################################################
18:25:09	
18:25:09	Your MIN. MINOR ALLELE FREQ. is 0.01. All variants falling below this frequency will be ignored.
18:25:09	
18:25:09	output_folder is /segmentdir
18:25:09	
18:25:09	Reading in FASTA file... COMPLETED.
18:25:09	Creating temp_vcf4_GD3_ferret23_day3.vcf...
18:25:09	
18:25:09	
18:25:09	###########################  CURRENTLY PROCESSING:   ###########################
18:25:09	temp_vcf4_GD3_ferret23_day3.vcf... VCF format detected
18:25:09	
18:25:09	Converting temp_vcf4_GD3_ferret23_day3.vcf to SNPGenie format...
18:25:09	
18:25:09	In file temp_vcf4_GD3_ferret23_day3.vcf, the newline type is: Unix (LF, \n)
18:25:09	
18:25:09	Calculating and storing protein-coding genome and variant data (that dogma stuff)... COMPLETED.
18:25:09	
18:25:09	Ligating gene segments (computationally, of course!)... COMPLETED.
18:25:09	
18:25:09	Calculating and storing non-protein-coding genome and variant data ("junk" gets a bad rap!)... COMPLETED.
18:25:09	
18:25:09	Processing all individual sites (nucleotides take time and memory; use a high-memory machine for eukaryotic chromosomes!)... COMPLETED.
18:25:09	
18:25:09	Processing population genetic estimates codon-by-codon (beware stochasticity!)... 
18:25:09	output_folder is /segmentdir
18:25:24	COMPLETED.
18:25:24	
18:25:24	Performing final calculations, noncoding overlap analysis, and output... temp_vcf4_GD3_ferret23_day3.vcf COMPLETED.
18:25:24	
18:25:24	output_folder is /segmentdir
18:25:24	
18:25:24	################################################################################
18:25:24	##                      SNPGenie completed successfully.                      ##
18:25:24	##             Please find results in the /segmentdir folder.            ##
18:25:24	################################################################################
18:25:24	
18:25:24	
-----------
18:25:08	
18:25:08	output_folder is /segmentdir
18:25:08	...A_GUANGDONG_17SF003_2016_PB1.fastaA_GUANGDONG_17SF003_2016_PB1.gtfA_GUANGDONG_17SF003_2016_PB1.vcfcodon_results.txtpopulation_summary.txtproduct_results.txtsite_results.txtsnpgenie.plSNPGenie_LOG.txtSNPGenie_parameters.txt
18:25:08	vcf does not exist at /segmentdir
18:25:08	
18:25:08	################################################################################
18:25:08	##                                                                            ##
18:25:08	##                             SNPGenie Initiated!                            ##
18:25:08	##                                                                            ##
18:25:08	################################################################################
18:25:08	
18:25:08	  ###############################  LICENSE:  #################################
18:25:08	  ##            SNPGenie Copyright (C) 2015-18 Chase W. Nelson              ##
18:25:08	  ##            This program comes with ABSOLUTELY NO WARRANTY;             ##
18:25:08	  ##     This is free software, and you are welcome to redistribute it      ##
18:25:08	  ##               under certain conditions; see LICENSE.txt.               ##
18:25:08	  ############################################################################
18:25:08	
18:25:08	Your MIN. MINOR ALLELE FREQ. is 0.01. All variants falling below this frequency will be ignored.
18:25:09	
18:25:09	output_folder is /segmentdir
18:25:09	
18:25:09	Reading in FASTA file... COMPLETED.
18:25:09	Creating temp_vcf4_GD3_ferret23_day3.vcf...
18:25:09	
18:25:09	
18:25:09	###########################  CURRENTLY PROCESSING:   ###########################
18:25:09	temp_vcf4_GD3_ferret23_day3.vcf... VCF format detected
18:25:09	
18:25:09	Converting temp_vcf4_GD3_ferret23_day3.vcf to SNPGenie format...
18:25:09	
18:25:09	In file temp_vcf4_GD3_ferret23_day3.vcf, the newline type is: Unix (LF, \n)
18:25:09	
18:25:09	Calculating and storing protein-coding genome and variant data (that dogma stuff)... COMPLETED.
18:25:09	
18:25:09	Ligating gene segments (computationally, of course!)... COMPLETED.
18:25:09	
18:25:09	Calculating and storing non-protein-coding genome and variant data ("junk" gets a bad rap!)... COMPLETED.
18:25:09	
18:25:09	Processing all individual sites (nucleotides take time and memory; use a high-memory machine for eukaryotic chromosomes!)... COMPLETED.
18:25:09	
18:25:09	Processing population genetic estimates codon-by-codon (beware stochasticity!)... 
18:25:09	output_folder is /segmentdir
18:25:24	COMPLETED.
18:25:24	
18:25:24	Performing final calculations, noncoding overlap analysis, and output... temp_vcf4_GD3_ferret23_day3.vcf COMPLETED.
18:25:24	
18:25:24	output_folder is /segmentdir
18:25:24	
18:25:24	################################################################################
18:25:24	##                      SNPGenie completed successfully.                      ##
18:25:24	##             Please find results in the /segmentdir folder.            ##
18:25:24	################################################################################
18:25:24	
18:25:24	
-----------
18:25:08	
18:25:08	output_folder is /segmentdir
18:25:08	...A_GUANGDONG_17SF003_2016_PA.fastaA_GUANGDONG_17SF003_2016_PA.gtfA_GUANGDONG_17SF003_2016_PA.vcfcodon_results.txtpopulation_summary.txtproduct_results.txtsite_results.txtsnpgenie.plSNPGenie_LOG.txtSNPGenie_parameters.txt
18:25:08	vcf does not exist at /segmentdir
18:25:08	
18:25:08	################################################################################
18:25:08	##                                                                            ##
18:25:08	##                             SNPGenie Initiated!                            ##
18:25:08	##                                                                            ##
18:25:08	################################################################################
18:25:08	
18:25:08	  ###############################  LICENSE:  #################################
18:25:08	  ##            SNPGenie Copyright (C) 2015-18 Chase W. Nelson              ##
18:25:08	  ##            This program comes with ABSOLUTELY NO WARRANTY;             ##
18:25:08	  ##     This is free software, and you are welcome to redistribute it      ##
18:25:08	  ##               under certain conditions; see LICENSE.txt.               ##
18:25:08	  ############################################################################
18:25:09	
18:25:09	Your MIN. MINOR ALLELE FREQ. is 0.01. All variants falling below this frequency will be ignored.
18:25:09	
18:25:09	output_folder is /segmentdir
18:25:09	
18:25:09	Reading in FASTA file... COMPLETED.
18:25:09	Creating temp_vcf4_GD3_ferret23_day3.vcf...
18:25:09	
18:25:09	
18:25:09	###########################  CURRENTLY PROCESSING:   ###########################
18:25:09	temp_vcf4_GD3_ferret23_day3.vcf... VCF format detected
18:25:09	
18:25:09	Converting temp_vcf4_GD3_ferret23_day3.vcf to SNPGenie format...
18:25:09	
18:25:09	In file temp_vcf4_GD3_ferret23_day3.vcf, the newline type is: Unix (LF, \n)
18:25:09	
18:25:09	Calculating and storing protein-coding genome and variant data (that dogma stuff)... COMPLETED.
18:25:09	
18:25:09	Ligating gene segments (computationally, of course!)... COMPLETED.
18:25:09	
18:25:09	Calculating and storing non-protein-coding genome and variant data ("junk" gets a bad rap!)... COMPLETED.
18:25:09	
18:25:09	Processing all individual sites (nucleotides take time and memory; use a high-memory machine for eukaryotic chromosomes!)... COMPLETED.
18:25:09	
18:25:09	Processing population genetic estimates codon-by-codon (beware stochasticity!)... 
18:25:09	output_folder is /segmentdir
18:25:23	COMPLETED.
18:25:23	
18:25:23	Performing final calculations, noncoding overlap analysis, and output... temp_vcf4_GD3_ferret23_day3.vcf COMPLETED.
18:25:23	
18:25:23	output_folder is /segmentdir
18:25:23	
18:25:23	################################################################################
18:25:23	##                      SNPGenie completed successfully.                      ##
18:25:23	##             Please find results in the /segmentdir folder.            ##
18:25:23	################################################################################
18:25:23	
18:25:23	
-----------
18:25:08	
18:25:08	output_folder is /segmentdir
18:25:08	...A_GUANGDONG_17SF003_2016_H7.fastaA_GUANGDONG_17SF003_2016_H7.gtfA_GUANGDONG_17SF003_2016_H7.vcfcodon_results.txtpopulation_summary.txtproduct_results.txtsite_results.txtsnpgenie.plSNPGenie_LOG.txtSNPGenie_parameters.txt
18:25:09	vcf does not exist at /segmentdir
18:25:09	
18:25:09	################################################################################
18:25:09	##                                                                            ##
18:25:09	##                             SNPGenie Initiated!                            ##
18:25:09	##                                                                            ##
18:25:09	################################################################################
18:25:09	
18:25:09	  ###############################  LICENSE:  #################################
18:25:09	  ##            SNPGenie Copyright (C) 2015-18 Chase W. Nelson              ##
18:25:09	  ##            This program comes with ABSOLUTELY NO WARRANTY;             ##
18:25:09	  ##     This is free software, and you are welcome to redistribute it      ##
18:25:09	  ##               under certain conditions; see LICENSE.txt.               ##
18:25:09	  ############################################################################
18:25:09	
18:25:09	Your MIN. MINOR ALLELE FREQ. is 0.01. All variants falling below this frequency will be ignored.
18:25:09	
18:25:09	output_folder is /segmentdir
18:25:09	
18:25:09	Reading in FASTA file... COMPLETED.
18:25:09	Creating temp_vcf4_GD3_ferret23_day3.vcf...
18:25:09	
18:25:09	
18:25:09	###########################  CURRENTLY PROCESSING:   ###########################
18:25:09	temp_vcf4_GD3_ferret23_day3.vcf... VCF format detected
18:25:09	
18:25:09	Converting temp_vcf4_GD3_ferret23_day3.vcf to SNPGenie format...
18:25:09	
18:25:09	In file temp_vcf4_GD3_ferret23_day3.vcf, the newline type is: Unix (LF, \n)
18:25:09	
18:25:09	Calculating and storing protein-coding genome and variant data (that dogma stuff)... COMPLETED.
18:25:09	
18:25:09	Ligating gene segments (computationally, of course!)... COMPLETED.
18:25:09	
18:25:09	Calculating and storing non-protein-coding genome and variant data ("junk" gets a bad rap!)... 
18:25:09	## Variant 'G' excluded from analysis because it falls below the
18:25:09	## minimum minor allele frequency at:
18:25:09	## temp_vcf4_GD3_ferret23_day3.vcf|410
18:25:09	
18:25:09	## Variant 'T' excluded from analysis because it falls below the
18:25:09	## minimum minor allele frequency at:
18:25:09	## temp_vcf4_GD3_ferret23_day3.vcf|1324
18:25:09	
18:25:09	## Variant 'C' excluded from analysis because it falls below the
18:25:09	## minimum minor allele frequency at:
18:25:09	## temp_vcf4_GD3_ferret23_day3.vcf|1497
18:25:09	
18:25:09	## In temp_vcf4_GD3_ferret23_day3.vcf|N/A
18:25:09	## A total of 3 variants have been excluded because they
18:25:09	## fall below the minimum minor allele frequency.
18:25:09	COMPLETED.
18:25:09	
18:25:09	Processing all individual sites (nucleotides take time and memory; use a high-memory machine for eukaryotic chromosomes!)... COMPLETED.
18:25:09	
18:25:09	Processing population genetic estimates codon-by-codon (beware stochasticity!)... 
18:25:09	## Variant 'G' excluded from analysis because it falls below the
18:25:09	## minimum minor allele frequency at:
18:25:09	## temp_vcf4_GD3_ferret23_day3.vcf|HA|410
18:25:09	
18:25:09	## Variant 'T' excluded from analysis because it falls below the
18:25:09	## minimum minor allele frequency at:
18:25:09	## temp_vcf4_GD3_ferret23_day3.vcf|HA|1324
18:25:09	
18:25:09	## Variant 'C' excluded from analysis because it falls below the
18:25:09	## minimum minor allele frequency at:
18:25:09	## temp_vcf4_GD3_ferret23_day3.vcf|HA|1497
18:25:09	
18:25:09	## In temp_vcf4_GD3_ferret23_day3.vcf|HA|N/A
18:25:09	## A total of 3 variants have been excluded because they
18:25:09	## fall below the minimum minor allele frequency.
18:25:09	
18:25:09	output_folder is /segmentdir
18:25:20	COMPLETED.
18:25:20	
18:25:20	Performing final calculations, noncoding overlap analysis, and output... temp_vcf4_GD3_ferret23_day3.vcf COMPLETED.
18:25:20	
18:25:20	output_folder is /segmentdir
18:25:20	
18:25:20	################################################################################
18:25:20	##                      SNPGenie completed successfully.                      ##
18:25:20	##             Please find results in the /segmentdir folder.            ##
18:25:20	################################################################################
18:25:20	
18:25:20	
-----------
18:25:23	
18:25:23	output_folder is /segmentdir
18:25:23	...A_GUANGDONG_17SF003_2016_NP.fastaA_GUANGDONG_17SF003_2016_NP.gtfA_GUANGDONG_17SF003_2016_NP.vcfcodon_results.txtpopulation_summary.txtproduct_results.txtsite_results.txtsnpgenie.plSNPGenie_LOG.txtSNPGenie_parameters.txt
18:25:23	vcf does not exist at /segmentdir
18:25:23	
18:25:23	################################################################################
18:25:23	##                                                                            ##
18:25:23	##                             SNPGenie Initiated!                            ##
18:25:23	##                                                                            ##
18:25:23	################################################################################
18:25:23	
18:25:23	  ###############################  LICENSE:  #################################
18:25:23	  ##            SNPGenie Copyright (C) 2015-18 Chase W. Nelson              ##
18:25:23	  ##            This program comes with ABSOLUTELY NO WARRANTY;             ##
18:25:23	  ##     This is free software, and you are welcome to redistribute it      ##
18:25:23	  ##               under certain conditions; see LICENSE.txt.               ##
18:25:23	  ############################################################################
18:25:23	
18:25:23	Your MIN. MINOR ALLELE FREQ. is 0.01. All variants falling below this frequency will be ignored.
18:25:23	
18:25:23	output_folder is /segmentdir
18:25:23	
18:25:23	Reading in FASTA file... COMPLETED.
18:25:23	Creating temp_vcf4_GD3_ferret23_day3.vcf...
18:25:24	
18:25:24	
18:25:24	###########################  CURRENTLY PROCESSING:   ###########################
18:25:24	temp_vcf4_GD3_ferret23_day3.vcf... VCF format detected
18:25:24	
18:25:24	Converting temp_vcf4_GD3_ferret23_day3.vcf to SNPGenie format...
18:25:24	
18:25:24	In file temp_vcf4_GD3_ferret23_day3.vcf, the newline type is: Unix (LF, \n)
18:25:24	
18:25:24	Calculating and storing protein-coding genome and variant data (that dogma stuff)... COMPLETED.
18:25:24	
18:25:24	Ligating gene segments (computationally, of course!)... COMPLETED.
18:25:24	
18:25:24	Calculating and storing non-protein-coding genome and variant data ("junk" gets a bad rap!)... COMPLETED.
18:25:24	
18:25:24	Processing all individual sites (nucleotides take time and memory; use a high-memory machine for eukaryotic chromosomes!)... COMPLETED.
18:25:24	
18:25:24	Processing population genetic estimates codon-by-codon (beware stochasticity!)... 
18:25:24	output_folder is /segmentdir
18:25:32	COMPLETED.
18:25:32	
18:25:32	Performing final calculations, noncoding overlap analysis, and output... temp_vcf4_GD3_ferret23_day3.vcf COMPLETED.
18:25:32	
18:25:32	output_folder is /segmentdir
18:25:32	
18:25:32	################################################################################
18:25:32	##                      SNPGenie completed successfully.                      ##
18:25:32	##             Please find results in the /segmentdir folder.            ##
18:25:32	################################################################################
18:25:32	
18:25:32	
-----------
18:25:26	
18:25:26	output_folder is /segmentdir
18:25:26	...A_GUANGDONG_17SF003_2016_N9.fastaA_GUANGDONG_17SF003_2016_N9.gtfA_GUANGDONG_17SF003_2016_N9.vcfcodon_results.txtpopulation_summary.txtproduct_results.txtsite_results.txtsnpgenie.plSNPGenie_LOG.txtSNPGenie_parameters.txt
18:25:26	vcf does not exist at /segmentdir
18:25:26	
18:25:26	################################################################################
18:25:26	##                                                                            ##
18:25:26	##                             SNPGenie Initiated!                            ##
18:25:26	##                                                                            ##
18:25:26	################################################################################
18:25:26	
18:25:26	  ###############################  LICENSE:  #################################
18:25:26	  ##            SNPGenie Copyright (C) 2015-18 Chase W. Nelson              ##
18:25:26	  ##            This program comes with ABSOLUTELY NO WARRANTY;             ##
18:25:26	  ##     This is free software, and you are welcome to redistribute it      ##
18:25:26	  ##               under certain conditions; see LICENSE.txt.               ##
18:25:26	  ############################################################################
18:25:26	
18:25:26	Your MIN. MINOR ALLELE FREQ. is 0.01. All variants falling below this frequency will be ignored.
18:25:26	
18:25:26	output_folder is /segmentdir
18:25:26	
18:25:26	Reading in FASTA file... COMPLETED.
18:25:27	Creating temp_vcf4_GD3_ferret23_day3.vcf...
18:25:27	
18:25:27	
18:25:27	###########################  CURRENTLY PROCESSING:   ###########################
18:25:27	temp_vcf4_GD3_ferret23_day3.vcf... VCF format detected
18:25:27	
18:25:27	Converting temp_vcf4_GD3_ferret23_day3.vcf to SNPGenie format...
18:25:27	
18:25:27	In file temp_vcf4_GD3_ferret23_day3.vcf, the newline type is: Unix (LF, \n)
18:25:27	
18:25:27	Calculating and storing protein-coding genome and variant data (that dogma stuff)... COMPLETED.
18:25:27	
18:25:27	Ligating gene segments (computationally, of course!)... COMPLETED.
18:25:27	
18:25:27	Calculating and storing non-protein-coding genome and variant data ("junk" gets a bad rap!)... 
18:25:27	## Variant 'G' excluded from analysis because it falls below the
18:25:27	## minimum minor allele frequency at:
18:25:27	## temp_vcf4_GD3_ferret23_day3.vcf|903
18:25:27	
18:25:27	## Variant 'G' excluded from analysis because it falls below the
18:25:27	## minimum minor allele frequency at:
18:25:27	## temp_vcf4_GD3_ferret23_day3.vcf|916
18:25:27	
18:25:27	## In temp_vcf4_GD3_ferret23_day3.vcf|N/A
18:25:27	## A total of 2 variants have been excluded because they
18:25:27	## fall below the minimum minor allele frequency.
18:25:27	COMPLETED.
18:25:27	
18:25:27	Processing all individual sites (nucleotides take time and memory; use a high-memory machine for eukaryotic chromosomes!)... COMPLETED.
18:25:27	
18:25:27	Processing population genetic estimates codon-by-codon (beware stochasticity!)... 
18:25:27	## Variant 'G' excluded from analysis because it falls below the
18:25:27	## minimum minor allele frequency at:
18:25:27	## temp_vcf4_GD3_ferret23_day3.vcf|NA|903
18:25:27	
18:25:27	## Variant 'G' excluded from analysis because it falls below the
18:25:27	## minimum minor allele frequency at:
18:25:27	## temp_vcf4_GD3_ferret23_day3.vcf|NA|916
18:25:27	
18:25:27	## In temp_vcf4_GD3_ferret23_day3.vcf|NA|N/A
18:25:27	## A total of 2 variants have been excluded because they
18:25:27	## fall below the minimum minor allele frequency.
18:25:27	
18:25:27	output_folder is /segmentdir
18:25:37	COMPLETED.
18:25:37	
18:25:37	Performing final calculations, noncoding overlap analysis, and output... temp_vcf4_GD3_ferret23_day3.vcf COMPLETED.
18:25:37	
18:25:37	output_folder is /segmentdir
18:25:37	
18:25:37	################################################################################
18:25:37	##                      SNPGenie completed successfully.                      ##
18:25:37	##             Please find results in the /segmentdir folder.            ##
18:25:37	################################################################################
18:25:37	
18:25:37	
-----------
18:25:28	
18:25:28	output_folder is /segmentdir
18:25:28	...A_GUANGDONG_17SF003_2016_MP.fastaA_GUANGDONG_17SF003_2016_MP.gtfA_GUANGDONG_17SF003_2016_MP.vcfcodon_results.txtpopulation_summary.txtproduct_results.txtsite_results.txtsnpgenie.plSNPGenie_LOG.txtSNPGenie_parameters.txt
18:25:28	vcf does not exist at /segmentdir
18:25:28	
18:25:28	################################################################################
18:25:28	##                                                                            ##
18:25:28	##                             SNPGenie Initiated!                            ##
18:25:28	##                                                                            ##
18:25:28	################################################################################
18:25:28	
18:25:28	  ###############################  LICENSE:  #################################
18:25:28	  ##            SNPGenie Copyright (C) 2015-18 Chase W. Nelson              ##
18:25:28	  ##            This program comes with ABSOLUTELY NO WARRANTY;             ##
18:25:28	  ##     This is free software, and you are welcome to redistribute it      ##
18:25:28	  ##               under certain conditions; see LICENSE.txt.               ##
18:25:28	  ############################################################################
18:25:28	
18:25:28	Your MIN. MINOR ALLELE FREQ. is 0.01. All variants falling below this frequency will be ignored.
18:25:28	
18:25:28	output_folder is /segmentdir
18:25:28	
18:25:28	Reading in FASTA file... COMPLETED.
18:25:28	Creating temp_vcf4_GD3_ferret23_day3.vcf...
18:25:28	
18:25:28	
18:25:28	###########################  CURRENTLY PROCESSING:   ###########################
18:25:28	temp_vcf4_GD3_ferret23_day3.vcf... VCF format detected
18:25:28	
18:25:28	Converting temp_vcf4_GD3_ferret23_day3.vcf to SNPGenie format...
18:25:28	
18:25:28	In file temp_vcf4_GD3_ferret23_day3.vcf, the newline type is: Unix (LF, \n)
18:25:28	
18:25:28	Calculating and storing protein-coding genome and variant data (that dogma stuff)... COMPLETED.
18:25:28	
18:25:28	Ligating gene segments (computationally, of course!)... COMPLETED.
18:25:28	
18:25:28	Calculating and storing non-protein-coding genome and variant data ("junk" gets a bad rap!)... COMPLETED.
18:25:28	
18:25:28	Processing all individual sites (nucleotides take time and memory; use a high-memory machine for eukaryotic chromosomes!)... COMPLETED.
18:25:28	
18:25:28	Processing population genetic estimates codon-by-codon (beware stochasticity!)... 
18:25:28	output_folder is /segmentdir
18:25:35	
18:25:35	output_folder is /segmentdir
18:25:37	COMPLETED.
18:25:37	
18:25:37	Performing final calculations, noncoding overlap analysis, and output... temp_vcf4_GD3_ferret23_day3.vcf COMPLETED.
18:25:37	
18:25:37	output_folder is /segmentdir
18:25:37	
18:25:37	################################################################################
18:25:37	##                      SNPGenie completed successfully.                      ##
18:25:37	##             Please find results in the /segmentdir folder.            ##
18:25:37	################################################################################
18:25:37	
18:25:37	
-----------
18:25:28	
18:25:28	output_folder is /segmentdir
18:25:28	...A_GUANGDONG_17SF003_2016_NS.fastaA_GUANGDONG_17SF003_2016_NS.gtfA_GUANGDONG_17SF003_2016_NS.vcfcodon_results.txtpopulation_summary.txtproduct_results.txtsite_results.txtsnpgenie.plSNPGenie_LOG.txtSNPGenie_parameters.txt
18:25:28	vcf exists!
18:25:28	
18:25:28	
18:25:28	################################################################################
18:25:28	##                                                                            ##
18:25:28	##                             SNPGenie Initiated!                            ##
18:25:28	##                                                                            ##
18:25:28	################################################################################
18:25:28	
18:25:28	  ###############################  LICENSE:  #################################
18:25:28	  ##            SNPGenie Copyright (C) 2015-18 Chase W. Nelson              ##
18:25:28	  ##            This program comes with ABSOLUTELY NO WARRANTY;             ##
18:25:28	  ##     This is free software, and you are welcome to redistribute it      ##
18:25:28	  ##               under certain conditions; see LICENSE.txt.               ##
18:25:28	  ############################################################################
18:25:28	
18:25:28	Your MIN. MINOR ALLELE FREQ. is 0.01. All variants falling below this frequency will be ignored.
18:25:28	
18:25:28	output_folder is /segmentdir
18:25:28	
18:25:28	Reading in FASTA file... COMPLETED.
18:25:28	Creating temp_vcf4_GD3_ferret23_day3.vcf...
18:25:29	
18:25:29	
18:25:29	###########################  CURRENTLY PROCESSING:   ###########################
18:25:29	temp_vcf4_GD3_ferret23_day3.vcf... VCF format detected
18:25:29	
18:25:29	Converting temp_vcf4_GD3_ferret23_day3.vcf to SNPGenie format...
18:25:29	
18:25:29	In file temp_vcf4_GD3_ferret23_day3.vcf, the newline type is: Unix (LF, \n)
18:25:29	
18:25:29	Calculating and storing protein-coding genome and variant data (that dogma stuff)... COMPLETED.
18:25:29	
18:25:29	Ligating gene segments (computationally, of course!)... COMPLETED.
18:25:29	
18:25:29	Calculating and storing non-protein-coding genome and variant data ("junk" gets a bad rap!)... COMPLETED.
18:25:29	
18:25:29	Processing all individual sites (nucleotides take time and memory; use a high-memory machine for eukaryotic chromosomes!)... COMPLETED.
18:25:29	
18:25:29	Processing population genetic estimates codon-by-codon (beware stochasticity!)... 
18:25:29	output_folder is /segmentdir
18:25:31	
18:25:31	output_folder is /segmentdir
18:25:36	COMPLETED.
18:25:36	
18:25:36	Performing final calculations, noncoding overlap analysis, and output... temp_vcf4_GD3_ferret23_day3.vcf COMPLETED.
18:25:36	
18:25:36	output_folder is /segmentdir
18:25:36	
18:25:36	################################################################################
18:25:36	##                      SNPGenie completed successfully.                      ##
18:25:36	##             Please find results in the /segmentdir folder.            ##
18:25:36	################################################################################
18:25:36	
18:25:36	
***********
***********
Sniffles: Finished with a total runtime of 0:47:55.320000.
