544917 reads; of these:
  544917 (100.00%) were paired; of these:
    55393 (10.17%) aligned concordantly 0 times
    488138 (89.58%) aligned concordantly exactly 1 time
    1386 (0.25%) aligned concordantly >1 times
    ----
    55393 pairs aligned concordantly 0 times; of these:
      50801 (91.71%) aligned discordantly 1 time
    ----
    4592 pairs aligned 0 times concordantly or discordantly; of these:
      9184 mates make up the pairs; of these:
        9054 (98.58%) aligned 0 times
        78 (0.85%) aligned exactly 1 time
        52 (0.57%) aligned >1 times
99.17% overall alignment rate
200000 reads; of these:
  200000 (100.00%) were paired; of these:
    176282 (88.14%) aligned concordantly 0 times
    23692 (11.85%) aligned concordantly exactly 1 time
    26 (0.01%) aligned concordantly >1 times
    ----
    176282 pairs aligned concordantly 0 times; of these:
      170923 (96.96%) aligned discordantly 1 time
    ----
    5359 pairs aligned 0 times concordantly or discordantly; of these:
      10718 mates make up the pairs; of these:
        4359 (40.67%) aligned 0 times
        5349 (49.91%) aligned exactly 1 time
        1010 (9.42%) aligned >1 times
98.91% overall alignment rate
