***********
Beginning run at Mon, 12 Aug 2019 06:52:53 PM
Beginning run at Mon, 12 Aug 2019 06:52:53 PM
***********
Processing samples for reference sequence GD3_ferret23_day5
***********
Started quality trimming
GD3_ferret23_day5_rep2
-----------
GD3_ferret23_day5_rep1
-----------
***********
Trimmomatic
***********
18:52:55	TrimmomaticPE: Started with arguments:
18:52:55	 GD3_ferret23_day5_rep1_R1.fastq.gz GD3_ferret23_day5_rep1_R2.fastq.gz -baseout /output/GD3_ferret23_day5_rep1_trimmed.fastq.gz SLIDINGWINDOW:5:30 MINLEN:100
18:52:55	Multiple cores found: Using 2 threads
18:52:55	Using templated Output files: /output/GD3_ferret23_day5_rep1_trimmed_1P.fastq.gz /output/GD3_ferret23_day5_rep1_trimmed_1U.fastq.gz /output/GD3_ferret23_day5_rep1_trimmed_2P.fastq.gz /output/GD3_ferret23_day5_rep1_trimmed_2U.fastq.gz
18:52:56	Quality encoding detected as phred33
18:54:58	Input Read Pairs: 1101438 Both Surviving: 539064 (48.94%) Forward Only Surviving: 148215 (13.46%) Reverse Only Surviving: 26932 (2.45%) Dropped: 387227 (35.16%)
18:54:58	TrimmomaticPE: Completed successfully
18:52:55	TrimmomaticPE: Started with arguments:
18:52:55	 GD3_ferret23_day5_rep2_R1.fastq.gz GD3_ferret23_day5_rep2_R2.fastq.gz -baseout /output/GD3_ferret23_day5_rep2_trimmed.fastq.gz SLIDINGWINDOW:5:30 MINLEN:100
18:52:55	Multiple cores found: Using 2 threads
18:52:55	Using templated Output files: /output/GD3_ferret23_day5_rep2_trimmed_1P.fastq.gz /output/GD3_ferret23_day5_rep2_trimmed_1U.fastq.gz /output/GD3_ferret23_day5_rep2_trimmed_2P.fastq.gz /output/GD3_ferret23_day5_rep2_trimmed_2U.fastq.gz
18:52:56	Quality encoding detected as phred33
18:54:46	Input Read Pairs: 738241 Both Surviving: 378129 (51.22%) Forward Only Surviving: 161398 (21.86%) Reverse Only Surviving: 14003 (1.90%) Dropped: 184711 (25.02%)
18:54:46	TrimmomaticPE: Completed successfully
***********
***********
Indexing reference sequence
***********
Bowtie2 indexing the reference
***********
***********
Beginning initial mapping
GD3_ferret23_day5_rep1
-----------
GD3_ferret23_day5_rep2
-----------
***********
Mapping
-----------
-----------
***********
***********
Determining Average Coverage
***********
GD3_ferret23_day5_rep1
-----------
19:17:40	java -ea -Xmx1009m -cp /tools/bbmap/current/ jgi.CoveragePileup in=GD3_ferret23_day5_rep1.tmp.sam out=GD3_ferret23_day5_rep1_coverage.tsv ref=/reference/GD3_ferret23_day5.fasta 32bit=t
19:17:40	Executing jgi.CoveragePileup [in=GD3_ferret23_day5_rep1.tmp.sam, out=GD3_ferret23_day5_rep1_coverage.tsv, ref=/reference/GD3_ferret23_day5.fasta, 32bit=t]
19:17:40	
19:17:40	Found samtools 1.9
19:17:40	Warning - SAM header did not include A_GUANGDONG_17SF003_2016_PB2
19:17:40	Absent scaffolds will be added; further warnings will be suppressed.
19:17:45	Reads:                               	1074024
19:17:45	Mapped reads:                        	1074024
19:17:45	Mapped bases:                        	207297313
19:17:45	Ref scaffolds:                       	8
19:17:45	Ref bases:                           	13115
19:17:45	
19:17:45	Percent mapped:                      	100.000
19:17:45	Percent proper pairs:                	97.609
19:17:45	Average coverage:                    	15806.124
19:17:45	Standard deviation:                    	8735.084
19:17:45	Percent scaffolds with any coverage: 	100.00
19:17:45	Percent of reference bases covered:  	100.00
19:17:45	
19:17:45	Time: 	4.512 seconds.
***********
***********
Determining Average Coverage
***********
GD3_ferret23_day5_rep2
-----------
19:18:14	java -ea -Xmx1008m -cp /tools/bbmap/current/ jgi.CoveragePileup in=GD3_ferret23_day5_rep2.tmp.sam out=GD3_ferret23_day5_rep2_coverage.tsv ref=/reference/GD3_ferret23_day5.fasta 32bit=t
19:18:14	Executing jgi.CoveragePileup [in=GD3_ferret23_day5_rep2.tmp.sam, out=GD3_ferret23_day5_rep2_coverage.tsv, ref=/reference/GD3_ferret23_day5.fasta, 32bit=t]
19:18:14	
19:18:14	Found samtools 1.9
19:18:14	Warning - SAM header did not include A_GUANGDONG_17SF003_2016_PB2
19:18:14	Absent scaffolds will be added; further warnings will be suppressed.
19:18:17	Reads:                               	753871
19:18:17	Mapped reads:                        	753871
19:18:17	Mapped bases:                        	168760325
19:18:17	Ref scaffolds:                       	8
19:18:17	Ref bases:                           	13115
19:18:17	
19:18:17	Percent mapped:                      	100.000
19:18:17	Percent proper pairs:                	89.790
19:18:17	Average coverage:                    	12867.734
19:18:17	Standard deviation:                    	5703.354
19:18:17	Percent scaffolds with any coverage: 	100.00
19:18:17	Percent of reference bases covered:  	100.00
19:18:17	
19:18:17	Time: 	3.558 seconds.
***********
***********
Downsampling with seqtk to normalize coverage
***********
Downsampling with seqtk to normalize coverage
GD3_ferret23_day5_rep1
-----------
19:18:51	[M::bam2fq_mainloop] discarded 0 singletons
19:18:51	[M::bam2fq_mainloop] processed 1074024 reads
GD3_ferret23_day5_rep2
-----------
19:19:36	[M::bam2fq_mainloop] discarded 0 singletons
19:19:36	[M::bam2fq_mainloop] processed 753871 reads
***********
GD3_ferret23_day5_rep1
-----------
GD3_ferret23_day5_rep2
-----------
***********
Mapping
-----------
-----------
***********
***********
Generating consensus sequence
***********
Generating Consensus
-----------
19:25:54	[mpileup] 1 samples in 1 input files
19:26:37	Warning: No p-value threshold provided, so p-values will not be calculated
19:26:37	Min coverage:	100
19:26:37	Min reads2:	2
19:26:37	Min var freq:	0.5
19:26:37	Min avg qual:	30
19:26:37	P-value thresh:	0.01
19:26:37	Reading input from GD3_ferret23_day5_rep1.pileup
19:27:32	13115 bases in pileup file
19:27:32	5 variant positions (5 SNP, 0 indel)
19:27:32	0 were failed by the strand-filter
19:27:32	5 variant positions reported (5 SNP, 0 indel)
-----------
19:25:54	[mpileup] 1 samples in 1 input files
19:26:47	Warning: No p-value threshold provided, so p-values will not be calculated
19:26:47	Min coverage:	100
19:26:47	Min reads2:	2
19:26:47	Min var freq:	0.5
19:26:47	Min avg qual:	30
19:26:47	P-value thresh:	0.01
19:26:47	Reading input from GD3_ferret23_day5_rep2.pileup
19:27:40	13115 bases in pileup file
19:27:40	5 variant positions (5 SNP, 0 indel)
19:27:40	0 were failed by the strand-filter
19:27:40	5 variant positions reported (5 SNP, 0 indel)
***********
***********
Creating consensus Fasta
-----------
19:27:41	Note: the --sample option not given, applying all records regardless of the genotype
-----------
19:27:46	Note: the --sample option not given, applying all records regardless of the genotype
***********
***********
Calling replicate SNPs with Varscan
/infile/GD3_ferret23_day5_rep2
-----------
/infile/GD3_ferret23_day5_rep1
-----------
***********
Calling SNPs
19:27:48	[mpileup] 1 samples in 1 input files
19:28:36	Got the following sample list: 
19:28:36	GD3_ferret23_day5_rep1
19:28:36	Only SNPs will be reported
19:28:36	Warning: No p-value threshold provided, so p-values will not be calculated
19:28:36	Min coverage:	100
19:28:36	Min reads2:	2
19:28:36	Min var freq:	0.01
19:28:36	Min avg qual:	30
19:28:36	P-value thresh:	0.01
19:28:36	Reading input from GD3_ferret23_day5_rep1.mpileup
19:29:14	13115 bases in pileup file
19:29:14	32 variant positions (31 SNP, 1 indel)
19:29:14	0 were failed by the strand-filter
19:29:14	31 variant positions reported (31 SNP, 0 indel)
19:27:48	[mpileup] 1 samples in 1 input files
19:28:43	Got the following sample list: 
19:28:43	GD3_ferret23_day5_rep2
19:28:43	Only SNPs will be reported
19:28:43	Warning: No p-value threshold provided, so p-values will not be calculated
19:28:43	Min coverage:	100
19:28:43	Min reads2:	2
19:28:43	Min var freq:	0.01
19:28:43	Min avg qual:	30
19:28:43	P-value thresh:	0.01
19:28:43	Reading input from GD3_ferret23_day5_rep2.mpileup
19:29:19	13115 bases in pileup file
19:29:19	44 variant positions (42 SNP, 2 indel)
19:29:19	0 were failed by the strand-filter
19:29:19	42 variant positions reported (42 SNP, 0 indel)
['GD3_ferret23_day5_averaged.vcf']-----------

Combined all vcf files into master vcf file all_snps.vcf
-----------
***********
***********
Annotating SNPs
***********
Performing population analysis with SNPGenie
A_GUANGDONG_17SF003_2016_PB1
-----------
A_GUANGDONG_17SF003_2016_PA
-----------
A_GUANGDONG_17SF003_2016_PB2
-----------
A_GUANGDONG_17SF003_2016_H7
-----------
A_GUANGDONG_17SF003_2016_NP
-----------
A_GUANGDONG_17SF003_2016_N9
-----------
A_GUANGDONG_17SF003_2016_MP
-----------
A_GUANGDONG_17SF003_2016_NS
-----------
***********
Getting Population Statistics
-----------
19:29:22	
19:29:22	output_folder is /segmentdir
19:29:22	...A_GUANGDONG_17SF003_2016_PB2.fastaA_GUANGDONG_17SF003_2016_PB2.gtfA_GUANGDONG_17SF003_2016_PB2.vcfcodon_results.txtpopulation_summary.txtproduct_results.txtsite_results.txtsnpgenie.plSNPGenie_LOG.txtSNPGenie_parameters.txt
19:29:22	vcf does not exist at /segmentdir
19:29:22	
19:29:22	################################################################################
19:29:22	##                                                                            ##
19:29:22	##                             SNPGenie Initiated!                            ##
19:29:22	##                                                                            ##
19:29:22	################################################################################
19:29:22	
19:29:22	  ###############################  LICENSE:  #################################
19:29:22	  ##            SNPGenie Copyright (C) 2015-18 Chase W. Nelson              ##
19:29:22	  ##            This program comes with ABSOLUTELY NO WARRANTY;             ##
19:29:22	  ##     This is free software, and you are welcome to redistribute it      ##
19:29:22	  ##               under certain conditions; see LICENSE.txt.               ##
19:29:22	  ############################################################################
19:29:22	
19:29:22	Your MIN. MINOR ALLELE FREQ. is 0.01. All variants falling below this frequency will be ignored.
19:29:22	
19:29:22	output_folder is /segmentdir
19:29:22	
19:29:22	Reading in FASTA file... COMPLETED.
19:29:22	Creating temp_vcf4_GD3_ferret23_day5.vcf...
19:29:22	
19:29:22	
19:29:22	###########################  CURRENTLY PROCESSING:   ###########################
19:29:22	temp_vcf4_GD3_ferret23_day5.vcf... VCF format detected
19:29:22	
19:29:22	Converting temp_vcf4_GD3_ferret23_day5.vcf to SNPGenie format...
19:29:22	
19:29:22	In file temp_vcf4_GD3_ferret23_day5.vcf, the newline type is: Unix (LF, \n)
19:29:22	
19:29:22	Calculating and storing protein-coding genome and variant data (that dogma stuff)... COMPLETED.
19:29:22	
19:29:22	Ligating gene segments (computationally, of course!)... COMPLETED.
19:29:22	
19:29:22	Calculating and storing non-protein-coding genome and variant data ("junk" gets a bad rap!)... COMPLETED.
19:29:22	
19:29:22	Processing all individual sites (nucleotides take time and memory; use a high-memory machine for eukaryotic chromosomes!)... COMPLETED.
19:29:22	
19:29:22	Processing population genetic estimates codon-by-codon (beware stochasticity!)... 
19:29:22	output_folder is /segmentdir
19:29:35	COMPLETED.
19:29:35	
19:29:35	Performing final calculations, noncoding overlap analysis, and output... temp_vcf4_GD3_ferret23_day5.vcf COMPLETED.
19:29:35	
19:29:35	output_folder is /segmentdir
19:29:35	
19:29:35	################################################################################
19:29:35	##                      SNPGenie completed successfully.                      ##
19:29:35	##             Please find results in the /segmentdir folder.            ##
19:29:35	################################################################################
19:29:35	
19:29:35	
-----------
19:29:21	
19:29:21	output_folder is /segmentdir
19:29:21	...A_GUANGDONG_17SF003_2016_PB1.fastaA_GUANGDONG_17SF003_2016_PB1.gtfA_GUANGDONG_17SF003_2016_PB1.vcfcodon_results.txtpopulation_summary.txtproduct_results.txtsite_results.txtsnpgenie.plSNPGenie_LOG.txtSNPGenie_parameters.txt
19:29:21	vcf does not exist at /segmentdir
19:29:21	
19:29:21	################################################################################
19:29:21	##                                                                            ##
19:29:21	##                             SNPGenie Initiated!                            ##
19:29:21	##                                                                            ##
19:29:21	################################################################################
19:29:21	
19:29:21	  ###############################  LICENSE:  #################################
19:29:21	  ##            SNPGenie Copyright (C) 2015-18 Chase W. Nelson              ##
19:29:21	  ##            This program comes with ABSOLUTELY NO WARRANTY;             ##
19:29:21	  ##     This is free software, and you are welcome to redistribute it      ##
19:29:21	  ##               under certain conditions; see LICENSE.txt.               ##
19:29:21	  ############################################################################
19:29:21	
19:29:21	Your MIN. MINOR ALLELE FREQ. is 0.01. All variants falling below this frequency will be ignored.
19:29:21	
19:29:21	output_folder is /segmentdir
19:29:21	
19:29:21	Reading in FASTA file... COMPLETED.
19:29:21	Creating temp_vcf4_GD3_ferret23_day5.vcf...
19:29:21	
19:29:21	
19:29:21	###########################  CURRENTLY PROCESSING:   ###########################
19:29:21	temp_vcf4_GD3_ferret23_day5.vcf... VCF format detected
19:29:21	
19:29:21	Converting temp_vcf4_GD3_ferret23_day5.vcf to SNPGenie format...
19:29:21	
19:29:21	In file temp_vcf4_GD3_ferret23_day5.vcf, the newline type is: Unix (LF, \n)
19:29:21	
19:29:21	Calculating and storing protein-coding genome and variant data (that dogma stuff)... COMPLETED.
19:29:21	
19:29:21	Ligating gene segments (computationally, of course!)... COMPLETED.
19:29:21	
19:29:22	Calculating and storing non-protein-coding genome and variant data ("junk" gets a bad rap!)... COMPLETED.
19:29:22	
19:29:22	Processing all individual sites (nucleotides take time and memory; use a high-memory machine for eukaryotic chromosomes!)... COMPLETED.
19:29:22	
19:29:22	Processing population genetic estimates codon-by-codon (beware stochasticity!)... 
19:29:22	output_folder is /segmentdir
19:29:34	COMPLETED.
19:29:34	
19:29:34	Performing final calculations, noncoding overlap analysis, and output... temp_vcf4_GD3_ferret23_day5.vcf COMPLETED.
19:29:34	
19:29:34	output_folder is /segmentdir
19:29:34	
19:29:34	################################################################################
19:29:34	##                      SNPGenie completed successfully.                      ##
19:29:34	##             Please find results in the /segmentdir folder.            ##
19:29:34	################################################################################
19:29:34	
19:29:34	
-----------
19:29:21	
19:29:21	output_folder is /segmentdir
19:29:21	...A_GUANGDONG_17SF003_2016_PA.fastaA_GUANGDONG_17SF003_2016_PA.gtfA_GUANGDONG_17SF003_2016_PA.vcfcodon_results.txtpopulation_summary.txtproduct_results.txtsite_results.txtsnpgenie.plSNPGenie_LOG.txtSNPGenie_parameters.txt
19:29:21	vcf does not exist at /segmentdir
19:29:21	
19:29:21	################################################################################
19:29:21	##                                                                            ##
19:29:21	##                             SNPGenie Initiated!                            ##
19:29:21	##                                                                            ##
19:29:21	################################################################################
19:29:21	
19:29:21	  ###############################  LICENSE:  #################################
19:29:21	  ##            SNPGenie Copyright (C) 2015-18 Chase W. Nelson              ##
19:29:21	  ##            This program comes with ABSOLUTELY NO WARRANTY;             ##
19:29:21	  ##     This is free software, and you are welcome to redistribute it      ##
19:29:21	  ##               under certain conditions; see LICENSE.txt.               ##
19:29:21	  ############################################################################
19:29:21	
19:29:21	Your MIN. MINOR ALLELE FREQ. is 0.01. All variants falling below this frequency will be ignored.
19:29:21	
19:29:21	output_folder is /segmentdir
19:29:21	
19:29:21	Reading in FASTA file... COMPLETED.
19:29:21	Creating temp_vcf4_GD3_ferret23_day5.vcf...
19:29:21	
19:29:21	
19:29:21	###########################  CURRENTLY PROCESSING:   ###########################
19:29:21	temp_vcf4_GD3_ferret23_day5.vcf... VCF format detected
19:29:21	
19:29:21	Converting temp_vcf4_GD3_ferret23_day5.vcf to SNPGenie format...
19:29:21	
19:29:21	In file temp_vcf4_GD3_ferret23_day5.vcf, the newline type is: Unix (LF, \n)
19:29:22	
19:29:22	Calculating and storing protein-coding genome and variant data (that dogma stuff)... COMPLETED.
19:29:22	
19:29:22	Ligating gene segments (computationally, of course!)... COMPLETED.
19:29:22	
19:29:22	Calculating and storing non-protein-coding genome and variant data ("junk" gets a bad rap!)... COMPLETED.
19:29:22	
19:29:22	Processing all individual sites (nucleotides take time and memory; use a high-memory machine for eukaryotic chromosomes!)... COMPLETED.
19:29:22	
19:29:22	Processing population genetic estimates codon-by-codon (beware stochasticity!)... 
19:29:22	output_folder is /segmentdir
19:29:33	COMPLETED.
19:29:33	
19:29:33	Performing final calculations, noncoding overlap analysis, and output... temp_vcf4_GD3_ferret23_day5.vcf COMPLETED.
19:29:33	
19:29:33	output_folder is /segmentdir
19:29:33	
19:29:33	################################################################################
19:29:33	##                      SNPGenie completed successfully.                      ##
19:29:33	##             Please find results in the /segmentdir folder.            ##
19:29:33	################################################################################
19:29:33	
19:29:33	
-----------
19:29:22	
19:29:22	output_folder is /segmentdir
19:29:22	...A_GUANGDONG_17SF003_2016_H7.fastaA_GUANGDONG_17SF003_2016_H7.gtfA_GUANGDONG_17SF003_2016_H7.vcfcodon_results.txtpopulation_summary.txtproduct_results.txtsite_results.txtsnpgenie.plSNPGenie_LOG.txtSNPGenie_parameters.txt
19:29:22	vcf does not exist at /segmentdir
19:29:22	
19:29:22	################################################################################
19:29:22	##                                                                            ##
19:29:22	##                             SNPGenie Initiated!                            ##
19:29:22	##                                                                            ##
19:29:22	################################################################################
19:29:22	
19:29:22	  ###############################  LICENSE:  #################################
19:29:22	  ##            SNPGenie Copyright (C) 2015-18 Chase W. Nelson              ##
19:29:22	  ##            This program comes with ABSOLUTELY NO WARRANTY;             ##
19:29:22	  ##     This is free software, and you are welcome to redistribute it      ##
19:29:22	  ##               under certain conditions; see LICENSE.txt.               ##
19:29:22	  ############################################################################
19:29:22	
19:29:22	Your MIN. MINOR ALLELE FREQ. is 0.01. All variants falling below this frequency will be ignored.
19:29:22	
19:29:22	output_folder is /segmentdir
19:29:22	
19:29:22	Reading in FASTA file... COMPLETED.
19:29:22	Creating temp_vcf4_GD3_ferret23_day5.vcf...
19:29:22	
19:29:22	
19:29:22	###########################  CURRENTLY PROCESSING:   ###########################
19:29:22	temp_vcf4_GD3_ferret23_day5.vcf... VCF format detected
19:29:22	
19:29:22	Converting temp_vcf4_GD3_ferret23_day5.vcf to SNPGenie format...
19:29:22	
19:29:22	In file temp_vcf4_GD3_ferret23_day5.vcf, the newline type is: Unix (LF, \n)
19:29:22	
19:29:22	Calculating and storing protein-coding genome and variant data (that dogma stuff)... COMPLETED.
19:29:22	
19:29:22	Ligating gene segments (computationally, of course!)... COMPLETED.
19:29:22	
19:29:22	Calculating and storing non-protein-coding genome and variant data ("junk" gets a bad rap!)... 
19:29:22	## Variant 'G' excluded from analysis because it falls below the
19:29:22	## minimum minor allele frequency at:
19:29:22	## temp_vcf4_GD3_ferret23_day5.vcf|410
19:29:22	
19:29:22	## Variant 'T' excluded from analysis because it falls below the
19:29:22	## minimum minor allele frequency at:
19:29:22	## temp_vcf4_GD3_ferret23_day5.vcf|1324
19:29:22	
19:29:22	## Variant 'C' excluded from analysis because it falls below the
19:29:22	## minimum minor allele frequency at:
19:29:22	## temp_vcf4_GD3_ferret23_day5.vcf|1497
19:29:22	
19:29:22	## In temp_vcf4_GD3_ferret23_day5.vcf|N/A
19:29:22	## A total of 3 variants have been excluded because they
19:29:22	## fall below the minimum minor allele frequency.
19:29:22	COMPLETED.
19:29:22	
19:29:22	Processing all individual sites (nucleotides take time and memory; use a high-memory machine for eukaryotic chromosomes!)... COMPLETED.
19:29:22	
19:29:22	Processing population genetic estimates codon-by-codon (beware stochasticity!)... 
19:29:22	## Variant 'G' excluded from analysis because it falls below the
19:29:22	## minimum minor allele frequency at:
19:29:22	## temp_vcf4_GD3_ferret23_day5.vcf|HA|410
19:29:22	
19:29:22	## Variant 'T' excluded from analysis because it falls below the
19:29:22	## minimum minor allele frequency at:
19:29:22	## temp_vcf4_GD3_ferret23_day5.vcf|HA|1324
19:29:22	
19:29:22	## Variant 'C' excluded from analysis because it falls below the
19:29:22	## minimum minor allele frequency at:
19:29:22	## temp_vcf4_GD3_ferret23_day5.vcf|HA|1497
19:29:22	
19:29:22	## In temp_vcf4_GD3_ferret23_day5.vcf|HA|N/A
19:29:22	## A total of 3 variants have been excluded because they
19:29:22	## fall below the minimum minor allele frequency.
19:29:22	
19:29:22	output_folder is /segmentdir
19:29:31	COMPLETED.
19:29:31	
19:29:31	Performing final calculations, noncoding overlap analysis, and output... temp_vcf4_GD3_ferret23_day5.vcf COMPLETED.
19:29:31	
19:29:31	output_folder is /segmentdir
19:29:31	
19:29:31	################################################################################
19:29:31	##                      SNPGenie completed successfully.                      ##
19:29:31	##             Please find results in the /segmentdir folder.            ##
19:29:31	################################################################################
19:29:31	
19:29:31	
-----------
19:29:33	
19:29:33	output_folder is /segmentdir
19:29:33	...A_GUANGDONG_17SF003_2016_NP.fastaA_GUANGDONG_17SF003_2016_NP.gtfA_GUANGDONG_17SF003_2016_NP.vcfcodon_results.txtpopulation_summary.txtproduct_results.txtsite_results.txtsnpgenie.plSNPGenie_LOG.txtSNPGenie_parameters.txt
19:29:33	vcf does not exist at /segmentdir
19:29:33	
19:29:33	################################################################################
19:29:33	##                                                                            ##
19:29:33	##                             SNPGenie Initiated!                            ##
19:29:33	##                                                                            ##
19:29:33	################################################################################
19:29:33	
19:29:33	  ###############################  LICENSE:  #################################
19:29:33	  ##            SNPGenie Copyright (C) 2015-18 Chase W. Nelson              ##
19:29:33	  ##            This program comes with ABSOLUTELY NO WARRANTY;             ##
19:29:33	  ##     This is free software, and you are welcome to redistribute it      ##
19:29:33	  ##               under certain conditions; see LICENSE.txt.               ##
19:29:33	  ############################################################################
19:29:33	
19:29:33	Your MIN. MINOR ALLELE FREQ. is 0.01. All variants falling below this frequency will be ignored.
19:29:34	
19:29:34	output_folder is /segmentdir
19:29:34	
19:29:34	Reading in FASTA file... COMPLETED.
19:29:34	Creating temp_vcf4_GD3_ferret23_day5.vcf...
19:29:34	
19:29:34	
19:29:34	###########################  CURRENTLY PROCESSING:   ###########################
19:29:34	temp_vcf4_GD3_ferret23_day5.vcf... VCF format detected
19:29:34	
19:29:34	Converting temp_vcf4_GD3_ferret23_day5.vcf to SNPGenie format...
19:29:34	
19:29:34	In file temp_vcf4_GD3_ferret23_day5.vcf, the newline type is: Unix (LF, \n)
19:29:34	
19:29:34	Calculating and storing protein-coding genome and variant data (that dogma stuff)... COMPLETED.
19:29:34	
19:29:34	Ligating gene segments (computationally, of course!)... COMPLETED.
19:29:34	
19:29:34	Calculating and storing non-protein-coding genome and variant data ("junk" gets a bad rap!)... COMPLETED.
19:29:34	
19:29:34	Processing all individual sites (nucleotides take time and memory; use a high-memory machine for eukaryotic chromosomes!)... COMPLETED.
19:29:34	
19:29:34	Processing population genetic estimates codon-by-codon (beware stochasticity!)... 
19:29:34	output_folder is /segmentdir
19:29:42	COMPLETED.
19:29:42	
19:29:42	Performing final calculations, noncoding overlap analysis, and output... temp_vcf4_GD3_ferret23_day5.vcf COMPLETED.
19:29:42	
19:29:42	output_folder is /segmentdir
19:29:42	
19:29:42	################################################################################
19:29:42	##                      SNPGenie completed successfully.                      ##
19:29:42	##             Please find results in the /segmentdir folder.            ##
19:29:42	################################################################################
19:29:42	
19:29:42	
-----------
19:29:35	
19:29:35	output_folder is /segmentdir
19:29:36	...A_GUANGDONG_17SF003_2016_N9.fastaA_GUANGDONG_17SF003_2016_N9.gtfA_GUANGDONG_17SF003_2016_N9.vcfcodon_results.txtpopulation_summary.txtproduct_results.txtsite_results.txtsnpgenie.plSNPGenie_LOG.txtSNPGenie_parameters.txt
19:29:36	vcf does not exist at /segmentdir
19:29:36	
19:29:36	################################################################################
19:29:36	##                                                                            ##
19:29:36	##                             SNPGenie Initiated!                            ##
19:29:36	##                                                                            ##
19:29:36	################################################################################
19:29:36	
19:29:36	  ###############################  LICENSE:  #################################
19:29:36	  ##            SNPGenie Copyright (C) 2015-18 Chase W. Nelson              ##
19:29:36	  ##            This program comes with ABSOLUTELY NO WARRANTY;             ##
19:29:36	  ##     This is free software, and you are welcome to redistribute it      ##
19:29:36	  ##               under certain conditions; see LICENSE.txt.               ##
19:29:36	  ############################################################################
19:29:36	
19:29:36	Your MIN. MINOR ALLELE FREQ. is 0.01. All variants falling below this frequency will be ignored.
19:29:36	
19:29:36	output_folder is /segmentdir
19:29:36	
19:29:36	Reading in FASTA file... COMPLETED.
19:29:36	Creating temp_vcf4_GD3_ferret23_day5.vcf...
19:29:36	
19:29:36	
19:29:36	###########################  CURRENTLY PROCESSING:   ###########################
19:29:36	temp_vcf4_GD3_ferret23_day5.vcf... VCF format detected
19:29:36	
19:29:36	Converting temp_vcf4_GD3_ferret23_day5.vcf to SNPGenie format...
19:29:36	
19:29:36	In file temp_vcf4_GD3_ferret23_day5.vcf, the newline type is: Unix (LF, \n)
19:29:36	
19:29:36	Calculating and storing protein-coding genome and variant data (that dogma stuff)... COMPLETED.
19:29:36	
19:29:36	Ligating gene segments (computationally, of course!)... COMPLETED.
19:29:36	
19:29:36	Calculating and storing non-protein-coding genome and variant data ("junk" gets a bad rap!)... 
19:29:36	## Variant 'G' excluded from analysis because it falls below the
19:29:36	## minimum minor allele frequency at:
19:29:36	## temp_vcf4_GD3_ferret23_day5.vcf|903
19:29:36	
19:29:36	## Variant 'G' excluded from analysis because it falls below the
19:29:36	## minimum minor allele frequency at:
19:29:36	## temp_vcf4_GD3_ferret23_day5.vcf|916
19:29:36	
19:29:36	## In temp_vcf4_GD3_ferret23_day5.vcf|N/A
19:29:36	## A total of 2 variants have been excluded because they
19:29:36	## fall below the minimum minor allele frequency.
19:29:36	COMPLETED.
19:29:36	
19:29:36	Processing all individual sites (nucleotides take time and memory; use a high-memory machine for eukaryotic chromosomes!)... COMPLETED.
19:29:36	
19:29:36	Processing population genetic estimates codon-by-codon (beware stochasticity!)... 
19:29:36	## Variant 'G' excluded from analysis because it falls below the
19:29:36	## minimum minor allele frequency at:
19:29:36	## temp_vcf4_GD3_ferret23_day5.vcf|NA|903
19:29:36	
19:29:36	## Variant 'G' excluded from analysis because it falls below the
19:29:36	## minimum minor allele frequency at:
19:29:36	## temp_vcf4_GD3_ferret23_day5.vcf|NA|916
19:29:36	
19:29:36	## In temp_vcf4_GD3_ferret23_day5.vcf|NA|N/A
19:29:36	## A total of 2 variants have been excluded because they
19:29:36	## fall below the minimum minor allele frequency.
19:29:36	
19:29:36	output_folder is /segmentdir
19:29:43	COMPLETED.
19:29:43	
19:29:43	Performing final calculations, noncoding overlap analysis, and output... temp_vcf4_GD3_ferret23_day5.vcf COMPLETED.
19:29:43	
19:29:43	output_folder is /segmentdir
19:29:43	
19:29:43	################################################################################
19:29:43	##                      SNPGenie completed successfully.                      ##
19:29:43	##             Please find results in the /segmentdir folder.            ##
19:29:43	################################################################################
19:29:43	
19:29:43	
-----------
19:29:37	
19:29:37	output_folder is /segmentdir
19:29:37	...A_GUANGDONG_17SF003_2016_MP.fastaA_GUANGDONG_17SF003_2016_MP.gtfA_GUANGDONG_17SF003_2016_MP.vcfcodon_results.txtpopulation_summary.txtproduct_results.txtsite_results.txtsnpgenie.plSNPGenie_LOG.txtSNPGenie_parameters.txt
19:29:37	vcf does not exist at /segmentdir
19:29:37	
19:29:37	################################################################################
19:29:37	##                                                                            ##
19:29:37	##                             SNPGenie Initiated!                            ##
19:29:37	##                                                                            ##
19:29:37	################################################################################
19:29:37	
19:29:37	  ###############################  LICENSE:  #################################
19:29:37	  ##            SNPGenie Copyright (C) 2015-18 Chase W. Nelson              ##
19:29:37	  ##            This program comes with ABSOLUTELY NO WARRANTY;             ##
19:29:37	  ##     This is free software, and you are welcome to redistribute it      ##
19:29:37	  ##               under certain conditions; see LICENSE.txt.               ##
19:29:37	  ############################################################################
19:29:37	
19:29:37	Your MIN. MINOR ALLELE FREQ. is 0.01. All variants falling below this frequency will be ignored.
19:29:37	
19:29:37	output_folder is /segmentdir
19:29:37	
19:29:37	Reading in FASTA file... COMPLETED.
19:29:37	Creating temp_vcf4_GD3_ferret23_day5.vcf...
19:29:37	
19:29:37	
19:29:37	###########################  CURRENTLY PROCESSING:   ###########################
19:29:37	temp_vcf4_GD3_ferret23_day5.vcf... VCF format detected
19:29:37	
19:29:37	Converting temp_vcf4_GD3_ferret23_day5.vcf to SNPGenie format...
19:29:37	
19:29:37	In file temp_vcf4_GD3_ferret23_day5.vcf, the newline type is: Unix (LF, \n)
19:29:37	
19:29:37	Calculating and storing protein-coding genome and variant data (that dogma stuff)... COMPLETED.
19:29:37	
19:29:37	Ligating gene segments (computationally, of course!)... COMPLETED.
19:29:37	
19:29:37	Calculating and storing non-protein-coding genome and variant data ("junk" gets a bad rap!)... COMPLETED.
19:29:37	
19:29:37	Processing all individual sites (nucleotides take time and memory; use a high-memory machine for eukaryotic chromosomes!)... COMPLETED.
19:29:37	
19:29:37	Processing population genetic estimates codon-by-codon (beware stochasticity!)... 
19:29:37	output_folder is /segmentdir
19:29:41	
19:29:41	output_folder is /segmentdir
19:29:42	COMPLETED.
19:29:42	
19:29:42	Performing final calculations, noncoding overlap analysis, and output... temp_vcf4_GD3_ferret23_day5.vcf COMPLETED.
19:29:42	
19:29:42	output_folder is /segmentdir
19:29:42	
19:29:42	################################################################################
19:29:42	##                      SNPGenie completed successfully.                      ##
19:29:42	##             Please find results in the /segmentdir folder.            ##
19:29:42	################################################################################
19:29:42	
19:29:42	
-----------
19:29:37	
19:29:37	output_folder is /segmentdir
19:29:37	...A_GUANGDONG_17SF003_2016_NS.fastaA_GUANGDONG_17SF003_2016_NS.gtfA_GUANGDONG_17SF003_2016_NS.vcfcodon_results.txtpopulation_summary.txtproduct_results.txtsite_results.txtsnpgenie.plSNPGenie_LOG.txtSNPGenie_parameters.txt
19:29:37	vcf exists!
19:29:37	
19:29:37	
19:29:37	################################################################################
19:29:37	##                                                                            ##
19:29:37	##                             SNPGenie Initiated!                            ##
19:29:37	##                                                                            ##
19:29:37	################################################################################
19:29:37	
19:29:37	  ###############################  LICENSE:  #################################
19:29:37	  ##            SNPGenie Copyright (C) 2015-18 Chase W. Nelson              ##
19:29:37	  ##            This program comes with ABSOLUTELY NO WARRANTY;             ##
19:29:37	  ##     This is free software, and you are welcome to redistribute it      ##
19:29:37	  ##               under certain conditions; see LICENSE.txt.               ##
19:29:37	  ############################################################################
19:29:37	
19:29:37	Your MIN. MINOR ALLELE FREQ. is 0.01. All variants falling below this frequency will be ignored.
19:29:37	
19:29:37	output_folder is /segmentdir
19:29:37	
19:29:37	Reading in FASTA file... COMPLETED.
19:29:37	Creating temp_vcf4_GD3_ferret23_day5.vcf...
19:29:37	
19:29:37	
19:29:37	###########################  CURRENTLY PROCESSING:   ###########################
19:29:37	temp_vcf4_GD3_ferret23_day5.vcf... VCF format detected
19:29:37	
19:29:37	Converting temp_vcf4_GD3_ferret23_day5.vcf to SNPGenie format...
19:29:37	
19:29:37	In file temp_vcf4_GD3_ferret23_day5.vcf, the newline type is: Unix (LF, \n)
19:29:37	
19:29:37	Calculating and storing protein-coding genome and variant data (that dogma stuff)... COMPLETED.
19:29:37	
19:29:37	Ligating gene segments (computationally, of course!)... COMPLETED.
19:29:37	
19:29:37	Calculating and storing non-protein-coding genome and variant data ("junk" gets a bad rap!)... COMPLETED.
19:29:37	
19:29:37	Processing all individual sites (nucleotides take time and memory; use a high-memory machine for eukaryotic chromosomes!)... COMPLETED.
19:29:37	
19:29:37	Processing population genetic estimates codon-by-codon (beware stochasticity!)... 
19:29:37	output_folder is /segmentdir
19:29:39	
19:29:39	output_folder is /segmentdir
19:29:42	COMPLETED.
19:29:42	
19:29:42	Performing final calculations, noncoding overlap analysis, and output... temp_vcf4_GD3_ferret23_day5.vcf COMPLETED.
19:29:42	
19:29:42	output_folder is /segmentdir
19:29:42	
19:29:42	################################################################################
19:29:42	##                      SNPGenie completed successfully.                      ##
19:29:42	##             Please find results in the /segmentdir folder.            ##
19:29:42	################################################################################
19:29:42	
19:29:42	
***********
***********
Sniffles: Finished with a total runtime of 0:36:49.650000.
