274125 reads; of these:
  274125 (100.00%) were paired; of these:
    10468 (3.82%) aligned concordantly 0 times
    263461 (96.11%) aligned concordantly exactly 1 time
    196 (0.07%) aligned concordantly >1 times
    ----
    10468 pairs aligned concordantly 0 times; of these:
      10305 (98.44%) aligned discordantly 1 time
    ----
    163 pairs aligned 0 times concordantly or discordantly; of these:
      326 mates make up the pairs; of these:
        311 (95.40%) aligned 0 times
        14 (4.29%) aligned exactly 1 time
        1 (0.31%) aligned >1 times
99.94% overall alignment rate
200000 reads; of these:
  200000 (100.00%) were paired; of these:
    175577 (87.79%) aligned concordantly 0 times
    24402 (12.20%) aligned concordantly exactly 1 time
    21 (0.01%) aligned concordantly >1 times
    ----
    175577 pairs aligned concordantly 0 times; of these:
      172961 (98.51%) aligned discordantly 1 time
    ----
    2616 pairs aligned 0 times concordantly or discordantly; of these:
      5232 mates make up the pairs; of these:
        2374 (45.37%) aligned 0 times
        2615 (49.98%) aligned exactly 1 time
        243 (4.64%) aligned >1 times
99.41% overall alignment rate
