***********
Beginning run at Mon, 12 Aug 2019 11:04:14 PM
Beginning run at Mon, 12 Aug 2019 11:04:14 PM
***********
Processing samples for reference sequence Anhui_ferret25_day3
***********
Started quality trimming
Anhui_ferret25_day3_rep1
-----------
Anhui_ferret25_day3_rep2
-----------
***********
Trimmomatic
***********
23:04:15	TrimmomaticPE: Started with arguments:
23:04:15	 Anhui_ferret25_day3_rep1_R1.fastq.gz Anhui_ferret25_day3_rep1_R2.fastq.gz -baseout /output/Anhui_ferret25_day3_rep1_trimmed.fastq.gz SLIDINGWINDOW:5:30 MINLEN:100
23:04:15	Multiple cores found: Using 2 threads
23:04:15	Using templated Output files: /output/Anhui_ferret25_day3_rep1_trimmed_1P.fastq.gz /output/Anhui_ferret25_day3_rep1_trimmed_1U.fastq.gz /output/Anhui_ferret25_day3_rep1_trimmed_2P.fastq.gz /output/Anhui_ferret25_day3_rep1_trimmed_2U.fastq.gz
23:04:17	Quality encoding detected as phred33
23:06:20	Input Read Pairs: 1091967 Both Surviving: 498476 (45.65%) Forward Only Surviving: 218920 (20.05%) Reverse Only Surviving: 14574 (1.33%) Dropped: 359997 (32.97%)
23:06:21	TrimmomaticPE: Completed successfully
23:04:15	TrimmomaticPE: Started with arguments:
23:04:15	 Anhui_ferret25_day3_rep2_R1.fastq.gz Anhui_ferret25_day3_rep2_R2.fastq.gz -baseout /output/Anhui_ferret25_day3_rep2_trimmed.fastq.gz SLIDINGWINDOW:5:30 MINLEN:100
23:04:15	Multiple cores found: Using 2 threads
23:04:15	Using templated Output files: /output/Anhui_ferret25_day3_rep2_trimmed_1P.fastq.gz /output/Anhui_ferret25_day3_rep2_trimmed_1U.fastq.gz /output/Anhui_ferret25_day3_rep2_trimmed_2P.fastq.gz /output/Anhui_ferret25_day3_rep2_trimmed_2U.fastq.gz
23:04:17	Quality encoding detected as phred33
23:06:24	Input Read Pairs: 867557 Both Surviving: 484756 (55.88%) Forward Only Surviving: 112402 (12.96%) Reverse Only Surviving: 52905 (6.10%) Dropped: 217494 (25.07%)
23:06:24	TrimmomaticPE: Completed successfully
***********
***********
Indexing reference sequence
***********
Bowtie2 indexing the reference
***********
***********
Beginning initial mapping
Anhui_ferret25_day3_rep1
-----------
Anhui_ferret25_day3_rep2
-----------
***********
Mapping
-----------
-----------
***********
***********
Determining Average Coverage
***********
Anhui_ferret25_day3_rep1
-----------
23:31:10	java -ea -Xmx1007m -cp /tools/bbmap/current/ jgi.CoveragePileup in=Anhui_ferret25_day3_rep1.tmp.sam out=Anhui_ferret25_day3_rep1_coverage.tsv ref=/reference/Anhui_ferret25_day3.fasta 32bit=t
23:31:10	Executing jgi.CoveragePileup [in=Anhui_ferret25_day3_rep1.tmp.sam, out=Anhui_ferret25_day3_rep1_coverage.tsv, ref=/reference/Anhui_ferret25_day3.fasta, 32bit=t]
23:31:10	
23:31:11	Found samtools 1.9
23:31:11	Warning - SAM header did not include A_ANHUI_1_2013_PB2
23:31:11	Absent scaffolds will be added; further warnings will be suppressed.
23:31:15	Reads:                               	996391
23:31:15	Mapped reads:                        	996391
23:31:15	Mapped bases:                        	200660349
23:31:15	Ref scaffolds:                       	8
23:31:15	Ref bases:                           	13103
23:31:15	
23:31:15	Percent mapped:                      	100.000
23:31:15	Percent proper pairs:                	94.191
23:31:15	Average coverage:                    	15314.077
23:31:15	Standard deviation:                    	8598.316
23:31:15	Percent scaffolds with any coverage: 	100.00
23:31:15	Percent of reference bases covered:  	100.00
23:31:15	
23:31:15	Time: 	4.650 seconds.
***********
***********
Determining Average Coverage
***********
Anhui_ferret25_day3_rep2
-----------
23:32:15	java -ea -Xmx1006m -cp /tools/bbmap/current/ jgi.CoveragePileup in=Anhui_ferret25_day3_rep2.tmp.sam out=Anhui_ferret25_day3_rep2_coverage.tsv ref=/reference/Anhui_ferret25_day3.fasta 32bit=t
23:32:15	Executing jgi.CoveragePileup [in=Anhui_ferret25_day3_rep2.tmp.sam, out=Anhui_ferret25_day3_rep2_coverage.tsv, ref=/reference/Anhui_ferret25_day3.fasta, 32bit=t]
23:32:15	
23:32:15	Found samtools 1.9
23:32:15	Warning - SAM header did not include A_ANHUI_1_2013_PB2
23:32:15	Absent scaffolds will be added; further warnings will be suppressed.
23:32:19	Reads:                               	968914
23:32:19	Mapped reads:                        	968914
23:32:19	Mapped bases:                        	214887460
23:32:19	Ref scaffolds:                       	8
23:32:19	Ref bases:                           	13103
23:32:19	
23:32:19	Percent mapped:                      	100.000
23:32:19	Percent proper pairs:                	91.453
23:32:19	Average coverage:                    	16399.867
23:32:19	Standard deviation:                    	9025.520
23:32:19	Percent scaffolds with any coverage: 	100.00
23:32:19	Percent of reference bases covered:  	100.00
23:32:19	
23:32:19	Time: 	4.476 seconds.
***********
***********
Downsampling with seqtk to normalize coverage
***********
Downsampling with seqtk to normalize coverage
Anhui_ferret25_day3_rep1
-----------
23:32:52	[M::bam2fq_mainloop] discarded 0 singletons
23:32:52	[M::bam2fq_mainloop] processed 996391 reads
Anhui_ferret25_day3_rep2
-----------
23:33:45	[M::bam2fq_mainloop] discarded 0 singletons
23:33:45	[M::bam2fq_mainloop] processed 968914 reads
***********
Anhui_ferret25_day3_rep1
-----------
Anhui_ferret25_day3_rep2
-----------
***********
Mapping
-----------
-----------
***********
***********
Generating consensus sequence
***********
Generating Consensus
-----------
23:40:25	[mpileup] 1 samples in 1 input files
23:41:16	Warning: No p-value threshold provided, so p-values will not be calculated
23:41:16	Min coverage:	100
23:41:16	Min reads2:	2
23:41:16	Min var freq:	0.5
23:41:16	Min avg qual:	30
23:41:16	P-value thresh:	0.01
23:41:16	Reading input from Anhui_ferret25_day3_rep1.pileup
23:42:15	13103 bases in pileup file
23:42:15	0 variant positions (0 SNP, 0 indel)
23:42:15	0 were failed by the strand-filter
23:42:15	0 variant positions reported (0 SNP, 0 indel)
-----------
23:40:25	[mpileup] 1 samples in 1 input files
23:41:26	Warning: No p-value threshold provided, so p-values will not be calculated
23:41:26	Min coverage:	100
23:41:26	Min reads2:	2
23:41:26	Min var freq:	0.5
23:41:26	Min avg qual:	30
23:41:26	P-value thresh:	0.01
23:41:26	Reading input from Anhui_ferret25_day3_rep2.pileup
23:42:21	13103 bases in pileup file
23:42:21	0 variant positions (0 SNP, 0 indel)
23:42:21	0 were failed by the strand-filter
23:42:21	0 variant positions reported (0 SNP, 0 indel)
***********
***********
Creating consensus Fasta
-----------
23:42:23	Note: the --sample option not given, applying all records regardless of the genotype
-----------
23:42:23	Note: the --sample option not given, applying all records regardless of the genotype
***********
***********
Calling replicate SNPs with Varscan
/infile/Anhui_ferret25_day3_rep1
-----------
/infile/Anhui_ferret25_day3_rep2
-----------
***********
Calling SNPs
23:42:24	[mpileup] 1 samples in 1 input files
23:43:20	Got the following sample list: 
23:43:20	Anhui_ferret25_day3_rep1
23:43:20	Only SNPs will be reported
23:43:20	Warning: No p-value threshold provided, so p-values will not be calculated
23:43:20	Min coverage:	100
23:43:20	Min reads2:	2
23:43:20	Min var freq:	0.01
23:43:20	Min avg qual:	30
23:43:20	P-value thresh:	0.01
23:43:20	Reading input from Anhui_ferret25_day3_rep1.mpileup
23:43:54	13103 bases in pileup file
23:43:54	157 variant positions (146 SNP, 11 indel)
23:43:54	0 were failed by the strand-filter
23:43:54	146 variant positions reported (146 SNP, 0 indel)
23:42:25	[mpileup] 1 samples in 1 input files
23:43:28	Got the following sample list: 
23:43:28	Anhui_ferret25_day3_rep2
23:43:28	Only SNPs will be reported
23:43:28	Warning: No p-value threshold provided, so p-values will not be calculated
23:43:28	Min coverage:	100
23:43:28	Min reads2:	2
23:43:28	Min var freq:	0.01
23:43:28	Min avg qual:	30
23:43:28	P-value thresh:	0.01
23:43:28	Reading input from Anhui_ferret25_day3_rep2.mpileup
23:43:59	13103 bases in pileup file
23:43:59	150 variant positions (145 SNP, 5 indel)
23:43:59	0 were failed by the strand-filter
23:43:59	145 variant positions reported (145 SNP, 0 indel)
['Anhui_ferret25_day3_averaged.vcf']-----------

Combined all vcf files into master vcf file all_snps.vcf
-----------
***********
***********
Annotating SNPs
***********
Performing population analysis with SNPGenie
A_ANHUI_1_2013_PA
-----------
A_ANHUI_1_2013_H7
-----------
A_ANHUI_1_2013_PB1
-----------
A_ANHUI_1_2013_PB2
-----------
A_ANHUI_1_2013_NP
-----------
A_ANHUI_1_2013_MP
-----------
A_ANHUI_1_2013_N9
-----------
A_ANHUI_1_2013_NS
-----------
***********
Getting Population Statistics
-----------
23:44:02	
23:44:02	output_folder is /segmentdir
23:44:02	...A_ANHUI_1_2013_PB2.fastaA_ANHUI_1_2013_PB2.gtfA_ANHUI_1_2013_PB2.vcfcodon_results.txtpopulation_summary.txtproduct_results.txtsite_results.txtsnpgenie.plSNPGenie_LOG.txtSNPGenie_parameters.txt
23:44:02	vcf does not exist at /segmentdir
23:44:02	
23:44:02	################################################################################
23:44:02	##                                                                            ##
23:44:02	##                             SNPGenie Initiated!                            ##
23:44:02	##                                                                            ##
23:44:02	################################################################################
23:44:02	
23:44:02	  ###############################  LICENSE:  #################################
23:44:02	  ##            SNPGenie Copyright (C) 2015-18 Chase W. Nelson              ##
23:44:02	  ##            This program comes with ABSOLUTELY NO WARRANTY;             ##
23:44:02	  ##     This is free software, and you are welcome to redistribute it      ##
23:44:02	  ##               under certain conditions; see LICENSE.txt.               ##
23:44:02	  ############################################################################
23:44:02	
23:44:02	Your MIN. MINOR ALLELE FREQ. is 0.01. All variants falling below this frequency will be ignored.
23:44:02	
23:44:02	output_folder is /segmentdir
23:44:02	
23:44:02	Reading in FASTA file... COMPLETED.
23:44:02	Creating temp_vcf4_Anhui_ferret25_day3.vcf...
23:44:02	
23:44:02	
23:44:02	###########################  CURRENTLY PROCESSING:   ###########################
23:44:02	temp_vcf4_Anhui_ferret25_day3.vcf... VCF format detected
23:44:02	
23:44:02	Converting temp_vcf4_Anhui_ferret25_day3.vcf to SNPGenie format...
23:44:02	
23:44:02	In file temp_vcf4_Anhui_ferret25_day3.vcf, the newline type is: Unix (LF, \n)
23:44:02	
23:44:02	Calculating and storing protein-coding genome and variant data (that dogma stuff)... COMPLETED.
23:44:02	
23:44:02	Ligating gene segments (computationally, of course!)... COMPLETED.
23:44:02	
23:44:02	Calculating and storing non-protein-coding genome and variant data ("junk" gets a bad rap!)... COMPLETED.
23:44:02	
23:44:02	Processing all individual sites (nucleotides take time and memory; use a high-memory machine for eukaryotic chromosomes!)... COMPLETED.
23:44:02	
23:44:02	Processing population genetic estimates codon-by-codon (beware stochasticity!)... 
23:44:02	output_folder is /segmentdir
23:44:14	COMPLETED.
23:44:14	
23:44:14	Performing final calculations, noncoding overlap analysis, and output... temp_vcf4_Anhui_ferret25_day3.vcf COMPLETED.
23:44:14	
23:44:14	output_folder is /segmentdir
23:44:14	
23:44:14	################################################################################
23:44:14	##                      SNPGenie completed successfully.                      ##
23:44:14	##             Please find results in the /segmentdir folder.            ##
23:44:14	################################################################################
23:44:14	
23:44:14	
-----------
23:44:02	
23:44:02	output_folder is /segmentdir
23:44:02	...A_ANHUI_1_2013_PB1.fastaA_ANHUI_1_2013_PB1.gtfA_ANHUI_1_2013_PB1.vcfcodon_results.txtpopulation_summary.txtproduct_results.txtsite_results.txtsnpgenie.plSNPGenie_LOG.txtSNPGenie_parameters.txt
23:44:02	vcf does not exist at /segmentdir
23:44:02	
23:44:02	################################################################################
23:44:02	##                                                                            ##
23:44:02	##                             SNPGenie Initiated!                            ##
23:44:02	##                                                                            ##
23:44:02	################################################################################
23:44:02	
23:44:02	  ###############################  LICENSE:  #################################
23:44:02	  ##            SNPGenie Copyright (C) 2015-18 Chase W. Nelson              ##
23:44:02	  ##            This program comes with ABSOLUTELY NO WARRANTY;             ##
23:44:02	  ##     This is free software, and you are welcome to redistribute it      ##
23:44:02	  ##               under certain conditions; see LICENSE.txt.               ##
23:44:02	  ############################################################################
23:44:02	
23:44:02	Your MIN. MINOR ALLELE FREQ. is 0.01. All variants falling below this frequency will be ignored.
23:44:02	
23:44:02	output_folder is /segmentdir
23:44:02	
23:44:02	Reading in FASTA file... COMPLETED.
23:44:02	Creating temp_vcf4_Anhui_ferret25_day3.vcf...
23:44:02	
23:44:02	
23:44:02	###########################  CURRENTLY PROCESSING:   ###########################
23:44:02	temp_vcf4_Anhui_ferret25_day3.vcf... VCF format detected
23:44:02	
23:44:02	Converting temp_vcf4_Anhui_ferret25_day3.vcf to SNPGenie format...
23:44:02	
23:44:02	In file temp_vcf4_Anhui_ferret25_day3.vcf, the newline type is: Unix (LF, \n)
23:44:02	
23:44:02	Calculating and storing protein-coding genome and variant data (that dogma stuff)... COMPLETED.
23:44:02	
23:44:02	Ligating gene segments (computationally, of course!)... COMPLETED.
23:44:02	
23:44:02	Calculating and storing non-protein-coding genome and variant data ("junk" gets a bad rap!)... COMPLETED.
23:44:02	
23:44:02	Processing all individual sites (nucleotides take time and memory; use a high-memory machine for eukaryotic chromosomes!)... COMPLETED.
23:44:02	
23:44:02	Processing population genetic estimates codon-by-codon (beware stochasticity!)... 
23:44:02	output_folder is /segmentdir
23:44:15	COMPLETED.
23:44:15	
23:44:15	Performing final calculations, noncoding overlap analysis, and output... temp_vcf4_Anhui_ferret25_day3.vcf COMPLETED.
23:44:15	
23:44:15	output_folder is /segmentdir
23:44:15	
23:44:15	################################################################################
23:44:15	##                      SNPGenie completed successfully.                      ##
23:44:15	##             Please find results in the /segmentdir folder.            ##
23:44:15	################################################################################
23:44:15	
23:44:15	
-----------
23:44:02	
23:44:02	output_folder is /segmentdir
23:44:02	...A_ANHUI_1_2013_PA.fastaA_ANHUI_1_2013_PA.gtfA_ANHUI_1_2013_PA.vcfcodon_results.txtpopulation_summary.txtproduct_results.txtsite_results.txtsnpgenie.plSNPGenie_LOG.txtSNPGenie_parameters.txt
23:44:02	vcf does not exist at /segmentdir
23:44:02	
23:44:02	################################################################################
23:44:02	##                                                                            ##
23:44:02	##                             SNPGenie Initiated!                            ##
23:44:02	##                                                                            ##
23:44:02	################################################################################
23:44:02	
23:44:02	  ###############################  LICENSE:  #################################
23:44:02	  ##            SNPGenie Copyright (C) 2015-18 Chase W. Nelson              ##
23:44:02	  ##            This program comes with ABSOLUTELY NO WARRANTY;             ##
23:44:02	  ##     This is free software, and you are welcome to redistribute it      ##
23:44:02	  ##               under certain conditions; see LICENSE.txt.               ##
23:44:02	  ############################################################################
23:44:02	
23:44:02	Your MIN. MINOR ALLELE FREQ. is 0.01. All variants falling below this frequency will be ignored.
23:44:02	
23:44:02	output_folder is /segmentdir
23:44:02	
23:44:02	Reading in FASTA file... COMPLETED.
23:44:02	Creating temp_vcf4_Anhui_ferret25_day3.vcf...
23:44:02	
23:44:02	
23:44:02	###########################  CURRENTLY PROCESSING:   ###########################
23:44:02	temp_vcf4_Anhui_ferret25_day3.vcf... VCF format detected
23:44:02	
23:44:02	Converting temp_vcf4_Anhui_ferret25_day3.vcf to SNPGenie format...
23:44:02	
23:44:02	In file temp_vcf4_Anhui_ferret25_day3.vcf, the newline type is: Unix (LF, \n)
23:44:02	
23:44:02	Calculating and storing protein-coding genome and variant data (that dogma stuff)... COMPLETED.
23:44:02	
23:44:02	Ligating gene segments (computationally, of course!)... COMPLETED.
23:44:02	
23:44:02	Calculating and storing non-protein-coding genome and variant data ("junk" gets a bad rap!)... COMPLETED.
23:44:02	
23:44:02	Processing all individual sites (nucleotides take time and memory; use a high-memory machine for eukaryotic chromosomes!)... COMPLETED.
23:44:02	
23:44:02	Processing population genetic estimates codon-by-codon (beware stochasticity!)... 
23:44:02	output_folder is /segmentdir
23:44:14	COMPLETED.
23:44:14	
23:44:14	Performing final calculations, noncoding overlap analysis, and output... temp_vcf4_Anhui_ferret25_day3.vcf COMPLETED.
23:44:14	
23:44:14	output_folder is /segmentdir
23:44:14	
23:44:14	################################################################################
23:44:14	##                      SNPGenie completed successfully.                      ##
23:44:14	##             Please find results in the /segmentdir folder.            ##
23:44:14	################################################################################
23:44:14	
23:44:14	
-----------
23:44:02	
23:44:02	output_folder is /segmentdir
23:44:02	...A_ANHUI_1_2013_H7.fastaA_ANHUI_1_2013_H7.gtfA_ANHUI_1_2013_H7.vcfcodon_results.txtpopulation_summary.txtproduct_results.txtsite_results.txtsnpgenie.plSNPGenie_LOG.txtSNPGenie_parameters.txt
23:44:02	vcf does not exist at /segmentdir
23:44:02	
23:44:02	################################################################################
23:44:02	##                                                                            ##
23:44:02	##                             SNPGenie Initiated!                            ##
23:44:02	##                                                                            ##
23:44:02	################################################################################
23:44:02	
23:44:02	  ###############################  LICENSE:  #################################
23:44:02	  ##            SNPGenie Copyright (C) 2015-18 Chase W. Nelson              ##
23:44:02	  ##            This program comes with ABSOLUTELY NO WARRANTY;             ##
23:44:02	  ##     This is free software, and you are welcome to redistribute it      ##
23:44:02	  ##               under certain conditions; see LICENSE.txt.               ##
23:44:02	  ############################################################################
23:44:02	
23:44:02	Your MIN. MINOR ALLELE FREQ. is 0.01. All variants falling below this frequency will be ignored.
23:44:02	
23:44:02	output_folder is /segmentdir
23:44:02	
23:44:02	Reading in FASTA file... COMPLETED.
23:44:02	Creating temp_vcf4_Anhui_ferret25_day3.vcf...
23:44:02	
23:44:02	
23:44:02	###########################  CURRENTLY PROCESSING:   ###########################
23:44:02	temp_vcf4_Anhui_ferret25_day3.vcf... VCF format detected
23:44:02	
23:44:02	Converting temp_vcf4_Anhui_ferret25_day3.vcf to SNPGenie format...
23:44:02	
23:44:02	In file temp_vcf4_Anhui_ferret25_day3.vcf, the newline type is: Unix (LF, \n)
23:44:02	
23:44:02	Calculating and storing protein-coding genome and variant data (that dogma stuff)... COMPLETED.
23:44:02	
23:44:02	Ligating gene segments (computationally, of course!)... COMPLETED.
23:44:02	
23:44:02	Calculating and storing non-protein-coding genome and variant data ("junk" gets a bad rap!)... COMPLETED.
23:44:02	
23:44:02	Processing all individual sites (nucleotides take time and memory; use a high-memory machine for eukaryotic chromosomes!)... COMPLETED.
23:44:02	
23:44:02	Processing population genetic estimates codon-by-codon (beware stochasticity!)... 
23:44:02	output_folder is /segmentdir
23:44:10	COMPLETED.
23:44:10	
23:44:10	Performing final calculations, noncoding overlap analysis, and output... temp_vcf4_Anhui_ferret25_day3.vcf COMPLETED.
23:44:10	
23:44:10	output_folder is /segmentdir
23:44:10	
23:44:10	################################################################################
23:44:10	##                      SNPGenie completed successfully.                      ##
23:44:10	##             Please find results in the /segmentdir folder.            ##
23:44:10	################################################################################
23:44:10	
23:44:10	
-----------
23:44:13	
23:44:13	output_folder is /segmentdir
23:44:13	...A_ANHUI_1_2013_NP.fastaA_ANHUI_1_2013_NP.gtfA_ANHUI_1_2013_NP.vcfcodon_results.txtpopulation_summary.txtproduct_results.txtsite_results.txtsnpgenie.plSNPGenie_LOG.txtSNPGenie_parameters.txt
23:44:13	vcf does not exist at /segmentdir
23:44:13	
23:44:13	################################################################################
23:44:13	##                                                                            ##
23:44:13	##                             SNPGenie Initiated!                            ##
23:44:13	##                                                                            ##
23:44:13	################################################################################
23:44:13	
23:44:13	  ###############################  LICENSE:  #################################
23:44:13	  ##            SNPGenie Copyright (C) 2015-18 Chase W. Nelson              ##
23:44:13	  ##            This program comes with ABSOLUTELY NO WARRANTY;             ##
23:44:13	  ##     This is free software, and you are welcome to redistribute it      ##
23:44:13	  ##               under certain conditions; see LICENSE.txt.               ##
23:44:13	  ############################################################################
23:44:13	
23:44:13	Your MIN. MINOR ALLELE FREQ. is 0.01. All variants falling below this frequency will be ignored.
23:44:13	
23:44:13	output_folder is /segmentdir
23:44:13	
23:44:13	Reading in FASTA file... COMPLETED.
23:44:13	Creating temp_vcf4_Anhui_ferret25_day3.vcf...
23:44:13	
23:44:13	
23:44:13	###########################  CURRENTLY PROCESSING:   ###########################
23:44:13	temp_vcf4_Anhui_ferret25_day3.vcf... VCF format detected
23:44:13	
23:44:13	Converting temp_vcf4_Anhui_ferret25_day3.vcf to SNPGenie format...
23:44:13	
23:44:13	In file temp_vcf4_Anhui_ferret25_day3.vcf, the newline type is: Unix (LF, \n)
23:44:13	
23:44:13	Calculating and storing protein-coding genome and variant data (that dogma stuff)... COMPLETED.
23:44:13	
23:44:13	Ligating gene segments (computationally, of course!)... COMPLETED.
23:44:13	
23:44:13	Calculating and storing non-protein-coding genome and variant data ("junk" gets a bad rap!)... COMPLETED.
23:44:13	
23:44:13	Processing all individual sites (nucleotides take time and memory; use a high-memory machine for eukaryotic chromosomes!)... COMPLETED.
23:44:13	
23:44:13	Processing population genetic estimates codon-by-codon (beware stochasticity!)... 
23:44:13	output_folder is /segmentdir
23:44:21	COMPLETED.
23:44:21	
23:44:21	Performing final calculations, noncoding overlap analysis, and output... temp_vcf4_Anhui_ferret25_day3.vcf COMPLETED.
23:44:21	
23:44:21	output_folder is /segmentdir
23:44:21	
23:44:21	################################################################################
23:44:21	##                      SNPGenie completed successfully.                      ##
23:44:21	##             Please find results in the /segmentdir folder.            ##
23:44:21	################################################################################
23:44:21	
23:44:21	
-----------
23:44:17	
23:44:17	output_folder is /segmentdir
23:44:17	...A_ANHUI_1_2013_N9.fastaA_ANHUI_1_2013_N9.gtfA_ANHUI_1_2013_N9.vcfcodon_results.txtpopulation_summary.txtproduct_results.txtsite_results.txtsnpgenie.plSNPGenie_LOG.txtSNPGenie_parameters.txt
23:44:17	vcf does not exist at /segmentdir
23:44:17	
23:44:17	################################################################################
23:44:17	##                                                                            ##
23:44:17	##                             SNPGenie Initiated!                            ##
23:44:17	##                                                                            ##
23:44:17	################################################################################
23:44:17	
23:44:17	  ###############################  LICENSE:  #################################
23:44:17	  ##            SNPGenie Copyright (C) 2015-18 Chase W. Nelson              ##
23:44:17	  ##            This program comes with ABSOLUTELY NO WARRANTY;             ##
23:44:17	  ##     This is free software, and you are welcome to redistribute it      ##
23:44:17	  ##               under certain conditions; see LICENSE.txt.               ##
23:44:17	  ############################################################################
23:44:17	
23:44:17	Your MIN. MINOR ALLELE FREQ. is 0.01. All variants falling below this frequency will be ignored.
23:44:17	
23:44:17	output_folder is /segmentdir
23:44:17	
23:44:17	Reading in FASTA file... COMPLETED.
23:44:17	Creating temp_vcf4_Anhui_ferret25_day3.vcf...
23:44:17	
23:44:17	
23:44:17	###########################  CURRENTLY PROCESSING:   ###########################
23:44:17	temp_vcf4_Anhui_ferret25_day3.vcf... VCF format detected
23:44:17	
23:44:17	Converting temp_vcf4_Anhui_ferret25_day3.vcf to SNPGenie format...
23:44:17	
23:44:17	In file temp_vcf4_Anhui_ferret25_day3.vcf, the newline type is: Unix (LF, \n)
23:44:17	
23:44:17	Calculating and storing protein-coding genome and variant data (that dogma stuff)... COMPLETED.
23:44:17	
23:44:17	Ligating gene segments (computationally, of course!)... COMPLETED.
23:44:17	
23:44:17	Calculating and storing non-protein-coding genome and variant data ("junk" gets a bad rap!)... COMPLETED.
23:44:17	
23:44:17	Processing all individual sites (nucleotides take time and memory; use a high-memory machine for eukaryotic chromosomes!)... COMPLETED.
23:44:17	
23:44:17	Processing population genetic estimates codon-by-codon (beware stochasticity!)... 
23:44:17	output_folder is /segmentdir
23:44:24	COMPLETED.
23:44:24	
23:44:24	Performing final calculations, noncoding overlap analysis, and output... temp_vcf4_Anhui_ferret25_day3.vcf COMPLETED.
23:44:24	
23:44:24	output_folder is /segmentdir
23:44:24	
23:44:24	################################################################################
23:44:24	##                      SNPGenie completed successfully.                      ##
23:44:24	##             Please find results in the /segmentdir folder.            ##
23:44:24	################################################################################
23:44:24	
23:44:24	
-----------
23:44:16	
23:44:16	output_folder is /segmentdir
23:44:16	...A_ANHUI_1_2013_MP.fastaA_ANHUI_1_2013_MP.gtfA_ANHUI_1_2013_MP.vcfcodon_results.txtpopulation_summary.txtproduct_results.txtsite_results.txtsnpgenie.plSNPGenie_LOG.txtSNPGenie_parameters.txt
23:44:16	vcf does not exist at /segmentdir
23:44:16	
23:44:16	################################################################################
23:44:16	##                                                                            ##
23:44:16	##                             SNPGenie Initiated!                            ##
23:44:16	##                                                                            ##
23:44:16	################################################################################
23:44:16	
23:44:16	  ###############################  LICENSE:  #################################
23:44:16	  ##            SNPGenie Copyright (C) 2015-18 Chase W. Nelson              ##
23:44:16	  ##            This program comes with ABSOLUTELY NO WARRANTY;             ##
23:44:16	  ##     This is free software, and you are welcome to redistribute it      ##
23:44:16	  ##               under certain conditions; see LICENSE.txt.               ##
23:44:16	  ############################################################################
23:44:16	
23:44:16	Your MIN. MINOR ALLELE FREQ. is 0.01. All variants falling below this frequency will be ignored.
23:44:16	
23:44:16	output_folder is /segmentdir
23:44:16	
23:44:16	Reading in FASTA file... COMPLETED.
23:44:16	Creating temp_vcf4_Anhui_ferret25_day3.vcf...
23:44:16	
23:44:16	
23:44:16	###########################  CURRENTLY PROCESSING:   ###########################
23:44:16	temp_vcf4_Anhui_ferret25_day3.vcf... VCF format detected
23:44:16	
23:44:16	Converting temp_vcf4_Anhui_ferret25_day3.vcf to SNPGenie format...
23:44:17	
23:44:17	In file temp_vcf4_Anhui_ferret25_day3.vcf, the newline type is: Unix (LF, \n)
23:44:17	
23:44:17	Calculating and storing protein-coding genome and variant data (that dogma stuff)... COMPLETED.
23:44:17	
23:44:17	Ligating gene segments (computationally, of course!)... COMPLETED.
23:44:17	
23:44:17	Calculating and storing non-protein-coding genome and variant data ("junk" gets a bad rap!)... COMPLETED.
23:44:17	
23:44:17	Processing all individual sites (nucleotides take time and memory; use a high-memory machine for eukaryotic chromosomes!)... COMPLETED.
23:44:17	
23:44:17	Processing population genetic estimates codon-by-codon (beware stochasticity!)... 
23:44:17	output_folder is /segmentdir
23:44:20	
23:44:20	output_folder is /segmentdir
23:44:22	COMPLETED.
23:44:22	
23:44:22	Performing final calculations, noncoding overlap analysis, and output... temp_vcf4_Anhui_ferret25_day3.vcf COMPLETED.
23:44:22	
23:44:22	output_folder is /segmentdir
23:44:22	
23:44:22	################################################################################
23:44:22	##                      SNPGenie completed successfully.                      ##
23:44:22	##             Please find results in the /segmentdir folder.            ##
23:44:22	################################################################################
23:44:22	
23:44:22	
-----------
23:44:17	
23:44:17	output_folder is /segmentdir
23:44:17	...A_ANHUI_1_2013_NS.fastaA_ANHUI_1_2013_NS.gtfA_ANHUI_1_2013_NS.vcfcodon_results.txtpopulation_summary.txtproduct_results.txtsite_results.txtsnpgenie.plSNPGenie_LOG.txtSNPGenie_parameters.txt
23:44:17	vcf does not exist at /segmentdir
23:44:17	
23:44:17	################################################################################
23:44:17	##                                                                            ##
23:44:17	##                             SNPGenie Initiated!                            ##
23:44:17	##                                                                            ##
23:44:17	################################################################################
23:44:17	
23:44:17	  ###############################  LICENSE:  #################################
23:44:17	  ##            SNPGenie Copyright (C) 2015-18 Chase W. Nelson              ##
23:44:17	  ##            This program comes with ABSOLUTELY NO WARRANTY;             ##
23:44:17	  ##     This is free software, and you are welcome to redistribute it      ##
23:44:17	  ##               under certain conditions; see LICENSE.txt.               ##
23:44:17	  ############################################################################
23:44:17	
23:44:17	Your MIN. MINOR ALLELE FREQ. is 0.01. All variants falling below this frequency will be ignored.
23:44:17	
23:44:17	output_folder is /segmentdir
23:44:17	
23:44:17	Reading in FASTA file... COMPLETED.
23:44:17	Creating temp_vcf4_Anhui_ferret25_day3.vcf...
23:44:17	
23:44:17	
23:44:17	###########################  CURRENTLY PROCESSING:   ###########################
23:44:17	temp_vcf4_Anhui_ferret25_day3.vcf... VCF format detected
23:44:17	
23:44:17	Converting temp_vcf4_Anhui_ferret25_day3.vcf to SNPGenie format...
23:44:17	
23:44:17	In file temp_vcf4_Anhui_ferret25_day3.vcf, the newline type is: Unix (LF, \n)
23:44:17	
23:44:17	Calculating and storing protein-coding genome and variant data (that dogma stuff)... COMPLETED.
23:44:17	
23:44:17	Ligating gene segments (computationally, of course!)... COMPLETED.
23:44:17	
23:44:17	Calculating and storing non-protein-coding genome and variant data ("junk" gets a bad rap!)... COMPLETED.
23:44:17	
23:44:17	Processing all individual sites (nucleotides take time and memory; use a high-memory machine for eukaryotic chromosomes!)... COMPLETED.
23:44:17	
23:44:17	Processing population genetic estimates codon-by-codon (beware stochasticity!)... 
23:44:17	output_folder is /segmentdir
23:44:19	
23:44:19	output_folder is /segmentdir
23:44:22	COMPLETED.
23:44:22	
23:44:22	Performing final calculations, noncoding overlap analysis, and output... temp_vcf4_Anhui_ferret25_day3.vcf COMPLETED.
23:44:22	
23:44:22	output_folder is /segmentdir
23:44:22	
23:44:22	################################################################################
23:44:22	##                      SNPGenie completed successfully.                      ##
23:44:22	##             Please find results in the /segmentdir folder.            ##
23:44:22	################################################################################
23:44:22	
23:44:22	
***********
***********
Sniffles: Finished with a total runtime of 0:40:09.920000.
