484756 reads; of these:
  484756 (100.00%) were paired; of these:
    41705 (8.60%) aligned concordantly 0 times
    442461 (91.27%) aligned concordantly exactly 1 time
    590 (0.12%) aligned concordantly >1 times
    ----
    41705 pairs aligned concordantly 0 times; of these:
      41379 (99.22%) aligned discordantly 1 time
    ----
    326 pairs aligned 0 times concordantly or discordantly; of these:
      652 mates make up the pairs; of these:
        598 (91.72%) aligned 0 times
        31 (4.75%) aligned exactly 1 time
        23 (3.53%) aligned >1 times
99.94% overall alignment rate
200000 reads; of these:
  200000 (100.00%) were paired; of these:
    177945 (88.97%) aligned concordantly 0 times
    22033 (11.02%) aligned concordantly exactly 1 time
    22 (0.01%) aligned concordantly >1 times
    ----
    177945 pairs aligned concordantly 0 times; of these:
      174289 (97.95%) aligned discordantly 1 time
    ----
    3656 pairs aligned 0 times concordantly or discordantly; of these:
      7312 mates make up the pairs; of these:
        3110 (42.53%) aligned 0 times
        3655 (49.99%) aligned exactly 1 time
        547 (7.48%) aligned >1 times
99.22% overall alignment rate
