***********
Beginning run at Mon, 12 Aug 2019 02:57:50 PM
Beginning run at Mon, 12 Aug 2019 02:57:50 PM
***********
Processing samples for reference sequence GD3_ferret22_day7
***********
Started quality trimming
GD3_ferret22_day7_rep2
-----------
GD3_ferret22_day7_rep1
-----------
***********
Trimmomatic
***********
14:57:52	TrimmomaticPE: Started with arguments:
14:57:52	 GD3_ferret22_day7_rep1_R1.fastq.gz GD3_ferret22_day7_rep1_R2.fastq.gz -baseout /output/GD3_ferret22_day7_rep1_trimmed.fastq.gz SLIDINGWINDOW:5:30 MINLEN:100
14:57:52	Multiple cores found: Using 2 threads
14:57:52	Using templated Output files: /output/GD3_ferret22_day7_rep1_trimmed_1P.fastq.gz /output/GD3_ferret22_day7_rep1_trimmed_1U.fastq.gz /output/GD3_ferret22_day7_rep1_trimmed_2P.fastq.gz /output/GD3_ferret22_day7_rep1_trimmed_2U.fastq.gz
14:57:53	Quality encoding detected as phred33
15:01:28	Input Read Pairs: 1282093 Both Surviving: 776483 (60.56%) Forward Only Surviving: 152584 (11.90%) Reverse Only Surviving: 57699 (4.50%) Dropped: 295327 (23.03%)
15:01:28	TrimmomaticPE: Completed successfully
14:57:52	TrimmomaticPE: Started with arguments:
14:57:52	 GD3_ferret22_day7_rep2_R1.fastq.gz GD3_ferret22_day7_rep2_R2.fastq.gz -baseout /output/GD3_ferret22_day7_rep2_trimmed.fastq.gz SLIDINGWINDOW:5:30 MINLEN:100
14:57:52	Multiple cores found: Using 2 threads
14:57:52	Using templated Output files: /output/GD3_ferret22_day7_rep2_trimmed_1P.fastq.gz /output/GD3_ferret22_day7_rep2_trimmed_1U.fastq.gz /output/GD3_ferret22_day7_rep2_trimmed_2P.fastq.gz /output/GD3_ferret22_day7_rep2_trimmed_2U.fastq.gz
14:57:53	Quality encoding detected as phred33
15:01:05	Input Read Pairs: 1181129 Both Surviving: 643451 (54.48%) Forward Only Surviving: 77572 (6.57%) Reverse Only Surviving: 134265 (11.37%) Dropped: 325841 (27.59%)
15:01:05	TrimmomaticPE: Completed successfully
***********
***********
Indexing reference sequence
***********
Bowtie2 indexing the reference
***********
***********
Beginning initial mapping
GD3_ferret22_day7_rep1
-----------
GD3_ferret22_day7_rep2
-----------
***********
Mapping
-----------
-----------
***********
***********
Determining Average Coverage
***********
GD3_ferret22_day7_rep1
-----------
15:50:09	java -ea -Xmx1014m -cp /tools/bbmap/current/ jgi.CoveragePileup in=GD3_ferret22_day7_rep1.tmp.sam out=GD3_ferret22_day7_rep1_coverage.tsv ref=/reference/GD3_ferret22_day7.fasta 32bit=t
15:50:10	Executing jgi.CoveragePileup [in=GD3_ferret22_day7_rep1.tmp.sam, out=GD3_ferret22_day7_rep1_coverage.tsv, ref=/reference/GD3_ferret22_day7.fasta, 32bit=t]
15:50:10	
15:50:10	Found samtools 1.9
15:50:10	Warning - SAM header did not include A_GUANGDONG_17SF003_2016_PB2
15:50:10	Absent scaffolds will be added; further warnings will be suppressed.
15:50:20	Reads:                               	1549573
15:50:20	Mapped reads:                        	1549573
15:50:20	Mapped bases:                        	354887429
15:50:20	Ref scaffolds:                       	8
15:50:20	Ref bases:                           	13115
15:50:20	
15:50:20	Percent mapped:                      	100.000
15:50:20	Percent proper pairs:                	93.093
15:50:20	Average coverage:                    	27059.659
15:50:20	Standard deviation:                    	15168.606
15:50:20	Percent scaffolds with any coverage: 	100.00
15:50:20	Percent of reference bases covered:  	100.00
15:50:20	
15:50:20	Time: 	9.826 seconds.
***********
***********
Determining Average Coverage
***********
GD3_ferret22_day7_rep2
-----------
15:51:53	java -ea -Xmx1014m -cp /tools/bbmap/current/ jgi.CoveragePileup in=GD3_ferret22_day7_rep2.tmp.sam out=GD3_ferret22_day7_rep2_coverage.tsv ref=/reference/GD3_ferret22_day7.fasta 32bit=t
15:51:53	Executing jgi.CoveragePileup [in=GD3_ferret22_day7_rep2.tmp.sam, out=GD3_ferret22_day7_rep2_coverage.tsv, ref=/reference/GD3_ferret22_day7.fasta, 32bit=t]
15:51:53	
15:51:53	Found samtools 1.9
15:51:54	Warning - SAM header did not include A_GUANGDONG_17SF003_2016_PB2
15:51:54	Absent scaffolds will be added; further warnings will be suppressed.
15:52:00	Reads:                               	1284350
15:52:00	Mapped reads:                        	1284350
15:52:00	Mapped bases:                        	263607437
15:52:00	Ref scaffolds:                       	8
15:52:00	Ref bases:                           	13115
15:52:00	
15:52:00	Percent mapped:                      	100.000
15:52:00	Percent proper pairs:                	96.940
15:52:00	Average coverage:                    	20099.690
15:52:00	Standard deviation:                    	9973.755
15:52:00	Percent scaffolds with any coverage: 	100.00
15:52:00	Percent of reference bases covered:  	100.00
15:52:00	
15:52:00	Time: 	7.136 seconds.
***********
***********
Downsampling with seqtk to normalize coverage
***********
Downsampling with seqtk to normalize coverage
GD3_ferret22_day7_rep1
-----------
15:53:08	[M::bam2fq_mainloop] discarded 0 singletons
15:53:08	[M::bam2fq_mainloop] processed 1549573 reads
GD3_ferret22_day7_rep2
-----------
15:54:31	[M::bam2fq_mainloop] discarded 0 singletons
15:54:31	[M::bam2fq_mainloop] processed 1284350 reads
***********
GD3_ferret22_day7_rep1
-----------
GD3_ferret22_day7_rep2
-----------
***********
Mapping
-----------
-----------
***********
***********
Generating consensus sequence
***********
Generating Consensus
-----------
16:03:10	[mpileup] 1 samples in 1 input files
16:04:14	Warning: No p-value threshold provided, so p-values will not be calculated
16:04:14	Min coverage:	100
16:04:14	Min reads2:	2
16:04:14	Min var freq:	0.5
16:04:14	Min avg qual:	30
16:04:14	P-value thresh:	0.01
16:04:14	Reading input from GD3_ferret22_day7_rep1.pileup
16:05:18	13115 bases in pileup file
16:05:18	6 variant positions (6 SNP, 0 indel)
16:05:18	0 were failed by the strand-filter
16:05:18	6 variant positions reported (6 SNP, 0 indel)
-----------
16:03:10	[mpileup] 1 samples in 1 input files
16:04:02	Warning: No p-value threshold provided, so p-values will not be calculated
16:04:02	Min coverage:	100
16:04:02	Min reads2:	2
16:04:02	Min var freq:	0.5
16:04:02	Min avg qual:	30
16:04:02	P-value thresh:	0.01
16:04:02	Reading input from GD3_ferret22_day7_rep2.pileup
16:05:07	13115 bases in pileup file
16:05:07	5 variant positions (5 SNP, 0 indel)
16:05:07	0 were failed by the strand-filter
16:05:07	5 variant positions reported (5 SNP, 0 indel)
***********
***********
Creating consensus Fasta
-----------
16:05:20	Note: the --sample option not given, applying all records regardless of the genotype
-----------
16:05:20	Note: the --sample option not given, applying all records regardless of the genotype
***********
***********
Calling replicate SNPs with Varscan
/infile/GD3_ferret22_day7_rep1
-----------
/infile/GD3_ferret22_day7_rep2
-----------
***********
Calling SNPs
16:05:22	[mpileup] 1 samples in 1 input files
16:06:26	Got the following sample list: 
16:06:26	GD3_ferret22_day7_rep1
16:06:26	Only SNPs will be reported
16:06:26	Warning: No p-value threshold provided, so p-values will not be calculated
16:06:26	Min coverage:	100
16:06:26	Min reads2:	2
16:06:26	Min var freq:	0.01
16:06:26	Min avg qual:	30
16:06:26	P-value thresh:	0.01
16:06:26	Reading input from GD3_ferret22_day7_rep1.mpileup
16:07:20	13115 bases in pileup file
16:07:20	21 variant positions (19 SNP, 2 indel)
16:07:20	0 were failed by the strand-filter
16:07:20	19 variant positions reported (19 SNP, 0 indel)
16:05:22	[mpileup] 1 samples in 1 input files
16:06:21	Got the following sample list: 
16:06:21	GD3_ferret22_day7_rep2
16:06:21	Only SNPs will be reported
16:06:21	Warning: No p-value threshold provided, so p-values will not be calculated
16:06:21	Min coverage:	100
16:06:21	Min reads2:	2
16:06:21	Min var freq:	0.01
16:06:21	Min avg qual:	30
16:06:21	P-value thresh:	0.01
16:06:21	Reading input from GD3_ferret22_day7_rep2.mpileup
16:07:15	13115 bases in pileup file
16:07:15	33 variant positions (30 SNP, 3 indel)
16:07:15	0 were failed by the strand-filter
16:07:15	30 variant positions reported (30 SNP, 0 indel)
['GD3_ferret22_day7_averaged.vcf']-----------

Combined all vcf files into master vcf file all_snps.vcf
-----------
***********
***********
Annotating SNPs
***********
Performing population analysis with SNPGenie
A_GUANGDONG_17SF003_2016_PB1
-----------
A_GUANGDONG_17SF003_2016_PB2
-----------
A_GUANGDONG_17SF003_2016_PA
-----------
A_GUANGDONG_17SF003_2016_H7
-----------
A_GUANGDONG_17SF003_2016_NP
-----------
A_GUANGDONG_17SF003_2016_N9
-----------
A_GUANGDONG_17SF003_2016_MP
-----------
A_GUANGDONG_17SF003_2016_NS
-----------
***********
Getting Population Statistics
-----------
16:07:23	
16:07:23	output_folder is /segmentdir
16:07:24	...A_GUANGDONG_17SF003_2016_PB2.fastaA_GUANGDONG_17SF003_2016_PB2.gtfA_GUANGDONG_17SF003_2016_PB2.vcfcodon_results.txtpopulation_summary.txtproduct_results.txtsite_results.txtsnpgenie.plSNPGenie_LOG.txtSNPGenie_parameters.txt
16:07:24	vcf does not exist at /segmentdir
16:07:24	
16:07:24	################################################################################
16:07:24	##                                                                            ##
16:07:24	##                             SNPGenie Initiated!                            ##
16:07:24	##                                                                            ##
16:07:24	################################################################################
16:07:24	
16:07:24	  ###############################  LICENSE:  #################################
16:07:24	  ##            SNPGenie Copyright (C) 2015-18 Chase W. Nelson              ##
16:07:24	  ##            This program comes with ABSOLUTELY NO WARRANTY;             ##
16:07:24	  ##     This is free software, and you are welcome to redistribute it      ##
16:07:24	  ##               under certain conditions; see LICENSE.txt.               ##
16:07:24	  ############################################################################
16:07:24	
16:07:24	Your MIN. MINOR ALLELE FREQ. is 0.01. All variants falling below this frequency will be ignored.
16:07:24	
16:07:24	output_folder is /segmentdir
16:07:24	
16:07:24	Reading in FASTA file... COMPLETED.
16:07:24	Creating temp_vcf4_GD3_ferret22_day7.vcf...
16:07:24	
16:07:24	
16:07:24	###########################  CURRENTLY PROCESSING:   ###########################
16:07:24	temp_vcf4_GD3_ferret22_day7.vcf... VCF format detected
16:07:24	
16:07:24	Converting temp_vcf4_GD3_ferret22_day7.vcf to SNPGenie format...
16:07:24	
16:07:24	In file temp_vcf4_GD3_ferret22_day7.vcf, the newline type is: Unix (LF, \n)
16:07:24	
16:07:24	Calculating and storing protein-coding genome and variant data (that dogma stuff)... COMPLETED.
16:07:24	
16:07:24	Ligating gene segments (computationally, of course!)... COMPLETED.
16:07:24	
16:07:24	Calculating and storing non-protein-coding genome and variant data ("junk" gets a bad rap!)... COMPLETED.
16:07:24	
16:07:24	Processing all individual sites (nucleotides take time and memory; use a high-memory machine for eukaryotic chromosomes!)... COMPLETED.
16:07:24	
16:07:24	Processing population genetic estimates codon-by-codon (beware stochasticity!)... 
16:07:24	output_folder is /segmentdir
16:07:36	COMPLETED.
16:07:36	
16:07:36	Performing final calculations, noncoding overlap analysis, and output... temp_vcf4_GD3_ferret22_day7.vcf COMPLETED.
16:07:36	
16:07:36	output_folder is /segmentdir
16:07:36	
16:07:36	################################################################################
16:07:36	##                      SNPGenie completed successfully.                      ##
16:07:36	##             Please find results in the /segmentdir folder.            ##
16:07:36	################################################################################
16:07:36	
16:07:36	
-----------
16:07:23	
16:07:23	output_folder is /segmentdir
16:07:23	...A_GUANGDONG_17SF003_2016_PB1.fastaA_GUANGDONG_17SF003_2016_PB1.gtfA_GUANGDONG_17SF003_2016_PB1.vcfcodon_results.txtpopulation_summary.txtproduct_results.txtsite_results.txtsnpgenie.plSNPGenie_LOG.txtSNPGenie_parameters.txt
16:07:23	vcf does not exist at /segmentdir
16:07:23	
16:07:23	################################################################################
16:07:23	##                                                                            ##
16:07:23	##                             SNPGenie Initiated!                            ##
16:07:23	##                                                                            ##
16:07:23	################################################################################
16:07:23	
16:07:23	  ###############################  LICENSE:  #################################
16:07:23	  ##            SNPGenie Copyright (C) 2015-18 Chase W. Nelson              ##
16:07:23	  ##            This program comes with ABSOLUTELY NO WARRANTY;             ##
16:07:23	  ##     This is free software, and you are welcome to redistribute it      ##
16:07:23	  ##               under certain conditions; see LICENSE.txt.               ##
16:07:23	  ############################################################################
16:07:23	
16:07:23	Your MIN. MINOR ALLELE FREQ. is 0.01. All variants falling below this frequency will be ignored.
16:07:23	
16:07:23	output_folder is /segmentdir
16:07:23	
16:07:23	Reading in FASTA file... COMPLETED.
16:07:24	Creating temp_vcf4_GD3_ferret22_day7.vcf...
16:07:24	
16:07:24	
16:07:24	###########################  CURRENTLY PROCESSING:   ###########################
16:07:24	temp_vcf4_GD3_ferret22_day7.vcf... VCF format detected
16:07:24	
16:07:24	Converting temp_vcf4_GD3_ferret22_day7.vcf to SNPGenie format...
16:07:24	
16:07:24	In file temp_vcf4_GD3_ferret22_day7.vcf, the newline type is: Unix (LF, \n)
16:07:24	
16:07:24	Calculating and storing protein-coding genome and variant data (that dogma stuff)... COMPLETED.
16:07:24	
16:07:24	Ligating gene segments (computationally, of course!)... COMPLETED.
16:07:24	
16:07:24	Calculating and storing non-protein-coding genome and variant data ("junk" gets a bad rap!)... COMPLETED.
16:07:24	
16:07:24	Processing all individual sites (nucleotides take time and memory; use a high-memory machine for eukaryotic chromosomes!)... COMPLETED.
16:07:24	
16:07:24	Processing population genetic estimates codon-by-codon (beware stochasticity!)... 
16:07:24	output_folder is /segmentdir
16:07:37	COMPLETED.
16:07:37	
16:07:37	Performing final calculations, noncoding overlap analysis, and output... temp_vcf4_GD3_ferret22_day7.vcf COMPLETED.
16:07:37	
16:07:37	output_folder is /segmentdir
16:07:37	
16:07:37	################################################################################
16:07:37	##                      SNPGenie completed successfully.                      ##
16:07:37	##             Please find results in the /segmentdir folder.            ##
16:07:37	################################################################################
16:07:37	
16:07:37	
-----------
16:07:24	
16:07:24	output_folder is /segmentdir
16:07:24	...A_GUANGDONG_17SF003_2016_PA.fastaA_GUANGDONG_17SF003_2016_PA.gtfA_GUANGDONG_17SF003_2016_PA.vcfcodon_results.txtpopulation_summary.txtproduct_results.txtsite_results.txtsnpgenie.plSNPGenie_LOG.txtSNPGenie_parameters.txt
16:07:24	vcf does not exist at /segmentdir
16:07:24	
16:07:24	################################################################################
16:07:24	##                                                                            ##
16:07:24	##                             SNPGenie Initiated!                            ##
16:07:24	##                                                                            ##
16:07:24	################################################################################
16:07:24	
16:07:24	  ###############################  LICENSE:  #################################
16:07:24	  ##            SNPGenie Copyright (C) 2015-18 Chase W. Nelson              ##
16:07:24	  ##            This program comes with ABSOLUTELY NO WARRANTY;             ##
16:07:24	  ##     This is free software, and you are welcome to redistribute it      ##
16:07:24	  ##               under certain conditions; see LICENSE.txt.               ##
16:07:24	  ############################################################################
16:07:24	
16:07:24	Your MIN. MINOR ALLELE FREQ. is 0.01. All variants falling below this frequency will be ignored.
16:07:24	
16:07:24	output_folder is /segmentdir
16:07:24	
16:07:24	Reading in FASTA file... COMPLETED.
16:07:24	Creating temp_vcf4_GD3_ferret22_day7.vcf...
16:07:24	
16:07:24	
16:07:24	###########################  CURRENTLY PROCESSING:   ###########################
16:07:24	temp_vcf4_GD3_ferret22_day7.vcf... VCF format detected
16:07:24	
16:07:24	Converting temp_vcf4_GD3_ferret22_day7.vcf to SNPGenie format...
16:07:24	
16:07:24	In file temp_vcf4_GD3_ferret22_day7.vcf, the newline type is: Unix (LF, \n)
16:07:24	
16:07:24	Calculating and storing protein-coding genome and variant data (that dogma stuff)... COMPLETED.
16:07:24	
16:07:24	Ligating gene segments (computationally, of course!)... COMPLETED.
16:07:24	
16:07:24	Calculating and storing non-protein-coding genome and variant data ("junk" gets a bad rap!)... COMPLETED.
16:07:24	
16:07:24	Processing all individual sites (nucleotides take time and memory; use a high-memory machine for eukaryotic chromosomes!)... COMPLETED.
16:07:24	
16:07:24	Processing population genetic estimates codon-by-codon (beware stochasticity!)... 
16:07:24	output_folder is /segmentdir
16:07:35	COMPLETED.
16:07:35	
16:07:35	Performing final calculations, noncoding overlap analysis, and output... temp_vcf4_GD3_ferret22_day7.vcf COMPLETED.
16:07:35	
16:07:35	output_folder is /segmentdir
16:07:35	
16:07:35	################################################################################
16:07:35	##                      SNPGenie completed successfully.                      ##
16:07:35	##             Please find results in the /segmentdir folder.            ##
16:07:35	################################################################################
16:07:35	
16:07:35	
-----------
16:07:24	
16:07:24	output_folder is /segmentdir
16:07:24	...A_GUANGDONG_17SF003_2016_H7.fastaA_GUANGDONG_17SF003_2016_H7.gtfA_GUANGDONG_17SF003_2016_H7.vcfcodon_results.txtpopulation_summary.txtproduct_results.txtsite_results.txtsnpgenie.plSNPGenie_LOG.txtSNPGenie_parameters.txt
16:07:24	vcf does not exist at /segmentdir
16:07:24	
16:07:24	################################################################################
16:07:24	##                                                                            ##
16:07:24	##                             SNPGenie Initiated!                            ##
16:07:24	##                                                                            ##
16:07:24	################################################################################
16:07:24	
16:07:24	  ###############################  LICENSE:  #################################
16:07:24	  ##            SNPGenie Copyright (C) 2015-18 Chase W. Nelson              ##
16:07:24	  ##            This program comes with ABSOLUTELY NO WARRANTY;             ##
16:07:24	  ##     This is free software, and you are welcome to redistribute it      ##
16:07:24	  ##               under certain conditions; see LICENSE.txt.               ##
16:07:24	  ############################################################################
16:07:24	
16:07:24	Your MIN. MINOR ALLELE FREQ. is 0.01. All variants falling below this frequency will be ignored.
16:07:24	
16:07:24	output_folder is /segmentdir
16:07:24	
16:07:24	Reading in FASTA file... COMPLETED.
16:07:24	Creating temp_vcf4_GD3_ferret22_day7.vcf...
16:07:24	
16:07:24	
16:07:24	###########################  CURRENTLY PROCESSING:   ###########################
16:07:24	temp_vcf4_GD3_ferret22_day7.vcf... VCF format detected
16:07:24	
16:07:24	Converting temp_vcf4_GD3_ferret22_day7.vcf to SNPGenie format...
16:07:24	
16:07:24	In file temp_vcf4_GD3_ferret22_day7.vcf, the newline type is: Unix (LF, \n)
16:07:24	
16:07:24	Calculating and storing protein-coding genome and variant data (that dogma stuff)... COMPLETED.
16:07:24	
16:07:24	Ligating gene segments (computationally, of course!)... COMPLETED.
16:07:24	
16:07:24	Calculating and storing non-protein-coding genome and variant data ("junk" gets a bad rap!)... 
16:07:24	## Variant 'G' excluded from analysis because it falls below the
16:07:24	## minimum minor allele frequency at:
16:07:24	## temp_vcf4_GD3_ferret22_day7.vcf|410
16:07:24	
16:07:24	## Variant 'T' excluded from analysis because it falls below the
16:07:24	## minimum minor allele frequency at:
16:07:24	## temp_vcf4_GD3_ferret22_day7.vcf|1324
16:07:24	
16:07:24	## Variant 'C' excluded from analysis because it falls below the
16:07:24	## minimum minor allele frequency at:
16:07:24	## temp_vcf4_GD3_ferret22_day7.vcf|1497
16:07:24	
16:07:24	## In temp_vcf4_GD3_ferret22_day7.vcf|N/A
16:07:24	## A total of 3 variants have been excluded because they
16:07:24	## fall below the minimum minor allele frequency.
16:07:24	COMPLETED.
16:07:24	
16:07:24	Processing all individual sites (nucleotides take time and memory; use a high-memory machine for eukaryotic chromosomes!)... COMPLETED.
16:07:24	
16:07:24	Processing population genetic estimates codon-by-codon (beware stochasticity!)... 
16:07:24	## Variant 'G' excluded from analysis because it falls below the
16:07:24	## minimum minor allele frequency at:
16:07:24	## temp_vcf4_GD3_ferret22_day7.vcf|HA|410
16:07:24	
16:07:24	## Variant 'T' excluded from analysis because it falls below the
16:07:24	## minimum minor allele frequency at:
16:07:24	## temp_vcf4_GD3_ferret22_day7.vcf|HA|1324
16:07:24	
16:07:24	## Variant 'C' excluded from analysis because it falls below the
16:07:24	## minimum minor allele frequency at:
16:07:24	## temp_vcf4_GD3_ferret22_day7.vcf|HA|1497
16:07:24	
16:07:24	## In temp_vcf4_GD3_ferret22_day7.vcf|HA|N/A
16:07:24	## A total of 3 variants have been excluded because they
16:07:24	## fall below the minimum minor allele frequency.
16:07:24	
16:07:24	output_folder is /segmentdir
16:07:33	COMPLETED.
16:07:33	
16:07:33	Performing final calculations, noncoding overlap analysis, and output... temp_vcf4_GD3_ferret22_day7.vcf COMPLETED.
16:07:33	
16:07:33	output_folder is /segmentdir
16:07:33	
16:07:33	################################################################################
16:07:33	##                      SNPGenie completed successfully.                      ##
16:07:33	##             Please find results in the /segmentdir folder.            ##
16:07:33	################################################################################
16:07:33	
16:07:33	
-----------
16:07:35	
16:07:35	output_folder is /segmentdir
16:07:35	...A_GUANGDONG_17SF003_2016_NP.fastaA_GUANGDONG_17SF003_2016_NP.gtfA_GUANGDONG_17SF003_2016_NP.vcfcodon_results.txtpopulation_summary.txtproduct_results.txtsite_results.txtsnpgenie.plSNPGenie_LOG.txtSNPGenie_parameters.txt
16:07:35	vcf does not exist at /segmentdir
16:07:35	
16:07:35	################################################################################
16:07:35	##                                                                            ##
16:07:35	##                             SNPGenie Initiated!                            ##
16:07:35	##                                                                            ##
16:07:35	################################################################################
16:07:35	
16:07:35	  ###############################  LICENSE:  #################################
16:07:35	  ##            SNPGenie Copyright (C) 2015-18 Chase W. Nelson              ##
16:07:35	  ##            This program comes with ABSOLUTELY NO WARRANTY;             ##
16:07:35	  ##     This is free software, and you are welcome to redistribute it      ##
16:07:35	  ##               under certain conditions; see LICENSE.txt.               ##
16:07:35	  ############################################################################
16:07:35	
16:07:35	Your MIN. MINOR ALLELE FREQ. is 0.01. All variants falling below this frequency will be ignored.
16:07:35	
16:07:35	output_folder is /segmentdir
16:07:36	
16:07:36	Reading in FASTA file... COMPLETED.
16:07:36	Creating temp_vcf4_GD3_ferret22_day7.vcf...
16:07:36	
16:07:36	
16:07:36	###########################  CURRENTLY PROCESSING:   ###########################
16:07:36	temp_vcf4_GD3_ferret22_day7.vcf... VCF format detected
16:07:36	
16:07:36	Converting temp_vcf4_GD3_ferret22_day7.vcf to SNPGenie format...
16:07:36	
16:07:36	In file temp_vcf4_GD3_ferret22_day7.vcf, the newline type is: Unix (LF, \n)
16:07:36	
16:07:36	Calculating and storing protein-coding genome and variant data (that dogma stuff)... COMPLETED.
16:07:36	
16:07:36	Ligating gene segments (computationally, of course!)... COMPLETED.
16:07:36	
16:07:36	Calculating and storing non-protein-coding genome and variant data ("junk" gets a bad rap!)... COMPLETED.
16:07:36	
16:07:36	Processing all individual sites (nucleotides take time and memory; use a high-memory machine for eukaryotic chromosomes!)... COMPLETED.
16:07:36	
16:07:36	Processing population genetic estimates codon-by-codon (beware stochasticity!)... 
16:07:36	output_folder is /segmentdir
16:07:44	COMPLETED.
16:07:44	
16:07:44	Performing final calculations, noncoding overlap analysis, and output... temp_vcf4_GD3_ferret22_day7.vcf COMPLETED.
16:07:44	
16:07:44	output_folder is /segmentdir
16:07:44	
16:07:44	################################################################################
16:07:44	##                      SNPGenie completed successfully.                      ##
16:07:44	##             Please find results in the /segmentdir folder.            ##
16:07:44	################################################################################
16:07:44	
16:07:44	
-----------
16:07:38	
16:07:38	output_folder is /segmentdir
16:07:38	...A_GUANGDONG_17SF003_2016_N9.fastaA_GUANGDONG_17SF003_2016_N9.gtfA_GUANGDONG_17SF003_2016_N9.vcfcodon_results.txtpopulation_summary.txtproduct_results.txtsite_results.txtsnpgenie.plSNPGenie_LOG.txtSNPGenie_parameters.txt
16:07:38	vcf does not exist at /segmentdir
16:07:38	
16:07:38	################################################################################
16:07:38	##                                                                            ##
16:07:38	##                             SNPGenie Initiated!                            ##
16:07:38	##                                                                            ##
16:07:38	################################################################################
16:07:38	
16:07:38	  ###############################  LICENSE:  #################################
16:07:38	  ##            SNPGenie Copyright (C) 2015-18 Chase W. Nelson              ##
16:07:38	  ##            This program comes with ABSOLUTELY NO WARRANTY;             ##
16:07:38	  ##     This is free software, and you are welcome to redistribute it      ##
16:07:38	  ##               under certain conditions; see LICENSE.txt.               ##
16:07:38	  ############################################################################
16:07:38	
16:07:38	Your MIN. MINOR ALLELE FREQ. is 0.01. All variants falling below this frequency will be ignored.
16:07:38	
16:07:38	output_folder is /segmentdir
16:07:38	
16:07:38	Reading in FASTA file... COMPLETED.
16:07:38	Creating temp_vcf4_GD3_ferret22_day7.vcf...
16:07:38	
16:07:38	
16:07:38	###########################  CURRENTLY PROCESSING:   ###########################
16:07:38	temp_vcf4_GD3_ferret22_day7.vcf... VCF format detected
16:07:38	
16:07:38	Converting temp_vcf4_GD3_ferret22_day7.vcf to SNPGenie format...
16:07:38	
16:07:38	In file temp_vcf4_GD3_ferret22_day7.vcf, the newline type is: Unix (LF, \n)
16:07:38	
16:07:38	Calculating and storing protein-coding genome and variant data (that dogma stuff)... COMPLETED.
16:07:38	
16:07:38	Ligating gene segments (computationally, of course!)... COMPLETED.
16:07:38	
16:07:38	Calculating and storing non-protein-coding genome and variant data ("junk" gets a bad rap!)... 
16:07:38	## Variant 'G' excluded from analysis because it falls below the
16:07:38	## minimum minor allele frequency at:
16:07:38	## temp_vcf4_GD3_ferret22_day7.vcf|903
16:07:38	
16:07:38	## Variant 'G' excluded from analysis because it falls below the
16:07:38	## minimum minor allele frequency at:
16:07:38	## temp_vcf4_GD3_ferret22_day7.vcf|916
16:07:38	
16:07:38	## In temp_vcf4_GD3_ferret22_day7.vcf|N/A
16:07:38	## A total of 2 variants have been excluded because they
16:07:38	## fall below the minimum minor allele frequency.
16:07:38	COMPLETED.
16:07:38	
16:07:38	Processing all individual sites (nucleotides take time and memory; use a high-memory machine for eukaryotic chromosomes!)... COMPLETED.
16:07:38	
16:07:38	Processing population genetic estimates codon-by-codon (beware stochasticity!)... 
16:07:38	## Variant 'G' excluded from analysis because it falls below the
16:07:38	## minimum minor allele frequency at:
16:07:38	## temp_vcf4_GD3_ferret22_day7.vcf|NA|903
16:07:38	
16:07:38	## Variant 'G' excluded from analysis because it falls below the
16:07:38	## minimum minor allele frequency at:
16:07:38	## temp_vcf4_GD3_ferret22_day7.vcf|NA|916
16:07:38	
16:07:38	## In temp_vcf4_GD3_ferret22_day7.vcf|NA|N/A
16:07:38	## A total of 2 variants have been excluded because they
16:07:38	## fall below the minimum minor allele frequency.
16:07:38	
16:07:38	output_folder is /segmentdir
16:07:45	COMPLETED.
16:07:45	
16:07:45	Performing final calculations, noncoding overlap analysis, and output... temp_vcf4_GD3_ferret22_day7.vcf COMPLETED.
16:07:45	
16:07:45	output_folder is /segmentdir
16:07:45	
16:07:45	################################################################################
16:07:45	##                      SNPGenie completed successfully.                      ##
16:07:45	##             Please find results in the /segmentdir folder.            ##
16:07:45	################################################################################
16:07:45	
16:07:45	
-----------
16:07:38	
16:07:38	output_folder is /segmentdir
16:07:38	...A_GUANGDONG_17SF003_2016_MP.fastaA_GUANGDONG_17SF003_2016_MP.gtfA_GUANGDONG_17SF003_2016_MP.vcfcodon_results.txtpopulation_summary.txtproduct_results.txtsite_results.txtsnpgenie.plSNPGenie_LOG.txtSNPGenie_parameters.txt
16:07:38	vcf does not exist at /segmentdir
16:07:38	
16:07:38	################################################################################
16:07:38	##                                                                            ##
16:07:38	##                             SNPGenie Initiated!                            ##
16:07:38	##                                                                            ##
16:07:38	################################################################################
16:07:38	
16:07:38	  ###############################  LICENSE:  #################################
16:07:38	  ##            SNPGenie Copyright (C) 2015-18 Chase W. Nelson              ##
16:07:38	  ##            This program comes with ABSOLUTELY NO WARRANTY;             ##
16:07:38	  ##     This is free software, and you are welcome to redistribute it      ##
16:07:38	  ##               under certain conditions; see LICENSE.txt.               ##
16:07:38	  ############################################################################
16:07:38	
16:07:38	Your MIN. MINOR ALLELE FREQ. is 0.01. All variants falling below this frequency will be ignored.
16:07:38	
16:07:38	output_folder is /segmentdir
16:07:38	
16:07:38	Reading in FASTA file... COMPLETED.
16:07:38	Creating temp_vcf4_GD3_ferret22_day7.vcf...
16:07:38	
16:07:38	
16:07:38	###########################  CURRENTLY PROCESSING:   ###########################
16:07:38	temp_vcf4_GD3_ferret22_day7.vcf... VCF format detected
16:07:38	
16:07:38	Converting temp_vcf4_GD3_ferret22_day7.vcf to SNPGenie format...
16:07:38	
16:07:38	In file temp_vcf4_GD3_ferret22_day7.vcf, the newline type is: Unix (LF, \n)
16:07:38	
16:07:38	Calculating and storing protein-coding genome and variant data (that dogma stuff)... COMPLETED.
16:07:38	
16:07:38	Ligating gene segments (computationally, of course!)... COMPLETED.
16:07:38	
16:07:38	Calculating and storing non-protein-coding genome and variant data ("junk" gets a bad rap!)... COMPLETED.
16:07:38	
16:07:38	Processing all individual sites (nucleotides take time and memory; use a high-memory machine for eukaryotic chromosomes!)... COMPLETED.
16:07:38	
16:07:38	Processing population genetic estimates codon-by-codon (beware stochasticity!)... 
16:07:38	output_folder is /segmentdir
16:07:43	
16:07:43	output_folder is /segmentdir
16:07:45	COMPLETED.
16:07:45	
16:07:45	Performing final calculations, noncoding overlap analysis, and output... temp_vcf4_GD3_ferret22_day7.vcf COMPLETED.
16:07:45	
16:07:45	output_folder is /segmentdir
16:07:45	
16:07:45	################################################################################
16:07:45	##                      SNPGenie completed successfully.                      ##
16:07:45	##             Please find results in the /segmentdir folder.            ##
16:07:45	################################################################################
16:07:45	
16:07:45	
-----------
16:07:40	
16:07:40	output_folder is /segmentdir
16:07:40	...A_GUANGDONG_17SF003_2016_NS.fastaA_GUANGDONG_17SF003_2016_NS.gtfA_GUANGDONG_17SF003_2016_NS.vcfcodon_results.txtpopulation_summary.txtproduct_results.txtsite_results.txtsnpgenie.plSNPGenie_LOG.txtSNPGenie_parameters.txt
16:07:40	vcf exists!
16:07:40	
16:07:40	
16:07:40	################################################################################
16:07:40	##                                                                            ##
16:07:40	##                             SNPGenie Initiated!                            ##
16:07:40	##                                                                            ##
16:07:40	################################################################################
16:07:40	
16:07:40	  ###############################  LICENSE:  #################################
16:07:40	  ##            SNPGenie Copyright (C) 2015-18 Chase W. Nelson              ##
16:07:40	  ##            This program comes with ABSOLUTELY NO WARRANTY;             ##
16:07:40	  ##     This is free software, and you are welcome to redistribute it      ##
16:07:40	  ##               under certain conditions; see LICENSE.txt.               ##
16:07:40	  ############################################################################
16:07:40	
16:07:40	Your MIN. MINOR ALLELE FREQ. is 0.01. All variants falling below this frequency will be ignored.
16:07:40	
16:07:40	output_folder is /segmentdir
16:07:40	
16:07:40	Reading in FASTA file... COMPLETED.
16:07:40	Creating temp_vcf4_GD3_ferret22_day7.vcf...
16:07:40	
16:07:40	
16:07:40	###########################  CURRENTLY PROCESSING:   ###########################
16:07:40	temp_vcf4_GD3_ferret22_day7.vcf... VCF format detected
16:07:40	
16:07:40	Converting temp_vcf4_GD3_ferret22_day7.vcf to SNPGenie format...
16:07:40	
16:07:40	In file temp_vcf4_GD3_ferret22_day7.vcf, the newline type is: Unix (LF, \n)
16:07:40	
16:07:40	Calculating and storing protein-coding genome and variant data (that dogma stuff)... COMPLETED.
16:07:40	
16:07:40	Ligating gene segments (computationally, of course!)... COMPLETED.
16:07:40	
16:07:40	Calculating and storing non-protein-coding genome and variant data ("junk" gets a bad rap!)... COMPLETED.
16:07:40	
16:07:40	Processing all individual sites (nucleotides take time and memory; use a high-memory machine for eukaryotic chromosomes!)... COMPLETED.
16:07:40	
16:07:40	Processing population genetic estimates codon-by-codon (beware stochasticity!)... 
16:07:40	output_folder is /segmentdir
16:07:42	
16:07:42	output_folder is /segmentdir
16:07:46	COMPLETED.
16:07:46	
16:07:46	Performing final calculations, noncoding overlap analysis, and output... temp_vcf4_GD3_ferret22_day7.vcf COMPLETED.
16:07:46	
16:07:46	output_folder is /segmentdir
16:07:46	
16:07:46	################################################################################
16:07:46	##                      SNPGenie completed successfully.                      ##
16:07:46	##             Please find results in the /segmentdir folder.            ##
16:07:46	################################################################################
16:07:46	
16:07:46	
***********
***********
Sniffles: Finished with a total runtime of 1:09:55.750000.
