448969 reads; of these:
  448969 (100.00%) were paired; of these:
    29728 (6.62%) aligned concordantly 0 times
    418338 (93.18%) aligned concordantly exactly 1 time
    903 (0.20%) aligned concordantly >1 times
    ----
    29728 pairs aligned concordantly 0 times; of these:
      29372 (98.80%) aligned discordantly 1 time
    ----
    356 pairs aligned 0 times concordantly or discordantly; of these:
      712 mates make up the pairs; of these:
        640 (89.89%) aligned 0 times
        44 (6.18%) aligned exactly 1 time
        28 (3.93%) aligned >1 times
99.93% overall alignment rate
200000 reads; of these:
  200000 (100.00%) were paired; of these:
    177011 (88.51%) aligned concordantly 0 times
    22968 (11.48%) aligned concordantly exactly 1 time
    21 (0.01%) aligned concordantly >1 times
    ----
    177011 pairs aligned concordantly 0 times; of these:
      173694 (98.13%) aligned discordantly 1 time
    ----
    3317 pairs aligned 0 times concordantly or discordantly; of these:
      6634 mates make up the pairs; of these:
        2422 (36.51%) aligned 0 times
        3310 (49.89%) aligned exactly 1 time
        902 (13.60%) aligned >1 times
99.39% overall alignment rate
