862551 reads; of these:
  862551 (100.00%) were paired; of these:
    42406 (4.92%) aligned concordantly 0 times
    818654 (94.91%) aligned concordantly exactly 1 time
    1491 (0.17%) aligned concordantly >1 times
    ----
    42406 pairs aligned concordantly 0 times; of these:
      38652 (91.15%) aligned discordantly 1 time
    ----
    3754 pairs aligned 0 times concordantly or discordantly; of these:
      7508 mates make up the pairs; of these:
        7407 (98.65%) aligned 0 times
        73 (0.97%) aligned exactly 1 time
        28 (0.37%) aligned >1 times
99.57% overall alignment rate
200000 reads; of these:
  200000 (100.00%) were paired; of these:
    176998 (88.50%) aligned concordantly 0 times
    22988 (11.49%) aligned concordantly exactly 1 time
    14 (0.01%) aligned concordantly >1 times
    ----
    176998 pairs aligned concordantly 0 times; of these:
      173758 (98.17%) aligned discordantly 1 time
    ----
    3240 pairs aligned 0 times concordantly or discordantly; of these:
      6480 mates make up the pairs; of these:
        2566 (39.60%) aligned 0 times
        3238 (49.97%) aligned exactly 1 time
        676 (10.43%) aligned >1 times
99.36% overall alignment rate
