***********
Beginning run at Fri, 09 Aug 2019 04:10:39 PM
Beginning run at Fri, 09 Aug 2019 04:10:39 PM
***********
Processing samples for reference sequence GD3_ferret21_day1
***********
Started quality trimming
GD3_ferret21_day1_rep2
-----------
GD3_ferret21_day1_rep1
-----------
***********
Trimmomatic
***********
16:10:41	TrimmomaticPE: Started with arguments:
16:10:41	 GD3_ferret21_day1_rep1_R1.fastq.gz GD3_ferret21_day1_rep1_R2.fastq.gz -baseout /output/GD3_ferret21_day1_rep1_trimmed.fastq.gz SLIDINGWINDOW:5:30 MINLEN:100
16:10:41	Multiple cores found: Using 2 threads
16:10:41	Using templated Output files: /output/GD3_ferret21_day1_rep1_trimmed_1P.fastq.gz /output/GD3_ferret21_day1_rep1_trimmed_1U.fastq.gz /output/GD3_ferret21_day1_rep1_trimmed_2P.fastq.gz /output/GD3_ferret21_day1_rep1_trimmed_2U.fastq.gz
16:10:43	Quality encoding detected as phred33
16:12:47	Input Read Pairs: 876338 Both Surviving: 446129 (50.91%) Forward Only Surviving: 87200 (9.95%) Reverse Only Surviving: 41287 (4.71%) Dropped: 301722 (34.43%)
16:12:47	TrimmomaticPE: Completed successfully
16:10:41	TrimmomaticPE: Started with arguments:
16:10:41	 GD3_ferret21_day1_rep2_R1.fastq.gz GD3_ferret21_day1_rep2_R2.fastq.gz -baseout /output/GD3_ferret21_day1_rep2_trimmed.fastq.gz SLIDINGWINDOW:5:30 MINLEN:100
16:10:41	Multiple cores found: Using 2 threads
16:10:41	Using templated Output files: /output/GD3_ferret21_day1_rep2_trimmed_1P.fastq.gz /output/GD3_ferret21_day1_rep2_trimmed_1U.fastq.gz /output/GD3_ferret21_day1_rep2_trimmed_2P.fastq.gz /output/GD3_ferret21_day1_rep2_trimmed_2U.fastq.gz
16:10:43	Quality encoding detected as phred33
16:12:52	Input Read Pairs: 781298 Both Surviving: 414643 (53.07%) Forward Only Surviving: 132348 (16.94%) Reverse Only Surviving: 24176 (3.09%) Dropped: 210131 (26.90%)
16:12:52	TrimmomaticPE: Completed successfully
***********
***********
Indexing reference sequence
***********
Bowtie2 indexing the reference
***********
***********
Beginning initial mapping
GD3_ferret21_day1_rep1
-----------
GD3_ferret21_day1_rep2
-----------
***********
Mapping
-----------
-----------
***********
***********
Determining Average Coverage
***********
GD3_ferret21_day1_rep1
-----------
16:38:25	java -ea -Xmx981m -cp /tools/bbmap/current/ jgi.CoveragePileup in=GD3_ferret21_day1_rep1.tmp.sam out=GD3_ferret21_day1_rep1_coverage.tsv ref=/reference/GD3_ferret21_day1.fasta 32bit=t
16:38:25	Executing jgi.CoveragePileup [in=GD3_ferret21_day1_rep1.tmp.sam, out=GD3_ferret21_day1_rep1_coverage.tsv, ref=/reference/GD3_ferret21_day1.fasta, 32bit=t]
16:38:25	
16:38:25	Found samtools 1.9
16:38:25	Warning - SAM header did not include A_GUANGDONG_17SF003_2016_PB2
16:38:25	Absent scaffolds will be added; further warnings will be suppressed.
16:38:31	Reads:                               	891978
16:38:31	Mapped reads:                        	891978
16:38:31	Mapped bases:                        	175058422
16:38:31	Ref scaffolds:                       	8
16:38:31	Ref bases:                           	13115
16:38:31	
16:38:31	Percent mapped:                      	100.000
16:38:31	Percent proper pairs:                	96.221
16:38:31	Average coverage:                    	13347.954
16:38:31	Standard deviation:                    	7710.285
16:38:31	Percent scaffolds with any coverage: 	100.00
16:38:31	Percent of reference bases covered:  	100.00
16:38:31	
16:38:31	Time: 	5.892 seconds.
***********
***********
Determining Average Coverage
***********
GD3_ferret21_day1_rep2
-----------
16:39:32	java -ea -Xmx980m -cp /tools/bbmap/current/ jgi.CoveragePileup in=GD3_ferret21_day1_rep2.tmp.sam out=GD3_ferret21_day1_rep2_coverage.tsv ref=/reference/GD3_ferret21_day1.fasta 32bit=t
16:39:32	Executing jgi.CoveragePileup [in=GD3_ferret21_day1_rep2.tmp.sam, out=GD3_ferret21_day1_rep2_coverage.tsv, ref=/reference/GD3_ferret21_day1.fasta, 32bit=t]
16:39:32	
16:39:32	Found samtools 1.9
16:39:32	Warning - SAM header did not include A_GUANGDONG_17SF003_2016_PB2
16:39:32	Absent scaffolds will be added; further warnings will be suppressed.
16:39:37	Reads:                               	829141
16:39:37	Mapped reads:                        	829141
16:39:37	Mapped bases:                        	182218998
16:39:37	Ref scaffolds:                       	8
16:39:37	Ref bases:                           	13115
16:39:37	
16:39:37	Percent mapped:                      	100.000
16:39:37	Percent proper pairs:                	91.399
16:39:37	Average coverage:                    	13893.938
16:39:37	Standard deviation:                    	7402.066
16:39:37	Percent scaffolds with any coverage: 	100.00
16:39:37	Percent of reference bases covered:  	100.00
16:39:37	
16:39:37	Time: 	4.891 seconds.
***********
***********
Downsampling with seqtk to normalize coverage
***********
Downsampling with seqtk to normalize coverage
GD3_ferret21_day1_rep1
-----------
16:40:14	[M::bam2fq_mainloop] discarded 0 singletons
16:40:14	[M::bam2fq_mainloop] processed 891978 reads
GD3_ferret21_day1_rep2
-----------
16:41:19	[M::bam2fq_mainloop] discarded 0 singletons
16:41:19	[M::bam2fq_mainloop] processed 829141 reads
***********
GD3_ferret21_day1_rep1
-----------
GD3_ferret21_day1_rep2
-----------
***********
Mapping
-----------
-----------
***********
***********
Generating consensus sequence
***********
Generating Consensus
-----------
16:49:51	[mpileup] 1 samples in 1 input files
16:50:51	Warning: No p-value threshold provided, so p-values will not be calculated
16:50:51	Min coverage:	100
16:50:51	Min reads2:	2
16:50:51	Min var freq:	0.5
16:50:51	Min avg qual:	30
16:50:51	P-value thresh:	0.01
16:50:51	Reading input from GD3_ferret21_day1_rep1.pileup
16:51:51	13115 bases in pileup file
16:51:51	5 variant positions (5 SNP, 0 indel)
16:51:51	0 were failed by the strand-filter
16:51:51	5 variant positions reported (5 SNP, 0 indel)
-----------
16:49:50	[mpileup] 1 samples in 1 input files
16:51:00	Warning: No p-value threshold provided, so p-values will not be calculated
16:51:00	Min coverage:	100
16:51:00	Min reads2:	2
16:51:00	Min var freq:	0.5
16:51:00	Min avg qual:	30
16:51:00	P-value thresh:	0.01
16:51:00	Reading input from GD3_ferret21_day1_rep2.pileup
16:52:00	13115 bases in pileup file
16:52:00	5 variant positions (5 SNP, 0 indel)
16:52:00	0 were failed by the strand-filter
16:52:00	5 variant positions reported (5 SNP, 0 indel)
***********
***********
Creating consensus Fasta
-----------
16:52:02	Note: the --sample option not given, applying all records regardless of the genotype
-----------
16:52:02	Note: the --sample option not given, applying all records regardless of the genotype
***********
***********
Calling replicate SNPs with Varscan
/infile/GD3_ferret21_day1_rep2
-----------
/infile/GD3_ferret21_day1_rep1
-----------
***********
Calling SNPs
16:52:05	[mpileup] 1 samples in 1 input files
16:53:10	Got the following sample list: 
16:53:10	GD3_ferret21_day1_rep1
16:53:10	Only SNPs will be reported
16:53:10	Warning: No p-value threshold provided, so p-values will not be calculated
16:53:10	Min coverage:	100
16:53:10	Min reads2:	2
16:53:10	Min var freq:	0.01
16:53:10	Min avg qual:	30
16:53:10	P-value thresh:	0.01
16:53:10	Reading input from GD3_ferret21_day1_rep1.mpileup
16:54:06	13115 bases in pileup file
16:54:06	7 variant positions (6 SNP, 1 indel)
16:54:06	0 were failed by the strand-filter
16:54:06	6 variant positions reported (6 SNP, 0 indel)
16:52:04	[mpileup] 1 samples in 1 input files
16:53:21	Got the following sample list: 
16:53:21	GD3_ferret21_day1_rep2
16:53:21	Only SNPs will be reported
16:53:21	Warning: No p-value threshold provided, so p-values will not be calculated
16:53:21	Min coverage:	100
16:53:21	Min reads2:	2
16:53:21	Min var freq:	0.01
16:53:21	Min avg qual:	30
16:53:21	P-value thresh:	0.01
16:53:21	Reading input from GD3_ferret21_day1_rep2.mpileup
16:54:13	13115 bases in pileup file
16:54:13	10 variant positions (7 SNP, 3 indel)
16:54:13	0 were failed by the strand-filter
16:54:13	7 variant positions reported (7 SNP, 0 indel)
['GD3_ferret21_day1_averaged.vcf']-----------

Combined all vcf files into master vcf file all_snps.vcf
-----------
***********
***********
Annotating SNPs
***********
Performing population analysis with SNPGenie
A_GUANGDONG_17SF003_2016_PB2
-----------
A_GUANGDONG_17SF003_2016_PB1
-----------
A_GUANGDONG_17SF003_2016_H7
-----------
A_GUANGDONG_17SF003_2016_PA
-----------
A_GUANGDONG_17SF003_2016_NP
-----------
A_GUANGDONG_17SF003_2016_N9
-----------
A_GUANGDONG_17SF003_2016_MP
-----------
A_GUANGDONG_17SF003_2016_NS
-----------
***********
Getting Population Statistics
-----------
16:54:17	
16:54:17	output_folder is /segmentdir
16:54:17	...A_GUANGDONG_17SF003_2016_PB2.fastaA_GUANGDONG_17SF003_2016_PB2.gtfA_GUANGDONG_17SF003_2016_PB2.vcfcodon_results.txtpopulation_summary.txtproduct_results.txtsite_results.txtsnpgenie.plSNPGenie_LOG.txtSNPGenie_parameters.txt
16:54:17	vcf does not exist at /segmentdir
16:54:17	
16:54:17	################################################################################
16:54:17	##                                                                            ##
16:54:17	##                             SNPGenie Initiated!                            ##
16:54:17	##                                                                            ##
16:54:17	################################################################################
16:54:17	
16:54:17	  ###############################  LICENSE:  #################################
16:54:17	  ##            SNPGenie Copyright (C) 2015-18 Chase W. Nelson              ##
16:54:17	  ##            This program comes with ABSOLUTELY NO WARRANTY;             ##
16:54:17	  ##     This is free software, and you are welcome to redistribute it      ##
16:54:17	  ##               under certain conditions; see LICENSE.txt.               ##
16:54:17	  ############################################################################
16:54:17	
16:54:17	Your MIN. MINOR ALLELE FREQ. is 0.01. All variants falling below this frequency will be ignored.
16:54:17	
16:54:17	output_folder is /segmentdir
16:54:17	
16:54:17	Reading in FASTA file... COMPLETED.
16:54:17	Creating temp_vcf4_GD3_ferret21_day1.vcf...
16:54:17	
16:54:17	
16:54:17	###########################  CURRENTLY PROCESSING:   ###########################
16:54:17	temp_vcf4_GD3_ferret21_day1.vcf... VCF format detected
16:54:17	
16:54:17	Converting temp_vcf4_GD3_ferret21_day1.vcf to SNPGenie format...
16:54:17	
16:54:17	In file temp_vcf4_GD3_ferret21_day1.vcf, the newline type is: Unix (LF, \n)
16:54:17	
16:54:17	Calculating and storing protein-coding genome and variant data (that dogma stuff)... COMPLETED.
16:54:17	
16:54:17	Ligating gene segments (computationally, of course!)... COMPLETED.
16:54:17	
16:54:17	Calculating and storing non-protein-coding genome and variant data ("junk" gets a bad rap!)... COMPLETED.
16:54:17	
16:54:17	Processing all individual sites (nucleotides take time and memory; use a high-memory machine for eukaryotic chromosomes!)... COMPLETED.
16:54:17	
16:54:17	Processing population genetic estimates codon-by-codon (beware stochasticity!)... 
16:54:17	output_folder is /segmentdir
16:54:31	COMPLETED.
16:54:31	
16:54:31	Performing final calculations, noncoding overlap analysis, and output... temp_vcf4_GD3_ferret21_day1.vcf COMPLETED.
16:54:31	
16:54:31	output_folder is /segmentdir
16:54:31	
16:54:31	################################################################################
16:54:31	##                      SNPGenie completed successfully.                      ##
16:54:31	##             Please find results in the /segmentdir folder.            ##
16:54:31	################################################################################
16:54:31	
16:54:31	
-----------
16:54:17	
16:54:17	output_folder is /segmentdir
16:54:17	...A_GUANGDONG_17SF003_2016_PB1.fastaA_GUANGDONG_17SF003_2016_PB1.gtfA_GUANGDONG_17SF003_2016_PB1.vcfcodon_results.txtpopulation_summary.txtproduct_results.txtsite_results.txtsnpgenie.plSNPGenie_LOG.txtSNPGenie_parameters.txt
16:54:17	vcf does not exist at /segmentdir
16:54:17	
16:54:17	################################################################################
16:54:17	##                                                                            ##
16:54:17	##                             SNPGenie Initiated!                            ##
16:54:17	##                                                                            ##
16:54:17	################################################################################
16:54:17	
16:54:17	  ###############################  LICENSE:  #################################
16:54:17	  ##            SNPGenie Copyright (C) 2015-18 Chase W. Nelson              ##
16:54:17	  ##            This program comes with ABSOLUTELY NO WARRANTY;             ##
16:54:17	  ##     This is free software, and you are welcome to redistribute it      ##
16:54:17	  ##               under certain conditions; see LICENSE.txt.               ##
16:54:17	  ############################################################################
16:54:17	
16:54:17	Your MIN. MINOR ALLELE FREQ. is 0.01. All variants falling below this frequency will be ignored.
16:54:17	
16:54:17	output_folder is /segmentdir
16:54:17	
16:54:17	Reading in FASTA file... COMPLETED.
16:54:17	Creating temp_vcf4_GD3_ferret21_day1.vcf...
16:54:17	
16:54:17	
16:54:17	###########################  CURRENTLY PROCESSING:   ###########################
16:54:17	temp_vcf4_GD3_ferret21_day1.vcf... VCF format detected
16:54:17	
16:54:17	Converting temp_vcf4_GD3_ferret21_day1.vcf to SNPGenie format...
16:54:17	
16:54:17	In file temp_vcf4_GD3_ferret21_day1.vcf, the newline type is: Unix (LF, \n)
16:54:17	
16:54:17	Calculating and storing protein-coding genome and variant data (that dogma stuff)... COMPLETED.
16:54:17	
16:54:17	Ligating gene segments (computationally, of course!)... COMPLETED.
16:54:17	
16:54:17	Calculating and storing non-protein-coding genome and variant data ("junk" gets a bad rap!)... COMPLETED.
16:54:17	
16:54:17	Processing all individual sites (nucleotides take time and memory; use a high-memory machine for eukaryotic chromosomes!)... COMPLETED.
16:54:17	
16:54:17	Processing population genetic estimates codon-by-codon (beware stochasticity!)... 
16:54:17	output_folder is /segmentdir
16:54:32	COMPLETED.
16:54:32	
16:54:32	Performing final calculations, noncoding overlap analysis, and output... temp_vcf4_GD3_ferret21_day1.vcf COMPLETED.
16:54:32	
16:54:32	output_folder is /segmentdir
16:54:33	
16:54:33	################################################################################
16:54:33	##                      SNPGenie completed successfully.                      ##
16:54:33	##             Please find results in the /segmentdir folder.            ##
16:54:33	################################################################################
16:54:33	
16:54:33	
-----------
16:54:17	
16:54:17	output_folder is /segmentdir
16:54:17	...A_GUANGDONG_17SF003_2016_PA.fastaA_GUANGDONG_17SF003_2016_PA.gtfA_GUANGDONG_17SF003_2016_PA.vcfcodon_results.txtpopulation_summary.txtproduct_results.txtsite_results.txtsnpgenie.plSNPGenie_LOG.txtSNPGenie_parameters.txt
16:54:17	vcf does not exist at /segmentdir
16:54:17	
16:54:17	################################################################################
16:54:17	##                                                                            ##
16:54:17	##                             SNPGenie Initiated!                            ##
16:54:17	##                                                                            ##
16:54:17	################################################################################
16:54:17	
16:54:17	  ###############################  LICENSE:  #################################
16:54:18	  ##            SNPGenie Copyright (C) 2015-18 Chase W. Nelson              ##
16:54:18	  ##            This program comes with ABSOLUTELY NO WARRANTY;             ##
16:54:18	  ##     This is free software, and you are welcome to redistribute it      ##
16:54:18	  ##               under certain conditions; see LICENSE.txt.               ##
16:54:18	  ############################################################################
16:54:18	
16:54:18	Your MIN. MINOR ALLELE FREQ. is 0.01. All variants falling below this frequency will be ignored.
16:54:18	
16:54:18	output_folder is /segmentdir
16:54:18	
16:54:18	Reading in FASTA file... COMPLETED.
16:54:18	Creating temp_vcf4_GD3_ferret21_day1.vcf...
16:54:18	
16:54:18	
16:54:18	###########################  CURRENTLY PROCESSING:   ###########################
16:54:18	temp_vcf4_GD3_ferret21_day1.vcf... VCF format detected
16:54:18	
16:54:18	Converting temp_vcf4_GD3_ferret21_day1.vcf to SNPGenie format...
16:54:18	
16:54:18	In file temp_vcf4_GD3_ferret21_day1.vcf, the newline type is: Unix (LF, \n)
16:54:18	
16:54:18	Calculating and storing protein-coding genome and variant data (that dogma stuff)... COMPLETED.
16:54:18	
16:54:18	Ligating gene segments (computationally, of course!)... COMPLETED.
16:54:18	
16:54:18	Calculating and storing non-protein-coding genome and variant data ("junk" gets a bad rap!)... COMPLETED.
16:54:18	
16:54:18	Processing all individual sites (nucleotides take time and memory; use a high-memory machine for eukaryotic chromosomes!)... COMPLETED.
16:54:18	
16:54:18	Processing population genetic estimates codon-by-codon (beware stochasticity!)... 
16:54:18	output_folder is /segmentdir
16:54:32	COMPLETED.
16:54:32	
16:54:32	Performing final calculations, noncoding overlap analysis, and output... temp_vcf4_GD3_ferret21_day1.vcf COMPLETED.
16:54:32	
16:54:32	output_folder is /segmentdir
16:54:32	
16:54:32	################################################################################
16:54:32	##                      SNPGenie completed successfully.                      ##
16:54:32	##             Please find results in the /segmentdir folder.            ##
16:54:32	################################################################################
16:54:32	
16:54:32	
-----------
16:54:17	
16:54:17	output_folder is /segmentdir
16:54:17	...A_GUANGDONG_17SF003_2016_H7.fastaA_GUANGDONG_17SF003_2016_H7.gtfA_GUANGDONG_17SF003_2016_H7.vcfcodon_results.txtpopulation_summary.txtproduct_results.txtsite_results.txtsnpgenie.plSNPGenie_LOG.txtSNPGenie_parameters.txt
16:54:17	vcf does not exist at /segmentdir
16:54:17	
16:54:17	################################################################################
16:54:17	##                                                                            ##
16:54:17	##                             SNPGenie Initiated!                            ##
16:54:17	##                                                                            ##
16:54:17	################################################################################
16:54:17	
16:54:17	  ###############################  LICENSE:  #################################
16:54:17	  ##            SNPGenie Copyright (C) 2015-18 Chase W. Nelson              ##
16:54:17	  ##            This program comes with ABSOLUTELY NO WARRANTY;             ##
16:54:17	  ##     This is free software, and you are welcome to redistribute it      ##
16:54:17	  ##               under certain conditions; see LICENSE.txt.               ##
16:54:17	  ############################################################################
16:54:17	
16:54:17	Your MIN. MINOR ALLELE FREQ. is 0.01. All variants falling below this frequency will be ignored.
16:54:17	
16:54:17	output_folder is /segmentdir
16:54:17	
16:54:17	Reading in FASTA file... COMPLETED.
16:54:17	Creating temp_vcf4_GD3_ferret21_day1.vcf...
16:54:17	
16:54:17	
16:54:17	###########################  CURRENTLY PROCESSING:   ###########################
16:54:17	temp_vcf4_GD3_ferret21_day1.vcf... VCF format detected
16:54:17	
16:54:17	Converting temp_vcf4_GD3_ferret21_day1.vcf to SNPGenie format...
16:54:17	
16:54:18	In file temp_vcf4_GD3_ferret21_day1.vcf, the newline type is: Unix (LF, \n)
16:54:18	
16:54:18	Calculating and storing protein-coding genome and variant data (that dogma stuff)... COMPLETED.
16:54:18	
16:54:18	Ligating gene segments (computationally, of course!)... COMPLETED.
16:54:18	
16:54:18	Calculating and storing non-protein-coding genome and variant data ("junk" gets a bad rap!)... 
16:54:18	## Variant 'G' excluded from analysis because it falls below the
16:54:18	## minimum minor allele frequency at:
16:54:18	## temp_vcf4_GD3_ferret21_day1.vcf|410
16:54:18	
16:54:18	## Variant 'T' excluded from analysis because it falls below the
16:54:18	## minimum minor allele frequency at:
16:54:18	## temp_vcf4_GD3_ferret21_day1.vcf|1324
16:54:18	
16:54:18	## Variant 'C' excluded from analysis because it falls below the
16:54:18	## minimum minor allele frequency at:
16:54:18	## temp_vcf4_GD3_ferret21_day1.vcf|1497
16:54:18	
16:54:18	## In temp_vcf4_GD3_ferret21_day1.vcf|N/A
16:54:18	## A total of 3 variants have been excluded because they
16:54:18	## fall below the minimum minor allele frequency.
16:54:18	COMPLETED.
16:54:18	
16:54:18	Processing all individual sites (nucleotides take time and memory; use a high-memory machine for eukaryotic chromosomes!)... COMPLETED.
16:54:18	
16:54:18	Processing population genetic estimates codon-by-codon (beware stochasticity!)... 
16:54:18	## Variant 'G' excluded from analysis because it falls below the
16:54:18	## minimum minor allele frequency at:
16:54:18	## temp_vcf4_GD3_ferret21_day1.vcf|HA|410
16:54:18	
16:54:18	## Variant 'T' excluded from analysis because it falls below the
16:54:18	## minimum minor allele frequency at:
16:54:18	## temp_vcf4_GD3_ferret21_day1.vcf|HA|1324
16:54:18	
16:54:18	## Variant 'C' excluded from analysis because it falls below the
16:54:18	## minimum minor allele frequency at:
16:54:18	## temp_vcf4_GD3_ferret21_day1.vcf|HA|1497
16:54:18	
16:54:18	## In temp_vcf4_GD3_ferret21_day1.vcf|HA|N/A
16:54:18	## A total of 3 variants have been excluded because they
16:54:18	## fall below the minimum minor allele frequency.
16:54:18	
16:54:18	output_folder is /segmentdir
16:54:29	COMPLETED.
16:54:29	
16:54:29	Performing final calculations, noncoding overlap analysis, and output... temp_vcf4_GD3_ferret21_day1.vcf COMPLETED.
16:54:29	
16:54:29	output_folder is /segmentdir
16:54:29	
16:54:29	################################################################################
16:54:29	##                      SNPGenie completed successfully.                      ##
16:54:29	##             Please find results in the /segmentdir folder.            ##
16:54:29	################################################################################
16:54:29	
16:54:29	
-----------
16:54:31	
16:54:31	output_folder is /segmentdir
16:54:31	...A_GUANGDONG_17SF003_2016_NP.fastaA_GUANGDONG_17SF003_2016_NP.gtfA_GUANGDONG_17SF003_2016_NP.vcfcodon_results.txtpopulation_summary.txtproduct_results.txtsite_results.txtsnpgenie.plSNPGenie_LOG.txtSNPGenie_parameters.txt
16:54:31	vcf does not exist at /segmentdir
16:54:31	
16:54:31	################################################################################
16:54:31	##                                                                            ##
16:54:31	##                             SNPGenie Initiated!                            ##
16:54:31	##                                                                            ##
16:54:31	################################################################################
16:54:31	
16:54:31	  ###############################  LICENSE:  #################################
16:54:31	  ##            SNPGenie Copyright (C) 2015-18 Chase W. Nelson              ##
16:54:31	  ##            This program comes with ABSOLUTELY NO WARRANTY;             ##
16:54:31	  ##     This is free software, and you are welcome to redistribute it      ##
16:54:31	  ##               under certain conditions; see LICENSE.txt.               ##
16:54:31	  ############################################################################
16:54:31	
16:54:31	Your MIN. MINOR ALLELE FREQ. is 0.01. All variants falling below this frequency will be ignored.
16:54:31	
16:54:31	output_folder is /segmentdir
16:54:31	
16:54:31	Reading in FASTA file... COMPLETED.
16:54:31	Creating temp_vcf4_GD3_ferret21_day1.vcf...
16:54:31	
16:54:31	
16:54:31	###########################  CURRENTLY PROCESSING:   ###########################
16:54:31	temp_vcf4_GD3_ferret21_day1.vcf... VCF format detected
16:54:31	
16:54:31	Converting temp_vcf4_GD3_ferret21_day1.vcf to SNPGenie format...
16:54:32	
16:54:32	In file temp_vcf4_GD3_ferret21_day1.vcf, the newline type is: Unix (LF, \n)
16:54:32	
16:54:32	Calculating and storing protein-coding genome and variant data (that dogma stuff)... COMPLETED.
16:54:32	
16:54:32	Ligating gene segments (computationally, of course!)... COMPLETED.
16:54:32	
16:54:32	Calculating and storing non-protein-coding genome and variant data ("junk" gets a bad rap!)... COMPLETED.
16:54:32	
16:54:32	Processing all individual sites (nucleotides take time and memory; use a high-memory machine for eukaryotic chromosomes!)... COMPLETED.
16:54:32	
16:54:32	Processing population genetic estimates codon-by-codon (beware stochasticity!)... 
16:54:32	output_folder is /segmentdir
16:54:43	COMPLETED.
16:54:43	
16:54:43	Performing final calculations, noncoding overlap analysis, and output... temp_vcf4_GD3_ferret21_day1.vcf COMPLETED.
16:54:43	
16:54:43	output_folder is /segmentdir
16:54:43	
16:54:43	################################################################################
16:54:43	##                      SNPGenie completed successfully.                      ##
16:54:43	##             Please find results in the /segmentdir folder.            ##
16:54:43	################################################################################
16:54:43	
16:54:43	
-----------
16:54:35	
16:54:35	output_folder is /segmentdir
16:54:35	...A_GUANGDONG_17SF003_2016_N9.fastaA_GUANGDONG_17SF003_2016_N9.gtfA_GUANGDONG_17SF003_2016_N9.vcfcodon_results.txtpopulation_summary.txtproduct_results.txtsite_results.txtsnpgenie.plSNPGenie_LOG.txtSNPGenie_parameters.txt
16:54:35	vcf does not exist at /segmentdir
16:54:35	
16:54:35	################################################################################
16:54:35	##                                                                            ##
16:54:35	##                             SNPGenie Initiated!                            ##
16:54:35	##                                                                            ##
16:54:35	################################################################################
16:54:35	
16:54:35	  ###############################  LICENSE:  #################################
16:54:35	  ##            SNPGenie Copyright (C) 2015-18 Chase W. Nelson              ##
16:54:35	  ##            This program comes with ABSOLUTELY NO WARRANTY;             ##
16:54:35	  ##     This is free software, and you are welcome to redistribute it      ##
16:54:35	  ##               under certain conditions; see LICENSE.txt.               ##
16:54:35	  ############################################################################
16:54:35	
16:54:35	Your MIN. MINOR ALLELE FREQ. is 0.01. All variants falling below this frequency will be ignored.
16:54:35	
16:54:35	output_folder is /segmentdir
16:54:35	
16:54:35	Reading in FASTA file... COMPLETED.
16:54:35	Creating temp_vcf4_GD3_ferret21_day1.vcf...
16:54:35	
16:54:35	
16:54:35	###########################  CURRENTLY PROCESSING:   ###########################
16:54:35	temp_vcf4_GD3_ferret21_day1.vcf... VCF format detected
16:54:35	
16:54:35	Converting temp_vcf4_GD3_ferret21_day1.vcf to SNPGenie format...
16:54:35	
16:54:35	In file temp_vcf4_GD3_ferret21_day1.vcf, the newline type is: Unix (LF, \n)
16:54:35	
16:54:35	Calculating and storing protein-coding genome and variant data (that dogma stuff)... COMPLETED.
16:54:35	
16:54:35	Ligating gene segments (computationally, of course!)... COMPLETED.
16:54:35	
16:54:35	Calculating and storing non-protein-coding genome and variant data ("junk" gets a bad rap!)... 
16:54:35	## Variant 'G' excluded from analysis because it falls below the
16:54:35	## minimum minor allele frequency at:
16:54:35	## temp_vcf4_GD3_ferret21_day1.vcf|916
16:54:35	
16:54:35	## In temp_vcf4_GD3_ferret21_day1.vcf|N/A
16:54:35	## A total of 1 variants have been excluded because they
16:54:35	## fall below the minimum minor allele frequency.
16:54:35	COMPLETED.
16:54:35	
16:54:35	Processing all individual sites (nucleotides take time and memory; use a high-memory machine for eukaryotic chromosomes!)... COMPLETED.
16:54:35	
16:54:35	Processing population genetic estimates codon-by-codon (beware stochasticity!)... 
16:54:35	## Variant 'G' excluded from analysis because it falls below the
16:54:35	## minimum minor allele frequency at:
16:54:35	## temp_vcf4_GD3_ferret21_day1.vcf|NA|916
16:54:35	
16:54:35	## In temp_vcf4_GD3_ferret21_day1.vcf|NA|N/A
16:54:35	## A total of 1 variants have been excluded because they
16:54:35	## fall below the minimum minor allele frequency.
16:54:35	
16:54:35	output_folder is /segmentdir
16:54:44	COMPLETED.
16:54:44	
16:54:44	Performing final calculations, noncoding overlap analysis, and output... temp_vcf4_GD3_ferret21_day1.vcf COMPLETED.
16:54:44	
16:54:44	output_folder is /segmentdir
16:54:44	
16:54:44	################################################################################
16:54:44	##                      SNPGenie completed successfully.                      ##
16:54:44	##             Please find results in the /segmentdir folder.            ##
16:54:44	################################################################################
16:54:44	
16:54:44	
-----------
16:54:35	
16:54:35	output_folder is /segmentdir
16:54:36	...A_GUANGDONG_17SF003_2016_MP.fastaA_GUANGDONG_17SF003_2016_MP.gtfA_GUANGDONG_17SF003_2016_MP.vcfcodon_results.txtpopulation_summary.txtproduct_results.txtsite_results.txtsnpgenie.plSNPGenie_LOG.txtSNPGenie_parameters.txt
16:54:36	vcf does not exist at /segmentdir
16:54:36	
16:54:36	################################################################################
16:54:36	##                                                                            ##
16:54:36	##                             SNPGenie Initiated!                            ##
16:54:36	##                                                                            ##
16:54:36	################################################################################
16:54:36	
16:54:36	  ###############################  LICENSE:  #################################
16:54:36	  ##            SNPGenie Copyright (C) 2015-18 Chase W. Nelson              ##
16:54:36	  ##            This program comes with ABSOLUTELY NO WARRANTY;             ##
16:54:36	  ##     This is free software, and you are welcome to redistribute it      ##
16:54:36	  ##               under certain conditions; see LICENSE.txt.               ##
16:54:36	  ############################################################################
16:54:36	
16:54:36	Your MIN. MINOR ALLELE FREQ. is 0.01. All variants falling below this frequency will be ignored.
16:54:36	
16:54:36	output_folder is /segmentdir
16:54:36	
16:54:36	Reading in FASTA file... COMPLETED.
16:54:36	Creating temp_vcf4_GD3_ferret21_day1.vcf...
16:54:36	
16:54:36	
16:54:36	###########################  CURRENTLY PROCESSING:   ###########################
16:54:36	temp_vcf4_GD3_ferret21_day1.vcf... VCF format detected
16:54:36	
16:54:36	Converting temp_vcf4_GD3_ferret21_day1.vcf to SNPGenie format...
16:54:36	
16:54:36	In file temp_vcf4_GD3_ferret21_day1.vcf, the newline type is: Unix (LF, \n)
16:54:36	
16:54:36	Calculating and storing protein-coding genome and variant data (that dogma stuff)... COMPLETED.
16:54:36	
16:54:36	Ligating gene segments (computationally, of course!)... COMPLETED.
16:54:36	
16:54:36	Calculating and storing non-protein-coding genome and variant data ("junk" gets a bad rap!)... COMPLETED.
16:54:36	
16:54:36	Processing all individual sites (nucleotides take time and memory; use a high-memory machine for eukaryotic chromosomes!)... COMPLETED.
16:54:36	
16:54:36	Processing population genetic estimates codon-by-codon (beware stochasticity!)... 
16:54:36	output_folder is /segmentdir
16:54:41	
16:54:41	output_folder is /segmentdir
16:54:43	COMPLETED.
16:54:43	
16:54:43	Performing final calculations, noncoding overlap analysis, and output... temp_vcf4_GD3_ferret21_day1.vcf COMPLETED.
16:54:43	
16:54:43	output_folder is /segmentdir
16:54:43	
16:54:43	################################################################################
16:54:43	##                      SNPGenie completed successfully.                      ##
16:54:43	##             Please find results in the /segmentdir folder.            ##
16:54:43	################################################################################
16:54:43	
16:54:43	
-----------
16:54:36	
16:54:36	output_folder is /segmentdir
16:54:36	...A_GUANGDONG_17SF003_2016_NS.fastaA_GUANGDONG_17SF003_2016_NS.gtfA_GUANGDONG_17SF003_2016_NS.vcfcodon_results.txtpopulation_summary.txtproduct_results.txtsite_results.txtsnpgenie.plSNPGenie_LOG.txtSNPGenie_parameters.txt
16:54:36	vcf exists!
16:54:36	
16:54:36	
16:54:36	################################################################################
16:54:36	##                                                                            ##
16:54:36	##                             SNPGenie Initiated!                            ##
16:54:36	##                                                                            ##
16:54:36	################################################################################
16:54:36	
16:54:36	  ###############################  LICENSE:  #################################
16:54:36	  ##            SNPGenie Copyright (C) 2015-18 Chase W. Nelson              ##
16:54:36	  ##            This program comes with ABSOLUTELY NO WARRANTY;             ##
16:54:36	  ##     This is free software, and you are welcome to redistribute it      ##
16:54:36	  ##               under certain conditions; see LICENSE.txt.               ##
16:54:36	  ############################################################################
16:54:36	
16:54:36	Your MIN. MINOR ALLELE FREQ. is 0.01. All variants falling below this frequency will be ignored.
16:54:36	
16:54:36	output_folder is /segmentdir
16:54:36	
16:54:36	Reading in FASTA file... COMPLETED.
16:54:36	Creating temp_vcf4_GD3_ferret21_day1.vcf...
16:54:36	
16:54:36	
16:54:36	###########################  CURRENTLY PROCESSING:   ###########################
16:54:36	temp_vcf4_GD3_ferret21_day1.vcf... VCF format detected
16:54:36	
16:54:36	Converting temp_vcf4_GD3_ferret21_day1.vcf to SNPGenie format...
16:54:36	
16:54:36	In file temp_vcf4_GD3_ferret21_day1.vcf, the newline type is: Unix (LF, \n)
16:54:36	
16:54:36	Calculating and storing protein-coding genome and variant data (that dogma stuff)... COMPLETED.
16:54:36	
16:54:36	Ligating gene segments (computationally, of course!)... COMPLETED.
16:54:36	
16:54:36	Calculating and storing non-protein-coding genome and variant data ("junk" gets a bad rap!)... COMPLETED.
16:54:36	
16:54:36	Processing all individual sites (nucleotides take time and memory; use a high-memory machine for eukaryotic chromosomes!)... COMPLETED.
16:54:36	
16:54:36	Processing population genetic estimates codon-by-codon (beware stochasticity!)... 
16:54:36	output_folder is /segmentdir
16:54:39	
16:54:39	output_folder is /segmentdir
16:54:43	COMPLETED.
16:54:43	
16:54:43	Performing final calculations, noncoding overlap analysis, and output... temp_vcf4_GD3_ferret21_day1.vcf COMPLETED.
16:54:43	
16:54:43	output_folder is /segmentdir
16:54:43	
16:54:43	################################################################################
16:54:43	##                      SNPGenie completed successfully.                      ##
16:54:43	##             Please find results in the /segmentdir folder.            ##
16:54:43	################################################################################
16:54:43	
16:54:43	
***********
***********
Sniffles: Finished with a total runtime of 0:44:04.860000.
