530089 reads; of these:
  530089 (100.00%) were paired; of these:
    9184 (1.73%) aligned concordantly 0 times
    520048 (98.11%) aligned concordantly exactly 1 time
    857 (0.16%) aligned concordantly >1 times
    ----
    9184 pairs aligned concordantly 0 times; of these:
      8989 (97.88%) aligned discordantly 1 time
    ----
    195 pairs aligned 0 times concordantly or discordantly; of these:
      390 mates make up the pairs; of these:
        353 (90.51%) aligned 0 times
        28 (7.18%) aligned exactly 1 time
        9 (2.31%) aligned >1 times
99.97% overall alignment rate
200000 reads; of these:
  200000 (100.00%) were paired; of these:
    176061 (88.03%) aligned concordantly 0 times
    23924 (11.96%) aligned concordantly exactly 1 time
    15 (0.01%) aligned concordantly >1 times
    ----
    176061 pairs aligned concordantly 0 times; of these:
      173068 (98.30%) aligned discordantly 1 time
    ----
    2993 pairs aligned 0 times concordantly or discordantly; of these:
      5986 mates make up the pairs; of these:
        2399 (40.08%) aligned 0 times
        2992 (49.98%) aligned exactly 1 time
        595 (9.94%) aligned >1 times
99.40% overall alignment rate
