379576 reads; of these:
  379576 (100.00%) were paired; of these:
    54693 (14.41%) aligned concordantly 0 times
    324112 (85.39%) aligned concordantly exactly 1 time
    771 (0.20%) aligned concordantly >1 times
    ----
    54693 pairs aligned concordantly 0 times; of these:
      53184 (97.24%) aligned discordantly 1 time
    ----
    1509 pairs aligned 0 times concordantly or discordantly; of these:
      3018 mates make up the pairs; of these:
        2866 (94.96%) aligned 0 times
        90 (2.98%) aligned exactly 1 time
        62 (2.05%) aligned >1 times
99.62% overall alignment rate
200000 reads; of these:
  200000 (100.00%) were paired; of these:
    176663 (88.33%) aligned concordantly 0 times
    23304 (11.65%) aligned concordantly exactly 1 time
    33 (0.02%) aligned concordantly >1 times
    ----
    176663 pairs aligned concordantly 0 times; of these:
      172939 (97.89%) aligned discordantly 1 time
    ----
    3724 pairs aligned 0 times concordantly or discordantly; of these:
      7448 mates make up the pairs; of these:
        2809 (37.71%) aligned 0 times
        3720 (49.95%) aligned exactly 1 time
        919 (12.34%) aligned >1 times
99.30% overall alignment rate
