653818 reads; of these:
  653818 (100.00%) were paired; of these:
    130743 (20.00%) aligned concordantly 0 times
    520049 (79.54%) aligned concordantly exactly 1 time
    3026 (0.46%) aligned concordantly >1 times
    ----
    130743 pairs aligned concordantly 0 times; of these:
      40566 (31.03%) aligned discordantly 1 time
    ----
    90177 pairs aligned 0 times concordantly or discordantly; of these:
      180354 mates make up the pairs; of these:
        180257 (99.95%) aligned 0 times
        62 (0.03%) aligned exactly 1 time
        35 (0.02%) aligned >1 times
86.22% overall alignment rate
200000 reads; of these:
  200000 (100.00%) were paired; of these:
    176291 (88.15%) aligned concordantly 0 times
    23630 (11.81%) aligned concordantly exactly 1 time
    79 (0.04%) aligned concordantly >1 times
    ----
    176291 pairs aligned concordantly 0 times; of these:
      171971 (97.55%) aligned discordantly 1 time
    ----
    4320 pairs aligned 0 times concordantly or discordantly; of these:
      8640 mates make up the pairs; of these:
        2556 (29.58%) aligned 0 times
        4153 (48.07%) aligned exactly 1 time
        1931 (22.35%) aligned >1 times
99.36% overall alignment rate
