400116 reads; of these:
  400116 (100.00%) were paired; of these:
    20409 (5.10%) aligned concordantly 0 times
    379190 (94.77%) aligned concordantly exactly 1 time
    517 (0.13%) aligned concordantly >1 times
    ----
    20409 pairs aligned concordantly 0 times; of these:
      15676 (76.81%) aligned discordantly 1 time
    ----
    4733 pairs aligned 0 times concordantly or discordantly; of these:
      9466 mates make up the pairs; of these:
        9431 (99.63%) aligned 0 times
        28 (0.30%) aligned exactly 1 time
        7 (0.07%) aligned >1 times
98.82% overall alignment rate
200000 reads; of these:
  200000 (100.00%) were paired; of these:
    176320 (88.16%) aligned concordantly 0 times
    23669 (11.83%) aligned concordantly exactly 1 time
    11 (0.01%) aligned concordantly >1 times
    ----
    176320 pairs aligned concordantly 0 times; of these:
      172611 (97.90%) aligned discordantly 1 time
    ----
    3709 pairs aligned 0 times concordantly or discordantly; of these:
      7418 mates make up the pairs; of these:
        3187 (42.96%) aligned 0 times
        3705 (49.95%) aligned exactly 1 time
        526 (7.09%) aligned >1 times
99.20% overall alignment rate
