584214 reads; of these:
  584214 (100.00%) were paired; of these:
    32886 (5.63%) aligned concordantly 0 times
    550715 (94.27%) aligned concordantly exactly 1 time
    613 (0.10%) aligned concordantly >1 times
    ----
    32886 pairs aligned concordantly 0 times; of these:
      31781 (96.64%) aligned discordantly 1 time
    ----
    1105 pairs aligned 0 times concordantly or discordantly; of these:
      2210 mates make up the pairs; of these:
        2169 (98.14%) aligned 0 times
        31 (1.40%) aligned exactly 1 time
        10 (0.45%) aligned >1 times
99.81% overall alignment rate
200000 reads; of these:
  200000 (100.00%) were paired; of these:
    177220 (88.61%) aligned concordantly 0 times
    22763 (11.38%) aligned concordantly exactly 1 time
    17 (0.01%) aligned concordantly >1 times
    ----
    177220 pairs aligned concordantly 0 times; of these:
      173308 (97.79%) aligned discordantly 1 time
    ----
    3912 pairs aligned 0 times concordantly or discordantly; of these:
      7824 mates make up the pairs; of these:
        3518 (44.96%) aligned 0 times
        3910 (49.97%) aligned exactly 1 time
        396 (5.06%) aligned >1 times
99.12% overall alignment rate
