432077 reads; of these:
  432077 (100.00%) were paired; of these:
    31131 (7.20%) aligned concordantly 0 times
    400562 (92.71%) aligned concordantly exactly 1 time
    384 (0.09%) aligned concordantly >1 times
    ----
    31131 pairs aligned concordantly 0 times; of these:
      22054 (70.84%) aligned discordantly 1 time
    ----
    9077 pairs aligned 0 times concordantly or discordantly; of these:
      18154 mates make up the pairs; of these:
        18116 (99.79%) aligned 0 times
        26 (0.14%) aligned exactly 1 time
        12 (0.07%) aligned >1 times
97.90% overall alignment rate
200000 reads; of these:
  200000 (100.00%) were paired; of these:
    176885 (88.44%) aligned concordantly 0 times
    23103 (11.55%) aligned concordantly exactly 1 time
    12 (0.01%) aligned concordantly >1 times
    ----
    176885 pairs aligned concordantly 0 times; of these:
      172739 (97.66%) aligned discordantly 1 time
    ----
    4146 pairs aligned 0 times concordantly or discordantly; of these:
      8292 mates make up the pairs; of these:
        3820 (46.07%) aligned 0 times
        4146 (50.00%) aligned exactly 1 time
        326 (3.93%) aligned >1 times
99.05% overall alignment rate
