584849 reads; of these:
  584849 (100.00%) were paired; of these:
    15157 (2.59%) aligned concordantly 0 times
    568511 (97.21%) aligned concordantly exactly 1 time
    1181 (0.20%) aligned concordantly >1 times
    ----
    15157 pairs aligned concordantly 0 times; of these:
      15061 (99.37%) aligned discordantly 1 time
    ----
    96 pairs aligned 0 times concordantly or discordantly; of these:
      192 mates make up the pairs; of these:
        135 (70.31%) aligned 0 times
        37 (19.27%) aligned exactly 1 time
        20 (10.42%) aligned >1 times
99.99% overall alignment rate
200000 reads; of these:
  200000 (100.00%) were paired; of these:
    175707 (87.85%) aligned concordantly 0 times
    24269 (12.13%) aligned concordantly exactly 1 time
    24 (0.01%) aligned concordantly >1 times
    ----
    175707 pairs aligned concordantly 0 times; of these:
      169217 (96.31%) aligned discordantly 1 time
    ----
    6490 pairs aligned 0 times concordantly or discordantly; of these:
      12980 mates make up the pairs; of these:
        5776 (44.50%) aligned 0 times
        6488 (49.98%) aligned exactly 1 time
        716 (5.52%) aligned >1 times
98.56% overall alignment rate
