470809 reads; of these:
  470809 (100.00%) were paired; of these:
    19303 (4.10%) aligned concordantly 0 times
    451111 (95.82%) aligned concordantly exactly 1 time
    395 (0.08%) aligned concordantly >1 times
    ----
    19303 pairs aligned concordantly 0 times; of these:
      19194 (99.44%) aligned discordantly 1 time
    ----
    109 pairs aligned 0 times concordantly or discordantly; of these:
      218 mates make up the pairs; of these:
        190 (87.16%) aligned 0 times
        23 (10.55%) aligned exactly 1 time
        5 (2.29%) aligned >1 times
99.98% overall alignment rate
200000 reads; of these:
  200000 (100.00%) were paired; of these:
    176902 (88.45%) aligned concordantly 0 times
    23080 (11.54%) aligned concordantly exactly 1 time
    18 (0.01%) aligned concordantly >1 times
    ----
    176902 pairs aligned concordantly 0 times; of these:
      172049 (97.26%) aligned discordantly 1 time
    ----
    4853 pairs aligned 0 times concordantly or discordantly; of these:
      9706 mates make up the pairs; of these:
        4557 (46.95%) aligned 0 times
        4851 (49.98%) aligned exactly 1 time
        298 (3.07%) aligned >1 times
98.86% overall alignment rate
