***********
Beginning run at Thu, 01 Aug 2019 10:36:01 AM
Beginning run at Thu, 01 Aug 2019 10:36:01 AM
***********
Processing samples for reference sequence GD3_ferret1_day5
***********
Started quality trimming
GD3_ferret1_day5_rep2
-----------
GD3_ferret1_day5_rep1
-----------
***********
Trimmomatic
***********
10:36:09	TrimmomaticPE: Started with arguments:
10:36:09	 GD3_ferret1_day5_rep1_R1.fastq.gz GD3_ferret1_day5_rep1_R2.fastq.gz -baseout /output/GD3_ferret1_day5_rep1_trimmed.fastq.gz SLIDINGWINDOW:5:30 MINLEN:100
10:36:09	Multiple cores found: Using 2 threads
10:36:09	Using templated Output files: /output/GD3_ferret1_day5_rep1_trimmed_1P.fastq.gz /output/GD3_ferret1_day5_rep1_trimmed_1U.fastq.gz /output/GD3_ferret1_day5_rep1_trimmed_2P.fastq.gz /output/GD3_ferret1_day5_rep1_trimmed_2U.fastq.gz
10:36:10	Quality encoding detected as phred33
10:36:32	Input Read Pairs: 153501 Both Surviving: 116759 (76.06%) Forward Only Surviving: 4302 (2.80%) Reverse Only Surviving: 1858 (1.21%) Dropped: 30582 (19.92%)
10:36:32	TrimmomaticPE: Completed successfully
10:36:09	TrimmomaticPE: Started with arguments:
10:36:09	 GD3_ferret1_day5_rep2_R1.fastq.gz GD3_ferret1_day5_rep2_R2.fastq.gz -baseout /output/GD3_ferret1_day5_rep2_trimmed.fastq.gz SLIDINGWINDOW:5:30 MINLEN:100
10:36:09	Multiple cores found: Using 2 threads
10:36:09	Using templated Output files: /output/GD3_ferret1_day5_rep2_trimmed_1P.fastq.gz /output/GD3_ferret1_day5_rep2_trimmed_1U.fastq.gz /output/GD3_ferret1_day5_rep2_trimmed_2P.fastq.gz /output/GD3_ferret1_day5_rep2_trimmed_2U.fastq.gz
10:36:11	Quality encoding detected as phred33
10:38:16	Input Read Pairs: 947231 Both Surviving: 573279 (60.52%) Forward Only Surviving: 108502 (11.45%) Reverse Only Surviving: 58481 (6.17%) Dropped: 206969 (21.85%)
10:38:16	TrimmomaticPE: Completed successfully
***********
***********
Indexing reference sequence
***********
Bowtie2 indexing the reference
***********
***********
Beginning initial mapping
GD3_ferret1_day5_rep1
-----------
GD3_ferret1_day5_rep2
-----------
***********
Mapping
-----------
-----------
***********
***********
Determining Average Coverage
***********
GD3_ferret1_day5_rep1
-----------
11:06:09	java -ea -Xmx1025m -cp /tools/bbmap/current/ jgi.CoveragePileup in=GD3_ferret1_day5_rep1.tmp.sam out=GD3_ferret1_day5_rep1_coverage.tsv ref=/reference/GD3_ferret1_day5.fasta 32bit=t
11:06:10	Executing jgi.CoveragePileup [in=GD3_ferret1_day5_rep1.tmp.sam, out=GD3_ferret1_day5_rep1_coverage.tsv, ref=/reference/GD3_ferret1_day5.fasta, 32bit=t]
11:06:10	
11:06:10	Found samtools 1.9
11:06:10	Warning - SAM header did not include A_GUANGDONG_17SF003_2016_PB2
11:06:10	Absent scaffolds will be added; further warnings will be suppressed.
11:06:12	Reads:                               	232941
11:06:12	Mapped reads:                        	232941
11:06:12	Mapped bases:                        	49293564
11:06:12	Ref scaffolds:                       	8
11:06:12	Ref bases:                           	13115
11:06:12	
11:06:12	Percent mapped:                      	100.000
11:06:12	Percent proper pairs:                	94.726
11:06:12	Average coverage:                    	3758.564
11:06:12	Standard deviation:                    	9007.972
11:06:12	Percent scaffolds with any coverage: 	100.00
11:06:12	Percent of reference bases covered:  	100.00
11:06:12	
11:06:12	Time: 	2.019 seconds.
***********
***********
Determining Average Coverage
***********
GD3_ferret1_day5_rep2
-----------
11:07:37	java -ea -Xmx1024m -cp /tools/bbmap/current/ jgi.CoveragePileup in=GD3_ferret1_day5_rep2.tmp.sam out=GD3_ferret1_day5_rep2_coverage.tsv ref=/reference/GD3_ferret1_day5.fasta 32bit=t
11:07:37	Executing jgi.CoveragePileup [in=GD3_ferret1_day5_rep2.tmp.sam, out=GD3_ferret1_day5_rep2_coverage.tsv, ref=/reference/GD3_ferret1_day5.fasta, 32bit=t]
11:07:37	
11:07:37	Found samtools 1.9
11:07:37	Warning - SAM header did not include A_GUANGDONG_17SF003_2016_PB2
11:07:37	Absent scaffolds will be added; further warnings will be suppressed.
11:07:43	Reads:                               	1137222
11:07:43	Mapped reads:                        	1137222
11:07:43	Mapped bases:                        	258496713
11:07:43	Ref scaffolds:                       	8
11:07:43	Ref bases:                           	13115
11:07:43	
11:07:43	Percent mapped:                      	100.000
11:07:43	Percent proper pairs:                	93.839
11:07:43	Average coverage:                    	19710.005
11:07:43	Standard deviation:                    	9993.271
11:07:43	Percent scaffolds with any coverage: 	100.00
11:07:43	Percent of reference bases covered:  	100.00
11:07:43	
11:07:43	Time: 	6.286 seconds.
***********
***********
Downsampling with seqtk to normalize coverage
***********
Downsampling with seqtk to normalize coverage
GD3_ferret1_day5_rep1
-----------
11:07:56	[M::bam2fq_mainloop] discarded 0 singletons
11:07:56	[M::bam2fq_mainloop] processed 232941 reads
GD3_ferret1_day5_rep2
-----------
11:08:56	[M::bam2fq_mainloop] discarded 0 singletons
11:08:56	[M::bam2fq_mainloop] processed 1137222 reads
***********
GD3_ferret1_day5_rep1
-----------
GD3_ferret1_day5_rep2
-----------
***********
Mapping
-----------
-----------
***********
***********
Generating consensus sequence
***********
Generating Consensus
-----------
11:16:04	[mpileup] 1 samples in 1 input files
11:16:44	Warning: No p-value threshold provided, so p-values will not be calculated
11:16:44	Min coverage:	100
11:16:44	Min reads2:	2
11:16:44	Min var freq:	0.5
11:16:44	Min avg qual:	30
11:16:44	P-value thresh:	0.01
11:16:44	Reading input from GD3_ferret1_day5_rep1.pileup
11:17:32	13115 bases in pileup file
11:17:32	6 variant positions (6 SNP, 0 indel)
11:17:32	0 were failed by the strand-filter
11:17:32	6 variant positions reported (6 SNP, 0 indel)
-----------
11:16:04	[mpileup] 1 samples in 1 input files
11:17:15	Warning: No p-value threshold provided, so p-values will not be calculated
11:17:15	Min coverage:	100
11:17:15	Min reads2:	2
11:17:15	Min var freq:	0.5
11:17:15	Min avg qual:	30
11:17:15	P-value thresh:	0.01
11:17:15	Reading input from GD3_ferret1_day5_rep2.pileup
11:17:59	13115 bases in pileup file
11:17:59	7 variant positions (7 SNP, 0 indel)
11:17:59	0 were failed by the strand-filter
11:17:59	7 variant positions reported (7 SNP, 0 indel)
***********
***********
Creating consensus Fasta
-----------
11:18:02	Note: the --sample option not given, applying all records regardless of the genotype
-----------
11:18:02	Note: the --sample option not given, applying all records regardless of the genotype
***********
***********
Calling replicate SNPs with Varscan
/infile/GD3_ferret1_day5_rep2
-----------
/infile/GD3_ferret1_day5_rep1
-----------
***********
Calling SNPs
11:18:04	[mpileup] 1 samples in 1 input files
11:18:37	Got the following sample list: 
11:18:37	GD3_ferret1_day5_rep1
11:18:37	Only SNPs will be reported
11:18:37	Warning: No p-value threshold provided, so p-values will not be calculated
11:18:37	Min coverage:	100
11:18:37	Min reads2:	2
11:18:37	Min var freq:	0.01
11:18:37	Min avg qual:	30
11:18:37	P-value thresh:	0.01
11:18:37	Reading input from GD3_ferret1_day5_rep1.mpileup
11:19:06	13115 bases in pileup file
11:19:06	23 variant positions (19 SNP, 4 indel)
11:19:06	0 were failed by the strand-filter
11:19:06	19 variant positions reported (19 SNP, 0 indel)
11:18:04	[mpileup] 1 samples in 1 input files
11:18:57	Got the following sample list: 
11:18:57	GD3_ferret1_day5_rep2
11:18:57	Only SNPs will be reported
11:18:57	Warning: No p-value threshold provided, so p-values will not be calculated
11:18:57	Min coverage:	100
11:18:57	Min reads2:	2
11:18:57	Min var freq:	0.01
11:18:57	Min avg qual:	30
11:18:57	P-value thresh:	0.01
11:18:57	Reading input from GD3_ferret1_day5_rep2.mpileup
11:19:27	13115 bases in pileup file
11:19:27	114 variant positions (110 SNP, 4 indel)
11:19:27	0 were failed by the strand-filter
11:19:27	110 variant positions reported (110 SNP, 0 indel)
['GD3_ferret1_day5_averaged.vcf']-----------

Combined all vcf files into master vcf file all_snps.vcf
-----------
***********
***********
Annotating SNPs
***********
Performing population analysis with SNPGenie
A_GUANGDONG_17SF003_2016_PA
-----------
A_GUANGDONG_17SF003_2016_PB1
-----------
A_GUANGDONG_17SF003_2016_H7
-----------
A_GUANGDONG_17SF003_2016_PB2
-----------
A_GUANGDONG_17SF003_2016_NP
-----------
A_GUANGDONG_17SF003_2016_N9
-----------
A_GUANGDONG_17SF003_2016_MP
-----------
A_GUANGDONG_17SF003_2016_NS
-----------
***********
Getting Population Statistics
-----------
11:19:30	
11:19:30	output_folder is /segmentdir
11:19:31	...A_GUANGDONG_17SF003_2016_PB2.fastaA_GUANGDONG_17SF003_2016_PB2.gtfA_GUANGDONG_17SF003_2016_PB2.vcfcodon_results.txtpopulation_summary.txtproduct_results.txtsite_results.txtsnpgenie.plSNPGenie_LOG.txtSNPGenie_parameters.txt
11:19:31	vcf does not exist at /segmentdir
11:19:31	
11:19:31	################################################################################
11:19:31	##                                                                            ##
11:19:31	##                             SNPGenie Initiated!                            ##
11:19:31	##                                                                            ##
11:19:31	################################################################################
11:19:31	
11:19:31	  ###############################  LICENSE:  #################################
11:19:31	  ##            SNPGenie Copyright (C) 2015-18 Chase W. Nelson              ##
11:19:31	  ##            This program comes with ABSOLUTELY NO WARRANTY;             ##
11:19:31	  ##     This is free software, and you are welcome to redistribute it      ##
11:19:31	  ##               under certain conditions; see LICENSE.txt.               ##
11:19:31	  ############################################################################
11:19:31	
11:19:31	Your MIN. MINOR ALLELE FREQ. is 0.01. All variants falling below this frequency will be ignored.
11:19:31	
11:19:31	output_folder is /segmentdir
11:19:31	
11:19:31	Reading in FASTA file... COMPLETED.
11:19:31	Creating temp_vcf4_GD3_ferret1_day5.vcf...
11:19:31	
11:19:31	
11:19:31	###########################  CURRENTLY PROCESSING:   ###########################
11:19:31	temp_vcf4_GD3_ferret1_day5.vcf... VCF format detected
11:19:31	
11:19:31	Converting temp_vcf4_GD3_ferret1_day5.vcf to SNPGenie format...
11:19:31	
11:19:31	In file temp_vcf4_GD3_ferret1_day5.vcf, the newline type is: Unix (LF, \n)
11:19:31	
11:19:31	Calculating and storing protein-coding genome and variant data (that dogma stuff)... COMPLETED.
11:19:31	
11:19:31	Ligating gene segments (computationally, of course!)... COMPLETED.
11:19:31	
11:19:31	Calculating and storing non-protein-coding genome and variant data ("junk" gets a bad rap!)... COMPLETED.
11:19:31	
11:19:31	Processing all individual sites (nucleotides take time and memory; use a high-memory machine for eukaryotic chromosomes!)... COMPLETED.
11:19:31	
11:19:31	Processing population genetic estimates codon-by-codon (beware stochasticity!)... 
11:19:31	output_folder is /segmentdir
11:19:42	COMPLETED.
11:19:42	
11:19:42	Performing final calculations, noncoding overlap analysis, and output... temp_vcf4_GD3_ferret1_day5.vcf COMPLETED.
11:19:42	
11:19:42	output_folder is /segmentdir
11:19:42	
11:19:42	################################################################################
11:19:42	##                      SNPGenie completed successfully.                      ##
11:19:42	##             Please find results in the /segmentdir folder.            ##
11:19:42	################################################################################
11:19:42	
11:19:42	
-----------
11:19:30	
11:19:30	output_folder is /segmentdir
11:19:30	...A_GUANGDONG_17SF003_2016_PB1.fastaA_GUANGDONG_17SF003_2016_PB1.gtfA_GUANGDONG_17SF003_2016_PB1.vcfcodon_results.txtpopulation_summary.txtproduct_results.txtsite_results.txtsnpgenie.plSNPGenie_LOG.txtSNPGenie_parameters.txt
11:19:30	vcf does not exist at /segmentdir
11:19:30	
11:19:30	################################################################################
11:19:30	##                                                                            ##
11:19:30	##                             SNPGenie Initiated!                            ##
11:19:30	##                                                                            ##
11:19:30	################################################################################
11:19:30	
11:19:30	  ###############################  LICENSE:  #################################
11:19:30	  ##            SNPGenie Copyright (C) 2015-18 Chase W. Nelson              ##
11:19:30	  ##            This program comes with ABSOLUTELY NO WARRANTY;             ##
11:19:30	  ##     This is free software, and you are welcome to redistribute it      ##
11:19:30	  ##               under certain conditions; see LICENSE.txt.               ##
11:19:30	  ############################################################################
11:19:30	
11:19:30	Your MIN. MINOR ALLELE FREQ. is 0.01. All variants falling below this frequency will be ignored.
11:19:30	
11:19:30	output_folder is /segmentdir
11:19:30	
11:19:30	Reading in FASTA file... COMPLETED.
11:19:30	Creating temp_vcf4_GD3_ferret1_day5.vcf...
11:19:30	
11:19:30	
11:19:30	###########################  CURRENTLY PROCESSING:   ###########################
11:19:30	temp_vcf4_GD3_ferret1_day5.vcf... VCF format detected
11:19:30	
11:19:30	Converting temp_vcf4_GD3_ferret1_day5.vcf to SNPGenie format...
11:19:30	
11:19:30	In file temp_vcf4_GD3_ferret1_day5.vcf, the newline type is: Unix (LF, \n)
11:19:30	
11:19:30	Calculating and storing protein-coding genome and variant data (that dogma stuff)... COMPLETED.
11:19:30	
11:19:30	Ligating gene segments (computationally, of course!)... COMPLETED.
11:19:30	
11:19:30	Calculating and storing non-protein-coding genome and variant data ("junk" gets a bad rap!)... COMPLETED.
11:19:30	
11:19:30	Processing all individual sites (nucleotides take time and memory; use a high-memory machine for eukaryotic chromosomes!)... COMPLETED.
11:19:30	
11:19:30	Processing population genetic estimates codon-by-codon (beware stochasticity!)... 
11:19:30	output_folder is /segmentdir
11:19:42	COMPLETED.
11:19:42	
11:19:42	Performing final calculations, noncoding overlap analysis, and output... temp_vcf4_GD3_ferret1_day5.vcf COMPLETED.
11:19:42	
11:19:42	output_folder is /segmentdir
11:19:42	
11:19:42	################################################################################
11:19:42	##                      SNPGenie completed successfully.                      ##
11:19:42	##             Please find results in the /segmentdir folder.            ##
11:19:42	################################################################################
11:19:42	
11:19:42	
-----------
11:19:30	
11:19:30	output_folder is /segmentdir
11:19:30	...A_GUANGDONG_17SF003_2016_PA.fastaA_GUANGDONG_17SF003_2016_PA.gtfA_GUANGDONG_17SF003_2016_PA.vcfcodon_results.txtpopulation_summary.txtproduct_results.txtsite_results.txtsnpgenie.plSNPGenie_LOG.txtSNPGenie_parameters.txt
11:19:30	vcf does not exist at /segmentdir
11:19:30	
11:19:30	################################################################################
11:19:30	##                                                                            ##
11:19:30	##                             SNPGenie Initiated!                            ##
11:19:30	##                                                                            ##
11:19:30	################################################################################
11:19:30	
11:19:30	  ###############################  LICENSE:  #################################
11:19:30	  ##            SNPGenie Copyright (C) 2015-18 Chase W. Nelson              ##
11:19:30	  ##            This program comes with ABSOLUTELY NO WARRANTY;             ##
11:19:30	  ##     This is free software, and you are welcome to redistribute it      ##
11:19:30	  ##               under certain conditions; see LICENSE.txt.               ##
11:19:30	  ############################################################################
11:19:30	
11:19:30	Your MIN. MINOR ALLELE FREQ. is 0.01. All variants falling below this frequency will be ignored.
11:19:30	
11:19:30	output_folder is /segmentdir
11:19:30	
11:19:30	Reading in FASTA file... COMPLETED.
11:19:30	Creating temp_vcf4_GD3_ferret1_day5.vcf...
11:19:30	
11:19:30	
11:19:30	###########################  CURRENTLY PROCESSING:   ###########################
11:19:30	temp_vcf4_GD3_ferret1_day5.vcf... VCF format detected
11:19:30	
11:19:30	Converting temp_vcf4_GD3_ferret1_day5.vcf to SNPGenie format...
11:19:30	
11:19:30	In file temp_vcf4_GD3_ferret1_day5.vcf, the newline type is: Unix (LF, \n)
11:19:30	
11:19:30	Calculating and storing protein-coding genome and variant data (that dogma stuff)... COMPLETED.
11:19:30	
11:19:30	Ligating gene segments (computationally, of course!)... COMPLETED.
11:19:30	
11:19:30	Calculating and storing non-protein-coding genome and variant data ("junk" gets a bad rap!)... COMPLETED.
11:19:30	
11:19:30	Processing all individual sites (nucleotides take time and memory; use a high-memory machine for eukaryotic chromosomes!)... COMPLETED.
11:19:30	
11:19:30	Processing population genetic estimates codon-by-codon (beware stochasticity!)... 
11:19:30	output_folder is /segmentdir
11:19:41	COMPLETED.
11:19:41	
11:19:41	Performing final calculations, noncoding overlap analysis, and output... temp_vcf4_GD3_ferret1_day5.vcf COMPLETED.
11:19:41	
11:19:41	output_folder is /segmentdir
11:19:41	
11:19:41	################################################################################
11:19:41	##                      SNPGenie completed successfully.                      ##
11:19:41	##             Please find results in the /segmentdir folder.            ##
11:19:41	################################################################################
11:19:41	
11:19:41	
-----------
11:19:30	
11:19:30	output_folder is /segmentdir
11:19:30	...A_GUANGDONG_17SF003_2016_H7.fastaA_GUANGDONG_17SF003_2016_H7.gtfA_GUANGDONG_17SF003_2016_H7.vcfcodon_results.txtpopulation_summary.txtproduct_results.txtsite_results.txtsnpgenie.plSNPGenie_LOG.txtSNPGenie_parameters.txt
11:19:30	vcf does not exist at /segmentdir
11:19:30	
11:19:30	################################################################################
11:19:30	##                                                                            ##
11:19:30	##                             SNPGenie Initiated!                            ##
11:19:30	##                                                                            ##
11:19:30	################################################################################
11:19:30	
11:19:30	  ###############################  LICENSE:  #################################
11:19:30	  ##            SNPGenie Copyright (C) 2015-18 Chase W. Nelson              ##
11:19:30	  ##            This program comes with ABSOLUTELY NO WARRANTY;             ##
11:19:30	  ##     This is free software, and you are welcome to redistribute it      ##
11:19:30	  ##               under certain conditions; see LICENSE.txt.               ##
11:19:30	  ############################################################################
11:19:30	
11:19:30	Your MIN. MINOR ALLELE FREQ. is 0.01. All variants falling below this frequency will be ignored.
11:19:30	
11:19:30	output_folder is /segmentdir
11:19:30	
11:19:30	Reading in FASTA file... COMPLETED.
11:19:30	Creating temp_vcf4_GD3_ferret1_day5.vcf...
11:19:30	
11:19:30	
11:19:30	###########################  CURRENTLY PROCESSING:   ###########################
11:19:30	temp_vcf4_GD3_ferret1_day5.vcf... VCF format detected
11:19:30	
11:19:30	Converting temp_vcf4_GD3_ferret1_day5.vcf to SNPGenie format...
11:19:30	
11:19:30	In file temp_vcf4_GD3_ferret1_day5.vcf, the newline type is: Unix (LF, \n)
11:19:30	
11:19:30	Calculating and storing protein-coding genome and variant data (that dogma stuff)... COMPLETED.
11:19:30	
11:19:30	Ligating gene segments (computationally, of course!)... COMPLETED.
11:19:30	
11:19:30	Calculating and storing non-protein-coding genome and variant data ("junk" gets a bad rap!)... COMPLETED.
11:19:30	
11:19:30	Processing all individual sites (nucleotides take time and memory; use a high-memory machine for eukaryotic chromosomes!)... COMPLETED.
11:19:30	
11:19:30	Processing population genetic estimates codon-by-codon (beware stochasticity!)... 
11:19:30	output_folder is /segmentdir
11:19:39	COMPLETED.
11:19:39	
11:19:39	Performing final calculations, noncoding overlap analysis, and output... temp_vcf4_GD3_ferret1_day5.vcf COMPLETED.
11:19:39	
11:19:39	output_folder is /segmentdir
11:19:39	
11:19:39	################################################################################
11:19:39	##                      SNPGenie completed successfully.                      ##
11:19:39	##             Please find results in the /segmentdir folder.            ##
11:19:39	################################################################################
11:19:39	
11:19:39	
-----------
11:19:41	
11:19:41	output_folder is /segmentdir
11:19:41	...A_GUANGDONG_17SF003_2016_NP.fastaA_GUANGDONG_17SF003_2016_NP.gtfA_GUANGDONG_17SF003_2016_NP.vcfcodon_results.txtpopulation_summary.txtproduct_results.txtsite_results.txtsnpgenie.plSNPGenie_LOG.txtSNPGenie_parameters.txt
11:19:41	vcf does not exist at /segmentdir
11:19:41	
11:19:41	################################################################################
11:19:41	##                                                                            ##
11:19:41	##                             SNPGenie Initiated!                            ##
11:19:41	##                                                                            ##
11:19:41	################################################################################
11:19:41	
11:19:41	  ###############################  LICENSE:  #################################
11:19:41	  ##            SNPGenie Copyright (C) 2015-18 Chase W. Nelson              ##
11:19:41	  ##            This program comes with ABSOLUTELY NO WARRANTY;             ##
11:19:41	  ##     This is free software, and you are welcome to redistribute it      ##
11:19:41	  ##               under certain conditions; see LICENSE.txt.               ##
11:19:41	  ############################################################################
11:19:41	
11:19:41	Your MIN. MINOR ALLELE FREQ. is 0.01. All variants falling below this frequency will be ignored.
11:19:41	
11:19:41	output_folder is /segmentdir
11:19:41	
11:19:41	Reading in FASTA file... COMPLETED.
11:19:41	Creating temp_vcf4_GD3_ferret1_day5.vcf...
11:19:41	
11:19:41	
11:19:41	###########################  CURRENTLY PROCESSING:   ###########################
11:19:41	temp_vcf4_GD3_ferret1_day5.vcf... VCF format detected
11:19:41	
11:19:41	Converting temp_vcf4_GD3_ferret1_day5.vcf to SNPGenie format...
11:19:41	
11:19:41	In file temp_vcf4_GD3_ferret1_day5.vcf, the newline type is: Unix (LF, \n)
11:19:41	
11:19:41	Calculating and storing protein-coding genome and variant data (that dogma stuff)... COMPLETED.
11:19:41	
11:19:41	Ligating gene segments (computationally, of course!)... COMPLETED.
11:19:41	
11:19:41	Calculating and storing non-protein-coding genome and variant data ("junk" gets a bad rap!)... COMPLETED.
11:19:41	
11:19:41	Processing all individual sites (nucleotides take time and memory; use a high-memory machine for eukaryotic chromosomes!)... COMPLETED.
11:19:41	
11:19:41	Processing population genetic estimates codon-by-codon (beware stochasticity!)... 
11:19:41	output_folder is /segmentdir
11:19:50	COMPLETED.
11:19:50	
11:19:50	Performing final calculations, noncoding overlap analysis, and output... temp_vcf4_GD3_ferret1_day5.vcf COMPLETED.
11:19:50	
11:19:50	output_folder is /segmentdir
11:19:50	
11:19:50	################################################################################
11:19:50	##                      SNPGenie completed successfully.                      ##
11:19:50	##             Please find results in the /segmentdir folder.            ##
11:19:50	################################################################################
11:19:50	
11:19:50	
-----------
11:19:43	
11:19:43	output_folder is /segmentdir
11:19:43	...A_GUANGDONG_17SF003_2016_N9.fastaA_GUANGDONG_17SF003_2016_N9.gtfA_GUANGDONG_17SF003_2016_N9.vcfcodon_results.txtpopulation_summary.txtproduct_results.txtsite_results.txtsnpgenie.plSNPGenie_LOG.txtSNPGenie_parameters.txt
11:19:43	vcf does not exist at /segmentdir
11:19:43	
11:19:43	################################################################################
11:19:43	##                                                                            ##
11:19:43	##                             SNPGenie Initiated!                            ##
11:19:43	##                                                                            ##
11:19:43	################################################################################
11:19:43	
11:19:43	  ###############################  LICENSE:  #################################
11:19:43	  ##            SNPGenie Copyright (C) 2015-18 Chase W. Nelson              ##
11:19:43	  ##            This program comes with ABSOLUTELY NO WARRANTY;             ##
11:19:43	  ##     This is free software, and you are welcome to redistribute it      ##
11:19:43	  ##               under certain conditions; see LICENSE.txt.               ##
11:19:43	  ############################################################################
11:19:43	
11:19:43	Your MIN. MINOR ALLELE FREQ. is 0.01. All variants falling below this frequency will be ignored.
11:19:43	
11:19:43	output_folder is /segmentdir
11:19:43	
11:19:43	Reading in FASTA file... COMPLETED.
11:19:43	Creating temp_vcf4_GD3_ferret1_day5.vcf...
11:19:43	
11:19:43	
11:19:43	###########################  CURRENTLY PROCESSING:   ###########################
11:19:43	temp_vcf4_GD3_ferret1_day5.vcf... VCF format detected
11:19:43	
11:19:43	Converting temp_vcf4_GD3_ferret1_day5.vcf to SNPGenie format...
11:19:43	
11:19:43	In file temp_vcf4_GD3_ferret1_day5.vcf, the newline type is: Unix (LF, \n)
11:19:43	
11:19:43	Calculating and storing protein-coding genome and variant data (that dogma stuff)... COMPLETED.
11:19:43	
11:19:43	Ligating gene segments (computationally, of course!)... COMPLETED.
11:19:43	
11:19:43	Calculating and storing non-protein-coding genome and variant data ("junk" gets a bad rap!)... 
11:19:43	## Variant 'A' excluded from analysis because it falls below the
11:19:43	## minimum minor allele frequency at:
11:19:43	## temp_vcf4_GD3_ferret1_day5.vcf|866
11:19:43	
11:19:43	## Variant 'G' excluded from analysis because it falls below the
11:19:43	## minimum minor allele frequency at:
11:19:43	## temp_vcf4_GD3_ferret1_day5.vcf|903
11:19:43	
11:19:43	## Variant 'G' excluded from analysis because it falls below the
11:19:43	## minimum minor allele frequency at:
11:19:43	## temp_vcf4_GD3_ferret1_day5.vcf|916
11:19:43	
11:19:43	## In temp_vcf4_GD3_ferret1_day5.vcf|N/A
11:19:43	## A total of 3 variants have been excluded because they
11:19:43	## fall below the minimum minor allele frequency.
11:19:43	COMPLETED.
11:19:43	
11:19:43	Processing all individual sites (nucleotides take time and memory; use a high-memory machine for eukaryotic chromosomes!)... COMPLETED.
11:19:43	
11:19:43	Processing population genetic estimates codon-by-codon (beware stochasticity!)... 
11:19:43	## Variant 'A' excluded from analysis because it falls below the
11:19:43	## minimum minor allele frequency at:
11:19:43	## temp_vcf4_GD3_ferret1_day5.vcf|NA|866
11:19:43	
11:19:43	## Variant 'G' excluded from analysis because it falls below the
11:19:43	## minimum minor allele frequency at:
11:19:43	## temp_vcf4_GD3_ferret1_day5.vcf|NA|903
11:19:43	
11:19:43	## Variant 'G' excluded from analysis because it falls below the
11:19:43	## minimum minor allele frequency at:
11:19:43	## temp_vcf4_GD3_ferret1_day5.vcf|NA|916
11:19:43	
11:19:43	## In temp_vcf4_GD3_ferret1_day5.vcf|NA|N/A
11:19:43	## A total of 3 variants have been excluded because they
11:19:43	## fall below the minimum minor allele frequency.
11:19:43	
11:19:43	output_folder is /segmentdir
11:19:51	COMPLETED.
11:19:51	
11:19:51	Performing final calculations, noncoding overlap analysis, and output... temp_vcf4_GD3_ferret1_day5.vcf COMPLETED.
11:19:51	
11:19:51	output_folder is /segmentdir
11:19:51	
11:19:51	################################################################################
11:19:51	##                      SNPGenie completed successfully.                      ##
11:19:51	##             Please find results in the /segmentdir folder.            ##
11:19:51	################################################################################
11:19:51	
11:19:51	
-----------
11:19:44	
11:19:44	output_folder is /segmentdir
11:19:44	...A_GUANGDONG_17SF003_2016_MP.fastaA_GUANGDONG_17SF003_2016_MP.gtfA_GUANGDONG_17SF003_2016_MP.vcfcodon_results.txtpopulation_summary.txtproduct_results.txtsite_results.txtsnpgenie.plSNPGenie_LOG.txtSNPGenie_parameters.txt
11:19:44	vcf does not exist at /segmentdir
11:19:44	
11:19:44	################################################################################
11:19:44	##                                                                            ##
11:19:44	##                             SNPGenie Initiated!                            ##
11:19:44	##                                                                            ##
11:19:44	################################################################################
11:19:44	
11:19:44	  ###############################  LICENSE:  #################################
11:19:44	  ##            SNPGenie Copyright (C) 2015-18 Chase W. Nelson              ##
11:19:44	  ##            This program comes with ABSOLUTELY NO WARRANTY;             ##
11:19:44	  ##     This is free software, and you are welcome to redistribute it      ##
11:19:44	  ##               under certain conditions; see LICENSE.txt.               ##
11:19:44	  ############################################################################
11:19:44	
11:19:44	Your MIN. MINOR ALLELE FREQ. is 0.01. All variants falling below this frequency will be ignored.
11:19:44	
11:19:44	output_folder is /segmentdir
11:19:44	
11:19:44	Reading in FASTA file... COMPLETED.
11:19:44	Creating temp_vcf4_GD3_ferret1_day5.vcf...
11:19:44	
11:19:44	
11:19:44	###########################  CURRENTLY PROCESSING:   ###########################
11:19:44	temp_vcf4_GD3_ferret1_day5.vcf... VCF format detected
11:19:44	
11:19:44	Converting temp_vcf4_GD3_ferret1_day5.vcf to SNPGenie format...
11:19:44	
11:19:44	In file temp_vcf4_GD3_ferret1_day5.vcf, the newline type is: Unix (LF, \n)
11:19:45	
11:19:45	Calculating and storing protein-coding genome and variant data (that dogma stuff)... COMPLETED.
11:19:45	
11:19:45	Ligating gene segments (computationally, of course!)... COMPLETED.
11:19:45	
11:19:45	Calculating and storing non-protein-coding genome and variant data ("junk" gets a bad rap!)... COMPLETED.
11:19:45	
11:19:45	Processing all individual sites (nucleotides take time and memory; use a high-memory machine for eukaryotic chromosomes!)... COMPLETED.
11:19:45	
11:19:45	Processing population genetic estimates codon-by-codon (beware stochasticity!)... 
11:19:45	output_folder is /segmentdir
11:19:49	
11:19:49	output_folder is /segmentdir
11:19:50	COMPLETED.
11:19:50	
11:19:50	Performing final calculations, noncoding overlap analysis, and output... temp_vcf4_GD3_ferret1_day5.vcf COMPLETED.
11:19:50	
11:19:50	output_folder is /segmentdir
11:19:50	
11:19:50	################################################################################
11:19:50	##                      SNPGenie completed successfully.                      ##
11:19:50	##             Please find results in the /segmentdir folder.            ##
11:19:50	################################################################################
11:19:50	
11:19:50	
-----------
11:19:45	
11:19:45	output_folder is /segmentdir
11:19:45	...A_GUANGDONG_17SF003_2016_NS.fastaA_GUANGDONG_17SF003_2016_NS.gtfA_GUANGDONG_17SF003_2016_NS.vcfcodon_results.txtpopulation_summary.txtproduct_results.txtsite_results.txtsnpgenie.plSNPGenie_LOG.txtSNPGenie_parameters.txt
11:19:45	vcf exists!
11:19:45	
11:19:45	
11:19:45	################################################################################
11:19:45	##                                                                            ##
11:19:45	##                             SNPGenie Initiated!                            ##
11:19:45	##                                                                            ##
11:19:45	################################################################################
11:19:45	
11:19:45	  ###############################  LICENSE:  #################################
11:19:45	  ##            SNPGenie Copyright (C) 2015-18 Chase W. Nelson              ##
11:19:45	  ##            This program comes with ABSOLUTELY NO WARRANTY;             ##
11:19:45	  ##     This is free software, and you are welcome to redistribute it      ##
11:19:45	  ##               under certain conditions; see LICENSE.txt.               ##
11:19:45	  ############################################################################
11:19:45	
11:19:45	Your MIN. MINOR ALLELE FREQ. is 0.01. All variants falling below this frequency will be ignored.
11:19:45	
11:19:45	output_folder is /segmentdir
11:19:45	
11:19:45	Reading in FASTA file... COMPLETED.
11:19:45	Creating temp_vcf4_GD3_ferret1_day5.vcf...
11:19:45	
11:19:45	
11:19:45	###########################  CURRENTLY PROCESSING:   ###########################
11:19:45	temp_vcf4_GD3_ferret1_day5.vcf... VCF format detected
11:19:45	
11:19:45	Converting temp_vcf4_GD3_ferret1_day5.vcf to SNPGenie format...
11:19:45	
11:19:45	In file temp_vcf4_GD3_ferret1_day5.vcf, the newline type is: Unix (LF, \n)
11:19:45	
11:19:45	Calculating and storing protein-coding genome and variant data (that dogma stuff)... COMPLETED.
11:19:45	
11:19:45	Ligating gene segments (computationally, of course!)... COMPLETED.
11:19:45	
11:19:45	Calculating and storing non-protein-coding genome and variant data ("junk" gets a bad rap!)... COMPLETED.
11:19:45	
11:19:45	Processing all individual sites (nucleotides take time and memory; use a high-memory machine for eukaryotic chromosomes!)... COMPLETED.
11:19:45	
11:19:45	Processing population genetic estimates codon-by-codon (beware stochasticity!)... 
11:19:45	output_folder is /segmentdir
11:19:47	
11:19:47	output_folder is /segmentdir
11:19:51	COMPLETED.
11:19:51	
11:19:51	Performing final calculations, noncoding overlap analysis, and output... temp_vcf4_GD3_ferret1_day5.vcf COMPLETED.
11:19:51	
11:19:51	output_folder is /segmentdir
11:19:51	
11:19:51	################################################################################
11:19:51	##                      SNPGenie completed successfully.                      ##
11:19:51	##             Please find results in the /segmentdir folder.            ##
11:19:51	################################################################################
11:19:51	
11:19:51	
***********
***********
Sniffles: Finished with a total runtime of 0:43:50.230000.
