566669 reads; of these:
  566669 (100.00%) were paired; of these:
    26479 (4.67%) aligned concordantly 0 times
    539817 (95.26%) aligned concordantly exactly 1 time
    373 (0.07%) aligned concordantly >1 times
    ----
    26479 pairs aligned concordantly 0 times; of these:
      24789 (93.62%) aligned discordantly 1 time
    ----
    1690 pairs aligned 0 times concordantly or discordantly; of these:
      3380 mates make up the pairs; of these:
        3342 (98.88%) aligned 0 times
        27 (0.80%) aligned exactly 1 time
        11 (0.33%) aligned >1 times
99.71% overall alignment rate
200000 reads; of these:
  200000 (100.00%) were paired; of these:
    177435 (88.72%) aligned concordantly 0 times
    22559 (11.28%) aligned concordantly exactly 1 time
    6 (0.00%) aligned concordantly >1 times
    ----
    177435 pairs aligned concordantly 0 times; of these:
      174308 (98.24%) aligned discordantly 1 time
    ----
    3127 pairs aligned 0 times concordantly or discordantly; of these:
      6254 mates make up the pairs; of these:
        2868 (45.86%) aligned 0 times
        3127 (50.00%) aligned exactly 1 time
        259 (4.14%) aligned >1 times
99.28% overall alignment rate
