609370 reads; of these:
  609370 (100.00%) were paired; of these:
    29157 (4.78%) aligned concordantly 0 times
    578539 (94.94%) aligned concordantly exactly 1 time
    1674 (0.27%) aligned concordantly >1 times
    ----
    29157 pairs aligned concordantly 0 times; of these:
      29004 (99.48%) aligned discordantly 1 time
    ----
    153 pairs aligned 0 times concordantly or discordantly; of these:
      306 mates make up the pairs; of these:
        192 (62.75%) aligned 0 times
        69 (22.55%) aligned exactly 1 time
        45 (14.71%) aligned >1 times
99.98% overall alignment rate
200000 reads; of these:
  200000 (100.00%) were paired; of these:
    177237 (88.62%) aligned concordantly 0 times
    22735 (11.37%) aligned concordantly exactly 1 time
    28 (0.01%) aligned concordantly >1 times
    ----
    177237 pairs aligned concordantly 0 times; of these:
      174055 (98.20%) aligned discordantly 1 time
    ----
    3182 pairs aligned 0 times concordantly or discordantly; of these:
      6364 mates make up the pairs; of these:
        2077 (32.64%) aligned 0 times
        3179 (49.95%) aligned exactly 1 time
        1108 (17.41%) aligned >1 times
99.48% overall alignment rate
