367479 reads; of these:
  367479 (100.00%) were paired; of these:
    50267 (13.68%) aligned concordantly 0 times
    316979 (86.26%) aligned concordantly exactly 1 time
    233 (0.06%) aligned concordantly >1 times
    ----
    50267 pairs aligned concordantly 0 times; of these:
      50077 (99.62%) aligned discordantly 1 time
    ----
    190 pairs aligned 0 times concordantly or discordantly; of these:
      380 mates make up the pairs; of these:
        293 (77.11%) aligned 0 times
        53 (13.95%) aligned exactly 1 time
        34 (8.95%) aligned >1 times
99.96% overall alignment rate
200000 reads; of these:
  200000 (100.00%) were paired; of these:
    181450 (90.72%) aligned concordantly 0 times
    18537 (9.27%) aligned concordantly exactly 1 time
    13 (0.01%) aligned concordantly >1 times
    ----
    181450 pairs aligned concordantly 0 times; of these:
      178308 (98.27%) aligned discordantly 1 time
    ----
    3142 pairs aligned 0 times concordantly or discordantly; of these:
      6284 mates make up the pairs; of these:
        2902 (46.18%) aligned 0 times
        3142 (50.00%) aligned exactly 1 time
        240 (3.82%) aligned >1 times
99.27% overall alignment rate
